#
# There is insufficient memory for the Java Runtime Environment to continue.
# Native memory allocation (malloc) failed to allocate 884576 bytes for Chunk::new
# Possible reasons:
#   The system is out of physical RAM or swap space
#   The process is running with CompressedOops enabled, and the Java Heap may be blocking the growth of the native heap
# Possible solutions:
#   Reduce memory load on the system
#   Increase physical memory or swap space
#   Check if swap backing store is full
#   Decrease Java heap size (-Xmx/-Xms)
#   Decrease number of Java threads
#   Decrease Java thread stack sizes (-Xss)
#   Set larger code cache with -XX:ReservedCodeCacheSize=
#   JVM is running with Unscaled Compressed Oops mode in which the Java heap is
#     placed in the first 4GB address space. The Java Heap base address is the
#     maximum limit for the native heap growth. Please use -XX:HeapBaseMinAddress
#     to set the Java Heap base and to place the Java Heap above 4GB virtual address.
# This output file may be truncated or incomplete.
#
#  Out of Memory Error (arena.cpp:168), pid=15024, tid=14112
#
# JRE version: Java(TM) SE Runtime Environment (21.0.1+12) (build 21.0.1+12-LTS-29)
# Java VM: Java HotSpot(TM) 64-Bit Server VM (21.0.1+12-LTS-29, mixed mode, sharing, tiered, compressed oops, compressed class ptrs, g1 gc, windows-amd64)
# No core dump will be written. Minidumps are not enabled by default on client versions of Windows
#

---------------  S U M M A R Y ------------

Command Line: -Dfile.encoding=UTF-8 --module-path=C:\Users\asus\Documents\NetBeansProjects\Billing Management System\build\classes login

Host: Intel(R) Core(TM) i5-8265U CPU @ 1.60GHz, 8 cores, 7G,  Windows 10 , 64 bit Build 19041 (10.0.19041.3636)
Time: Fri Feb  9 18:38:01 2024 Bangladesh Standard Time elapsed time: 38.720918 seconds (0d 0h 0m 38s)

---------------  T H R E A D  ---------------

Current thread (0x000002abf5ce9980):  JavaThread "C2 CompilerThread0" daemon [_thread_in_native, id=14112, stack(0x000000dbad600000,0x000000dbad700000) (1024K)]


Current CompileTask:
C2:  38720 2450   !   4       sun.java2d.SunGraphics2D::drawImage (150 bytes)

Stack: [0x000000dbad600000,0x000000dbad700000]
Native frames: (J=compiled Java code, j=interpreted, Vv=VM code, C=native code)
V  [jvm.dll+0x6c9029]
V  [jvm.dll+0x854b81]
V  [jvm.dll+0x856e5e]
V  [jvm.dll+0x857543]
V  [jvm.dll+0x280c06]
V  [jvm.dll+0xc3ead]
V  [jvm.dll+0xc43c3]
V  [jvm.dll+0x2f3f3f]
V  [jvm.dll+0x5f40a6]
V  [jvm.dll+0x252bef]
V  [jvm.dll+0x24b4d0]
V  [jvm.dll+0x248fa3]
V  [jvm.dll+0x1c9ca1]
V  [jvm.dll+0x2586b9]
V  [jvm.dll+0x256c9a]
V  [jvm.dll+0x3ef1b6]
V  [jvm.dll+0x7fd728]
V  [jvm.dll+0x6c777d]
C  [ucrtbase.dll+0x21bb2]
C  [KERNEL32.DLL+0x17344]
C  [ntdll.dll+0x526b1]


---------------  P R O C E S S  ---------------

Threads class SMR info:
_java_thread_list=0x000002abfb39e0a0, length=16, elements={
0x000002abf5cd7ca0, 0x000002abf5cd9910, 0x000002abf5cdcc20, 0x000002abf5cde690,
0x000002abf5cdfea0, 0x000002abf5ce0900, 0x000002abf5ce9980, 0x000002abf5cefea0,
0x000002abfa0db700, 0x000002abfa182140, 0x000002abfa2eaf80, 0x000002abfa2eec50,
0x000002abfa2fa110, 0x000002abfae1eaf0, 0x000002abd71fd510, 0x000002abfb2bd580
}

Java Threads: ( => current thread )
  0x000002abf5cd7ca0 JavaThread "Reference Handler"          daemon [_thread_blocked, id=16824, stack(0x000000dbad000000,0x000000dbad100000) (1024K)]
  0x000002abf5cd9910 JavaThread "Finalizer"                  daemon [_thread_blocked, id=6620, stack(0x000000dbad100000,0x000000dbad200000) (1024K)]
  0x000002abf5cdcc20 JavaThread "Signal Dispatcher"          daemon [_thread_blocked, id=10644, stack(0x000000dbad200000,0x000000dbad300000) (1024K)]
  0x000002abf5cde690 JavaThread "Attach Listener"            daemon [_thread_blocked, id=7056, stack(0x000000dbad300000,0x000000dbad400000) (1024K)]
  0x000002abf5cdfea0 JavaThread "Service Thread"             daemon [_thread_blocked, id=13388, stack(0x000000dbad400000,0x000000dbad500000) (1024K)]
  0x000002abf5ce0900 JavaThread "Monitor Deflation Thread"   daemon [_thread_blocked, id=16104, stack(0x000000dbad500000,0x000000dbad600000) (1024K)]
=>0x000002abf5ce9980 JavaThread "C2 CompilerThread0"         daemon [_thread_in_native, id=14112, stack(0x000000dbad600000,0x000000dbad700000) (1024K)]
  0x000002abf5cefea0 JavaThread "C1 CompilerThread0"         daemon [_thread_in_native, id=15548, stack(0x000000dbad700000,0x000000dbad800000) (1024K)]
  0x000002abfa0db700 JavaThread "Common-Cleaner"             daemon [_thread_blocked, id=14520, stack(0x000000dbad800000,0x000000dbad900000) (1024K)]
  0x000002abfa182140 JavaThread "Notification Thread"        daemon [_thread_blocked, id=18224, stack(0x000000dbad900000,0x000000dbada00000) (1024K)]
  0x000002abfa2eaf80 JavaThread "Java2D Disposer"            daemon [_thread_blocked, id=7188, stack(0x000000dbada00000,0x000000dbadb00000) (1024K)]
  0x000002abfa2eec50 JavaThread "AWT-Shutdown"                      [_thread_blocked, id=18128, stack(0x000000dbadb00000,0x000000dbadc00000) (1024K)]
  0x000002abfa2fa110 JavaThread "AWT-Windows"                daemon [_thread_in_native, id=9796, stack(0x000000dbadc00000,0x000000dbadd00000) (1024K)]
  0x000002abfae1eaf0 JavaThread "AWT-EventQueue-0"                  [_thread_in_native, id=11504, stack(0x000000dbadd00000,0x000000dbade00000) (1024K)]
  0x000002abd71fd510 JavaThread "DestroyJavaVM"                     [_thread_blocked, id=11672, stack(0x000000dbac800000,0x000000dbac900000) (1024K)]
  0x000002abfb2bd580 JavaThread "TimerQueue"                 daemon [_thread_blocked, id=12184, stack(0x000000dbade00000,0x000000dbadf00000) (1024K)]
Total: 16

Other Threads:
  0x000002abf5cb9d80 VMThread "VM Thread"                           [id=14232, stack(0x000000dbacf00000,0x000000dbad000000) (1024K)]
  0x000002abf5ca1ce0 WatcherThread "VM Periodic Task Thread"        [id=17476, stack(0x000000dbace00000,0x000000dbacf00000) (1024K)]
  0x000002abd7431d50 WorkerThread "GC Thread#0"                     [id=536, stack(0x000000dbac900000,0x000000dbaca00000) (1024K)]
  0x000002abfb3047a0 WorkerThread "GC Thread#1"                     [id=2264, stack(0x000000dbae000000,0x000000dbae100000) (1024K)]
  0x000002abfb304b40 WorkerThread "GC Thread#2"                     [id=7872, stack(0x000000dbae400000,0x000000dbae500000) (1024K)]
  0x000002abfb306ef0 WorkerThread "GC Thread#3"                     [id=7080, stack(0x000000dbae500000,0x000000dbae600000) (1024K)]
  0x000002abfb307290 WorkerThread "GC Thread#4"                     [id=16048, stack(0x000000dbae600000,0x000000dbae700000) (1024K)]
  0x000002abfb307630 WorkerThread "GC Thread#5"                     [id=14460, stack(0x000000dbae700000,0x000000dbae800000) (1024K)]
  0x000002abfb3a8670 WorkerThread "GC Thread#6"                     [id=16028, stack(0x000000dbae800000,0x000000dbae900000) (1024K)]
  0x000002abfb3a9220 WorkerThread "GC Thread#7"                     [id=17652, stack(0x000000dbae900000,0x000000dbaea00000) (1024K)]
  0x000002abd74438c0 ConcurrentGCThread "G1 Main Marker"            [id=6016, stack(0x000000dbaca00000,0x000000dbacb00000) (1024K)]
  0x000002abd7444570 WorkerThread "G1 Conc#0"                       [id=15424, stack(0x000000dbacb00000,0x000000dbacc00000) (1024K)]
  0x000002abd74ae8d0 ConcurrentGCThread "G1 Refine#0"               [id=17368, stack(0x000000dbacc00000,0x000000dbacd00000) (1024K)]
  0x000002abf5b736d0 ConcurrentGCThread "G1 Service"                [id=14648, stack(0x000000dbacd00000,0x000000dbace00000) (1024K)]
Total: 14

Threads with active compile tasks:
C2 CompilerThread0    38739 2450   !   4       sun.java2d.SunGraphics2D::drawImage (150 bytes)
C1 CompilerThread0    38739 2454       3       javax.swing.plaf.nimbus.NimbusStyle::validate (1151 bytes)
Total: 2

VM state: not at safepoint (normal execution)

VM Mutex/Monitor currently owned by a thread: None

Heap address: 0x0000000082400000, size: 2012 MB, Compressed Oops mode: 32-bit

CDS archive(s) mapped at: [0x000002ab80000000-0x000002ab80c90000-0x000002ab80c90000), size 13172736, SharedBaseAddress: 0x000002ab80000000, ArchiveRelocationMode: 1.
Compressed class space mapped at: 0x000002ab81000000-0x000002abc1000000, reserved size: 1073741824
Narrow klass base: 0x000002ab80000000, Narrow klass shift: 0, Narrow klass range: 0x100000000

GC Precious Log:
 CardTable entry size: 512
 Card Set container configuration: InlinePtr #cards 5 size 8 Array Of Cards #cards 12 size 40 Howl #buckets 4 coarsen threshold 1843 Howl Bitmap #cards 512 size 80 coarsen threshold 460 Card regions per heap region 1 cards per card region 2048
 CPUs: 8 total, 8 available
 Memory: 8043M
 Large Page Support: Disabled
 NUMA Support: Disabled
 Compressed Oops: Enabled (32-bit)
 Heap Region Size: 1M
 Heap Min Capacity: 8M
 Heap Initial Capacity: 126M
 Heap Max Capacity: 2012M
 Pre-touch: Disabled
 Parallel Workers: 8
 Concurrent Workers: 2
 Concurrent Refinement Workers: 8
 Periodic GC: Disabled

Heap:
 garbage-first heap   total 129024K, used 52891K [0x0000000082400000, 0x0000000100000000)
  region size 1024K, 26 young (26624K), 1 survivors (1024K)
 Metaspace       used 11932K, committed 12096K, reserved 1114112K
  class space    used 1271K, committed 1344K, reserved 1048576K

Heap Regions: E=young(eden), S=young(survivor), O=old, HS=humongous(starts), HC=humongous(continues), CS=collection set, F=free, TAMS=top-at-mark-start, PB=parsable bottom
|   0|0x0000000082400000, 0x0000000082500000, 0x0000000082500000|100%|HS|  |TAMS 0x0000000082400000| PB 0x0000000082400000| Complete 
|   1|0x0000000082500000, 0x0000000082600000, 0x0000000082600000|100%|HC|  |TAMS 0x0000000082500000| PB 0x0000000082500000| Complete 
|   2|0x0000000082600000, 0x0000000082700000, 0x0000000082700000|100%|HC|  |TAMS 0x0000000082600000| PB 0x0000000082600000| Complete 
|   3|0x0000000082700000, 0x0000000082800000, 0x0000000082800000|100%|HC|  |TAMS 0x0000000082700000| PB 0x0000000082700000| Complete 
|   4|0x0000000082800000, 0x0000000082900000, 0x0000000082900000|100%|HS|  |TAMS 0x0000000082800000| PB 0x0000000082800000| Complete 
|   5|0x0000000082900000, 0x0000000082a00000, 0x0000000082a00000|100%|HC|  |TAMS 0x0000000082900000| PB 0x0000000082900000| Complete 
|   6|0x0000000082a00000, 0x0000000082b00000, 0x0000000082b00000|100%|HC|  |TAMS 0x0000000082a00000| PB 0x0000000082a00000| Complete 
|   7|0x0000000082b00000, 0x0000000082c00000, 0x0000000082c00000|100%|HC|  |TAMS 0x0000000082b00000| PB 0x0000000082b00000| Complete 
|   8|0x0000000082c00000, 0x0000000082d00000, 0x0000000082d00000|100%|HC|  |TAMS 0x0000000082c00000| PB 0x0000000082c00000| Complete 
|   9|0x0000000082d00000, 0x0000000082e00000, 0x0000000082e00000|100%|HC|  |TAMS 0x0000000082d00000| PB 0x0000000082d00000| Complete 
|  10|0x0000000082e00000, 0x0000000082f00000, 0x0000000082f00000|100%|HC|  |TAMS 0x0000000082e00000| PB 0x0000000082e00000| Complete 
|  11|0x0000000082f00000, 0x0000000083000000, 0x0000000083000000|100%| O|  |TAMS 0x0000000082f00000| PB 0x0000000082f00000| Untracked 
|  12|0x0000000083000000, 0x0000000083100000, 0x0000000083100000|100%| O|  |TAMS 0x0000000083000000| PB 0x0000000083000000| Untracked 
|  13|0x0000000083100000, 0x0000000083200000, 0x0000000083200000|100%| O|  |TAMS 0x0000000083100000| PB 0x0000000083100000| Untracked 
|  14|0x0000000083200000, 0x0000000083300000, 0x0000000083300000|100%| O|  |TAMS 0x0000000083200000| PB 0x0000000083200000| Untracked 
|  15|0x0000000083300000, 0x0000000083316488, 0x0000000083400000|  8%| O|  |TAMS 0x0000000083300000| PB 0x0000000083300000| Untracked 
|  16|0x0000000083400000, 0x0000000083500000, 0x0000000083500000|100%|HS|  |TAMS 0x0000000083400000| PB 0x0000000083400000| Complete 
|  17|0x0000000083500000, 0x0000000083600000, 0x0000000083600000|100%|HC|  |TAMS 0x0000000083500000| PB 0x0000000083500000| Complete 
|  18|0x0000000083600000, 0x0000000083700000, 0x0000000083700000|100%|HC|  |TAMS 0x0000000083600000| PB 0x0000000083600000| Complete 
|  19|0x0000000083700000, 0x0000000083800000, 0x0000000083800000|100%|HC|  |TAMS 0x0000000083700000| PB 0x0000000083700000| Complete 
|  20|0x0000000083800000, 0x0000000083900000, 0x0000000083900000|100%|HC|  |TAMS 0x0000000083800000| PB 0x0000000083800000| Complete 
|  21|0x0000000083900000, 0x0000000083a00000, 0x0000000083a00000|100%|HS|  |TAMS 0x0000000083900000| PB 0x0000000083900000| Complete 
|  22|0x0000000083a00000, 0x0000000083b00000, 0x0000000083b00000|100%|HC|  |TAMS 0x0000000083a00000| PB 0x0000000083a00000| Complete 
|  23|0x0000000083b00000, 0x0000000083c00000, 0x0000000083c00000|100%|HC|  |TAMS 0x0000000083b00000| PB 0x0000000083b00000| Complete 
|  24|0x0000000083c00000, 0x0000000083d00000, 0x0000000083d00000|100%|HC|  |TAMS 0x0000000083c00000| PB 0x0000000083c00000| Complete 
|  25|0x0000000083d00000, 0x0000000083e00000, 0x0000000083e00000|100%|HC|  |TAMS 0x0000000083d00000| PB 0x0000000083d00000| Complete 
|  26|0x0000000083e00000, 0x0000000083f00000, 0x0000000083f00000|100%|HC|  |TAMS 0x0000000083e00000| PB 0x0000000083e00000| Complete 
|  27|0x0000000083f00000, 0x0000000084000000, 0x0000000084000000|100%|HC|  |TAMS 0x0000000083f00000| PB 0x0000000083f00000| Complete 
|  28|0x0000000084000000, 0x0000000084000000, 0x0000000084100000|  0%| F|  |TAMS 0x0000000084000000| PB 0x0000000084000000| Untracked 
|  29|0x0000000084100000, 0x0000000084100000, 0x0000000084200000|  0%| F|  |TAMS 0x0000000084100000| PB 0x0000000084100000| Untracked 
|  30|0x0000000084200000, 0x0000000084200000, 0x0000000084300000|  0%| F|  |TAMS 0x0000000084200000| PB 0x0000000084200000| Untracked 
|  31|0x0000000084300000, 0x0000000084300000, 0x0000000084400000|  0%| F|  |TAMS 0x0000000084300000| PB 0x0000000084300000| Untracked 
|  32|0x0000000084400000, 0x0000000084400000, 0x0000000084500000|  0%| F|  |TAMS 0x0000000084400000| PB 0x0000000084400000| Untracked 
|  33|0x0000000084500000, 0x0000000084500000, 0x0000000084600000|  0%| F|  |TAMS 0x0000000084500000| PB 0x0000000084500000| Untracked 
|  34|0x0000000084600000, 0x0000000084600000, 0x0000000084700000|  0%| F|  |TAMS 0x0000000084600000| PB 0x0000000084600000| Untracked 
|  35|0x0000000084700000, 0x0000000084700000, 0x0000000084800000|  0%| F|  |TAMS 0x0000000084700000| PB 0x0000000084700000| Untracked 
|  36|0x0000000084800000, 0x0000000084800000, 0x0000000084900000|  0%| F|  |TAMS 0x0000000084800000| PB 0x0000000084800000| Untracked 
|  37|0x0000000084900000, 0x0000000084900000, 0x0000000084a00000|  0%| F|  |TAMS 0x0000000084900000| PB 0x0000000084900000| Untracked 
|  38|0x0000000084a00000, 0x0000000084a00000, 0x0000000084b00000|  0%| F|  |TAMS 0x0000000084a00000| PB 0x0000000084a00000| Untracked 
|  39|0x0000000084b00000, 0x0000000084b00000, 0x0000000084c00000|  0%| F|  |TAMS 0x0000000084b00000| PB 0x0000000084b00000| Untracked 
|  40|0x0000000084c00000, 0x0000000084c00000, 0x0000000084d00000|  0%| F|  |TAMS 0x0000000084c00000| PB 0x0000000084c00000| Untracked 
|  41|0x0000000084d00000, 0x0000000084d00000, 0x0000000084e00000|  0%| F|  |TAMS 0x0000000084d00000| PB 0x0000000084d00000| Untracked 
|  42|0x0000000084e00000, 0x0000000084e00000, 0x0000000084f00000|  0%| F|  |TAMS 0x0000000084e00000| PB 0x0000000084e00000| Untracked 
|  43|0x0000000084f00000, 0x0000000084f00000, 0x0000000085000000|  0%| F|  |TAMS 0x0000000084f00000| PB 0x0000000084f00000| Untracked 
|  44|0x0000000085000000, 0x0000000085000000, 0x0000000085100000|  0%| F|  |TAMS 0x0000000085000000| PB 0x0000000085000000| Untracked 
|  45|0x0000000085100000, 0x0000000085100000, 0x0000000085200000|  0%| F|  |TAMS 0x0000000085100000| PB 0x0000000085100000| Untracked 
|  46|0x0000000085200000, 0x0000000085200000, 0x0000000085300000|  0%| F|  |TAMS 0x0000000085200000| PB 0x0000000085200000| Untracked 
|  47|0x0000000085300000, 0x0000000085300000, 0x0000000085400000|  0%| F|  |TAMS 0x0000000085300000| PB 0x0000000085300000| Untracked 
|  48|0x0000000085400000, 0x0000000085400000, 0x0000000085500000|  0%| F|  |TAMS 0x0000000085400000| PB 0x0000000085400000| Untracked 
|  49|0x0000000085500000, 0x0000000085500000, 0x0000000085600000|  0%| F|  |TAMS 0x0000000085500000| PB 0x0000000085500000| Untracked 
|  50|0x0000000085600000, 0x0000000085600000, 0x0000000085700000|  0%| F|  |TAMS 0x0000000085600000| PB 0x0000000085600000| Untracked 
|  51|0x0000000085700000, 0x0000000085700000, 0x0000000085800000|  0%| F|  |TAMS 0x0000000085700000| PB 0x0000000085700000| Untracked 
|  52|0x0000000085800000, 0x0000000085800000, 0x0000000085900000|  0%| F|  |TAMS 0x0000000085800000| PB 0x0000000085800000| Untracked 
|  53|0x0000000085900000, 0x0000000085900000, 0x0000000085a00000|  0%| F|  |TAMS 0x0000000085900000| PB 0x0000000085900000| Untracked 
|  54|0x0000000085a00000, 0x0000000085a00000, 0x0000000085b00000|  0%| F|  |TAMS 0x0000000085a00000| PB 0x0000000085a00000| Untracked 
|  55|0x0000000085b00000, 0x0000000085b00000, 0x0000000085c00000|  0%| F|  |TAMS 0x0000000085b00000| PB 0x0000000085b00000| Untracked 
|  56|0x0000000085c00000, 0x0000000085c00000, 0x0000000085d00000|  0%| F|  |TAMS 0x0000000085c00000| PB 0x0000000085c00000| Untracked 
|  57|0x0000000085d00000, 0x0000000085d00000, 0x0000000085e00000|  0%| F|  |TAMS 0x0000000085d00000| PB 0x0000000085d00000| Untracked 
|  58|0x0000000085e00000, 0x0000000085e00000, 0x0000000085f00000|  0%| F|  |TAMS 0x0000000085e00000| PB 0x0000000085e00000| Untracked 
|  59|0x0000000085f00000, 0x0000000085f00000, 0x0000000086000000|  0%| F|  |TAMS 0x0000000085f00000| PB 0x0000000085f00000| Untracked 
|  60|0x0000000086000000, 0x0000000086000000, 0x0000000086100000|  0%| F|  |TAMS 0x0000000086000000| PB 0x0000000086000000| Untracked 
|  61|0x0000000086100000, 0x0000000086100000, 0x0000000086200000|  0%| F|  |TAMS 0x0000000086100000| PB 0x0000000086100000| Untracked 
|  62|0x0000000086200000, 0x0000000086200000, 0x0000000086300000|  0%| F|  |TAMS 0x0000000086200000| PB 0x0000000086200000| Untracked 
|  63|0x0000000086300000, 0x0000000086300000, 0x0000000086400000|  0%| F|  |TAMS 0x0000000086300000| PB 0x0000000086300000| Untracked 
|  64|0x0000000086400000, 0x0000000086400000, 0x0000000086500000|  0%| F|  |TAMS 0x0000000086400000| PB 0x0000000086400000| Untracked 
|  65|0x0000000086500000, 0x0000000086500000, 0x0000000086600000|  0%| F|  |TAMS 0x0000000086500000| PB 0x0000000086500000| Untracked 
|  66|0x0000000086600000, 0x0000000086600000, 0x0000000086700000|  0%| F|  |TAMS 0x0000000086600000| PB 0x0000000086600000| Untracked 
|  67|0x0000000086700000, 0x0000000086700000, 0x0000000086800000|  0%| F|  |TAMS 0x0000000086700000| PB 0x0000000086700000| Untracked 
|  68|0x0000000086800000, 0x0000000086800000, 0x0000000086900000|  0%| F|  |TAMS 0x0000000086800000| PB 0x0000000086800000| Untracked 
|  69|0x0000000086900000, 0x0000000086900000, 0x0000000086a00000|  0%| F|  |TAMS 0x0000000086900000| PB 0x0000000086900000| Untracked 
|  70|0x0000000086a00000, 0x0000000086a00000, 0x0000000086b00000|  0%| F|  |TAMS 0x0000000086a00000| PB 0x0000000086a00000| Untracked 
|  71|0x0000000086b00000, 0x0000000086b00000, 0x0000000086c00000|  0%| F|  |TAMS 0x0000000086b00000| PB 0x0000000086b00000| Untracked 
|  72|0x0000000086c00000, 0x0000000086c00000, 0x0000000086d00000|  0%| F|  |TAMS 0x0000000086c00000| PB 0x0000000086c00000| Untracked 
|  73|0x0000000086d00000, 0x0000000086d00000, 0x0000000086e00000|  0%| F|  |TAMS 0x0000000086d00000| PB 0x0000000086d00000| Untracked 
|  74|0x0000000086e00000, 0x0000000086e00000, 0x0000000086f00000|  0%| F|  |TAMS 0x0000000086e00000| PB 0x0000000086e00000| Untracked 
|  75|0x0000000086f00000, 0x0000000086f00000, 0x0000000087000000|  0%| F|  |TAMS 0x0000000086f00000| PB 0x0000000086f00000| Untracked 
|  76|0x0000000087000000, 0x0000000087000000, 0x0000000087100000|  0%| F|  |TAMS 0x0000000087000000| PB 0x0000000087000000| Untracked 
|  77|0x0000000087100000, 0x0000000087100000, 0x0000000087200000|  0%| F|  |TAMS 0x0000000087100000| PB 0x0000000087100000| Untracked 
|  78|0x0000000087200000, 0x0000000087200000, 0x0000000087300000|  0%| F|  |TAMS 0x0000000087200000| PB 0x0000000087200000| Untracked 
|  79|0x0000000087300000, 0x0000000087300000, 0x0000000087400000|  0%| F|  |TAMS 0x0000000087300000| PB 0x0000000087300000| Untracked 
|  80|0x0000000087400000, 0x0000000087400000, 0x0000000087500000|  0%| F|  |TAMS 0x0000000087400000| PB 0x0000000087400000| Untracked 
|  81|0x0000000087500000, 0x0000000087500000, 0x0000000087600000|  0%| F|  |TAMS 0x0000000087500000| PB 0x0000000087500000| Untracked 
|  82|0x0000000087600000, 0x0000000087600000, 0x0000000087700000|  0%| F|  |TAMS 0x0000000087600000| PB 0x0000000087600000| Untracked 
|  83|0x0000000087700000, 0x0000000087700000, 0x0000000087800000|  0%| F|  |TAMS 0x0000000087700000| PB 0x0000000087700000| Untracked 
|  84|0x0000000087800000, 0x0000000087800000, 0x0000000087900000|  0%| F|  |TAMS 0x0000000087800000| PB 0x0000000087800000| Untracked 
|  85|0x0000000087900000, 0x0000000087900000, 0x0000000087a00000|  0%| F|  |TAMS 0x0000000087900000| PB 0x0000000087900000| Untracked 
|  86|0x0000000087a00000, 0x0000000087a00000, 0x0000000087b00000|  0%| F|  |TAMS 0x0000000087a00000| PB 0x0000000087a00000| Untracked 
|  87|0x0000000087b00000, 0x0000000087b00000, 0x0000000087c00000|  0%| F|  |TAMS 0x0000000087b00000| PB 0x0000000087b00000| Untracked 
|  88|0x0000000087c00000, 0x0000000087c00000, 0x0000000087d00000|  0%| F|  |TAMS 0x0000000087c00000| PB 0x0000000087c00000| Untracked 
|  89|0x0000000087d00000, 0x0000000087d00000, 0x0000000087e00000|  0%| F|  |TAMS 0x0000000087d00000| PB 0x0000000087d00000| Untracked 
|  90|0x0000000087e00000, 0x0000000087e00000, 0x0000000087f00000|  0%| F|  |TAMS 0x0000000087e00000| PB 0x0000000087e00000| Untracked 
|  91|0x0000000087f00000, 0x0000000087f00000, 0x0000000088000000|  0%| F|  |TAMS 0x0000000087f00000| PB 0x0000000087f00000| Untracked 
|  92|0x0000000088000000, 0x00000000880909f0, 0x0000000088100000| 56%| S|CS|TAMS 0x0000000088000000| PB 0x0000000088000000| Complete 
|  93|0x0000000088100000, 0x0000000088100000, 0x0000000088200000|  0%| F|  |TAMS 0x0000000088100000| PB 0x0000000088100000| Untracked 
|  94|0x0000000088200000, 0x0000000088200000, 0x0000000088300000|  0%| F|  |TAMS 0x0000000088200000| PB 0x0000000088200000| Untracked 
|  95|0x0000000088300000, 0x0000000088300000, 0x0000000088400000|  0%| F|  |TAMS 0x0000000088300000| PB 0x0000000088300000| Untracked 
|  96|0x0000000088400000, 0x0000000088400000, 0x0000000088500000|  0%| F|  |TAMS 0x0000000088400000| PB 0x0000000088400000| Untracked 
|  97|0x0000000088500000, 0x0000000088500000, 0x0000000088600000|  0%| F|  |TAMS 0x0000000088500000| PB 0x0000000088500000| Untracked 
|  98|0x0000000088600000, 0x0000000088600000, 0x0000000088700000|  0%| F|  |TAMS 0x0000000088600000| PB 0x0000000088600000| Untracked 
|  99|0x0000000088700000, 0x0000000088700000, 0x0000000088800000|  0%| F|  |TAMS 0x0000000088700000| PB 0x0000000088700000| Untracked 
| 100|0x0000000088800000, 0x0000000088800000, 0x0000000088900000|  0%| F|  |TAMS 0x0000000088800000| PB 0x0000000088800000| Untracked 
| 101|0x0000000088900000, 0x00000000889c1ab0, 0x0000000088a00000| 75%| E|  |TAMS 0x0000000088900000| PB 0x0000000088900000| Complete 
| 102|0x0000000088a00000, 0x0000000088b00000, 0x0000000088b00000|100%| E|CS|TAMS 0x0000000088a00000| PB 0x0000000088a00000| Complete 
| 103|0x0000000088b00000, 0x0000000088c00000, 0x0000000088c00000|100%| E|CS|TAMS 0x0000000088b00000| PB 0x0000000088b00000| Complete 
| 104|0x0000000088c00000, 0x0000000088d00000, 0x0000000088d00000|100%| E|CS|TAMS 0x0000000088c00000| PB 0x0000000088c00000| Complete 
| 105|0x0000000088d00000, 0x0000000088e00000, 0x0000000088e00000|100%| E|CS|TAMS 0x0000000088d00000| PB 0x0000000088d00000| Complete 
| 106|0x0000000088e00000, 0x0000000088f00000, 0x0000000088f00000|100%| E|CS|TAMS 0x0000000088e00000| PB 0x0000000088e00000| Complete 
| 107|0x0000000088f00000, 0x0000000089000000, 0x0000000089000000|100%| E|CS|TAMS 0x0000000088f00000| PB 0x0000000088f00000| Complete 
| 108|0x0000000089000000, 0x0000000089100000, 0x0000000089100000|100%| E|CS|TAMS 0x0000000089000000| PB 0x0000000089000000| Complete 
| 109|0x0000000089100000, 0x0000000089200000, 0x0000000089200000|100%| E|CS|TAMS 0x0000000089100000| PB 0x0000000089100000| Complete 
| 110|0x0000000089200000, 0x0000000089300000, 0x0000000089300000|100%| E|CS|TAMS 0x0000000089200000| PB 0x0000000089200000| Complete 
| 111|0x0000000089300000, 0x0000000089400000, 0x0000000089400000|100%| E|CS|TAMS 0x0000000089300000| PB 0x0000000089300000| Complete 
| 112|0x0000000089400000, 0x0000000089500000, 0x0000000089500000|100%| E|CS|TAMS 0x0000000089400000| PB 0x0000000089400000| Complete 
| 113|0x0000000089500000, 0x0000000089600000, 0x0000000089600000|100%| E|CS|TAMS 0x0000000089500000| PB 0x0000000089500000| Complete 
| 114|0x0000000089600000, 0x0000000089700000, 0x0000000089700000|100%| E|CS|TAMS 0x0000000089600000| PB 0x0000000089600000| Complete 
| 115|0x0000000089700000, 0x0000000089800000, 0x0000000089800000|100%| E|CS|TAMS 0x0000000089700000| PB 0x0000000089700000| Complete 
| 116|0x0000000089800000, 0x0000000089900000, 0x0000000089900000|100%| E|CS|TAMS 0x0000000089800000| PB 0x0000000089800000| Complete 
| 117|0x0000000089900000, 0x0000000089a00000, 0x0000000089a00000|100%| E|CS|TAMS 0x0000000089900000| PB 0x0000000089900000| Complete 
| 118|0x0000000089a00000, 0x0000000089b00000, 0x0000000089b00000|100%| E|CS|TAMS 0x0000000089a00000| PB 0x0000000089a00000| Complete 
| 119|0x0000000089b00000, 0x0000000089c00000, 0x0000000089c00000|100%| E|CS|TAMS 0x0000000089b00000| PB 0x0000000089b00000| Complete 
| 120|0x0000000089c00000, 0x0000000089d00000, 0x0000000089d00000|100%| E|CS|TAMS 0x0000000089c00000| PB 0x0000000089c00000| Complete 
| 121|0x0000000089d00000, 0x0000000089e00000, 0x0000000089e00000|100%| E|CS|TAMS 0x0000000089d00000| PB 0x0000000089d00000| Complete 
| 122|0x0000000089e00000, 0x0000000089f00000, 0x0000000089f00000|100%| E|CS|TAMS 0x0000000089e00000| PB 0x0000000089e00000| Complete 
| 123|0x0000000089f00000, 0x000000008a000000, 0x000000008a000000|100%| E|CS|TAMS 0x0000000089f00000| PB 0x0000000089f00000| Complete 
| 124|0x000000008a000000, 0x000000008a100000, 0x000000008a100000|100%| E|CS|TAMS 0x000000008a000000| PB 0x000000008a000000| Complete 
| 125|0x000000008a100000, 0x000000008a200000, 0x000000008a200000|100%| E|CS|TAMS 0x000000008a100000| PB 0x000000008a100000| Complete 

Card table byte_map: [0x000002abf0ea0000,0x000002abf1290000] _byte_map_base: 0x000002abf0a8e000

Marking Bits: (CMBitMap*) 0x000002abd7432450
 Bits: [0x000002abf1290000, 0x000002abf3200000)

Polling page: 0x000002abd74b0000

Metaspace:

Usage:
  Non-class:     10.42 MB used.
      Class:      1.24 MB used.
       Both:     11.66 MB used.

Virtual space:
  Non-class space:       64.00 MB reserved,      10.50 MB ( 16%) committed,  1 nodes.
      Class space:        1.00 GB reserved,       1.31 MB ( <1%) committed,  1 nodes.
             Both:        1.06 GB reserved,      11.81 MB (  1%) committed. 

Chunk freelists:
   Non-Class:  4.95 MB
       Class:  14.70 MB
        Both:  19.66 MB

MaxMetaspaceSize: unlimited
CompressedClassSpaceSize: 1.00 GB
Initial GC threshold: 21.00 MB
Current GC threshold: 21.00 MB
CDS: on
 - commit_granule_bytes: 65536.
 - commit_granule_words: 8192.
 - virtual_space_node_default_size: 8388608.
 - enlarge_chunks_in_place: 1.
 - use_allocation_guard: 0.


Internal statistics:

num_allocs_failed_limit: 0.
num_arena_births: 166.
num_arena_deaths: 0.
num_vsnodes_births: 2.
num_vsnodes_deaths: 0.
num_space_committed: 189.
num_space_uncommitted: 0.
num_chunks_returned_to_freelist: 0.
num_chunks_taken_from_freelist: 218.
num_chunk_merges: 0.
num_chunk_splits: 128.
num_chunks_enlarged: 59.
num_inconsistent_stats: 0.

CodeHeap 'non-profiled nmethods': size=120000Kb used=1372Kb max_used=1372Kb free=118627Kb
 bounds [0x000002abe8b20000, 0x000002abe8d90000, 0x000002abf0050000]
CodeHeap 'profiled nmethods': size=120000Kb used=4942Kb max_used=4942Kb free=115057Kb
 bounds [0x000002abe1050000, 0x000002abe1530000, 0x000002abe8580000]
CodeHeap 'non-nmethods': size=5760Kb used=1635Kb max_used=1703Kb free=4124Kb
 bounds [0x000002abe8580000, 0x000002abe87f0000, 0x000002abe8b20000]
 total_blobs=3142 nmethods=2454 adapters=592
 compilation: enabled
              stopped_count=0, restarted_count=0
 full_count=0

Compilation events (20 events):
Event: 38.285 Thread 0x000002abf5cefea0 nmethod 2440 0x000002abe150f610 code [0x000002abe150f880, 0x000002abe1510080]
Event: 38.285 Thread 0x000002abf5cefea0 2441       3       sun.java2d.marlin.MarlinCache::init (130 bytes)
Event: 38.286 Thread 0x000002abf5cefea0 nmethod 2441 0x000002abe1510310 code [0x000002abe15104c0, 0x000002abe1510788]
Event: 38.286 Thread 0x000002abf5cefea0 2442       3       sun.java2d.marlin.MarlinTileGenerator::init (24 bytes)
Event: 38.286 Thread 0x000002abf5cefea0 nmethod 2442 0x000002abe1510890 code [0x000002abe1510a20, 0x000002abe1510b40]
Event: 38.286 Thread 0x000002abf5cefea0 2443       3       sun.java2d.marlin.MarlinTileGenerator::getBbox (41 bytes)
Event: 38.286 Thread 0x000002abf5cefea0 nmethod 2443 0x000002abe1510c10 code [0x000002abe1510dc0, 0x000002abe1510f70]
Event: 38.286 Thread 0x000002abf5cefea0 2444       3       sun.java2d.marlin.DMarlinRenderingEngine::returnRendererContext (12 bytes)
Event: 38.286 Thread 0x000002abf5cefea0 nmethod 2444 0x000002abe1511090 code [0x000002abe1511280, 0x000002abe15115f8]
Event: 38.286 Thread 0x000002abf5cefea0 2445       1       java.awt.geom.RoundRectIterator::getWindingRule (2 bytes)
Event: 38.286 Thread 0x000002abf5cefea0 nmethod 2445 0x000002abe8c71d10 code [0x000002abe8c71ea0, 0x000002abe8c71f68]
Event: 38.304 Thread 0x000002abf5ce9980 2447   !   4       java.awt.Container::getMouseEventTargetImpl (255 bytes)
Event: 38.318 Thread 0x000002abf5ce9980 nmethod 2447 0x000002abe8c72010 code [0x000002abe8c722e0, 0x000002abe8c73aa0]
Event: 38.318 Thread 0x000002abf5ce9980 2446       4       java.awt.Container::getMouseEventTarget (50 bytes)
Event: 38.319 Thread 0x000002abf5ce9980 nmethod 2446 0x000002abe8c74990 code [0x000002abe8c74b20, 0x000002abe8c74c10]
Event: 38.516 Thread 0x000002abf5ce9980 2448       4       java.security.AccessControlContext::calculateFields (89 bytes)
Event: 38.518 Thread 0x000002abf5ce9980 nmethod 2448 0x000002abe8c74d10 code [0x000002abe8c74ea0, 0x000002abe8c75138]
Event: 38.639 Thread 0x000002abf5ce9980 2449       4       java.awt.geom.AffineTransform::transform (635 bytes)
Event: 38.670 Thread 0x000002abf5ce9980 nmethod 2449 0x000002abe8c75290 code [0x000002abe8c75480, 0x000002abe8c76a18]
Event: 38.671 Thread 0x000002abf5ce9980 2450   !   4       sun.java2d.SunGraphics2D::drawImage (150 bytes)

GC Heap History (4 events):
Event: 4.615 GC heap before
{Heap before GC invocations=0 (full 0):
 garbage-first heap   total 129024K, used 34816K [0x0000000082400000, 0x0000000100000000)
  region size 1024K, 23 young (23552K), 0 survivors (0K)
 Metaspace       used 11033K, committed 11264K, reserved 1114112K
  class space    used 1197K, committed 1280K, reserved 1048576K
}
Event: 4.619 GC heap after
{Heap after GC invocations=1 (full 0):
 garbage-first heap   total 129024K, used 15328K [0x0000000082400000, 0x0000000100000000)
  region size 1024K, 3 young (3072K), 3 survivors (3072K)
 Metaspace       used 11033K, committed 11264K, reserved 1114112K
  class space    used 1197K, committed 1280K, reserved 1048576K
}
Event: 22.549 GC heap before
{Heap before GC invocations=1 (full 0):
 garbage-first heap   total 129024K, used 46048K [0x0000000082400000, 0x0000000100000000)
  region size 1024K, 33 young (33792K), 3 survivors (3072K)
 Metaspace       used 11497K, committed 11712K, reserved 1114112K
  class space    used 1217K, committed 1344K, reserved 1048576K
}
Event: 22.552 GC heap after
{Heap after GC invocations=2 (full 0):
 garbage-first heap   total 129024K, used 16027K [0x0000000082400000, 0x0000000100000000)
  region size 1024K, 1 young (1024K), 1 survivors (1024K)
 Metaspace       used 11497K, committed 11712K, reserved 1114112K
  class space    used 1217K, committed 1344K, reserved 1048576K
}

Dll operation events (9 events):
Event: 0.006 Loaded shared library C:\Program Files\Java\jdk-21\bin\java.dll
Event: 0.029 Loaded shared library C:\Program Files\Java\jdk-21\bin\jsvml.dll
Event: 0.054 Loaded shared library C:\Program Files\Java\jdk-21\bin\net.dll
Event: 0.056 Loaded shared library C:\Program Files\Java\jdk-21\bin\nio.dll
Event: 0.076 Loaded shared library C:\Program Files\Java\jdk-21\bin\zip.dll
Event: 0.086 Loaded shared library C:\Program Files\Java\jdk-21\bin\jimage.dll
Event: 0.098 Loaded shared library C:\Program Files\Java\jdk-21\bin\awt.dll
Event: 0.191 Loaded shared library C:\Program Files\Java\jdk-21\bin\freetype.dll
Event: 0.192 Loaded shared library C:\Program Files\Java\jdk-21\bin\fontmanager.dll

Deoptimization events (20 events):
Event: 35.824 Thread 0x000002abfae1eaf0 Uncommon trap: trap_request=0xffffff45 fr.pc=0x000002abe8bde9a0 relative=0x0000000000000160
Event: 35.824 Thread 0x000002abfae1eaf0 Uncommon trap: reason=unstable_if action=reinterpret pc=0x000002abe8bde9a0 method=java.util.IdentityHashMap.get(Ljava/lang/Object;)Ljava/lang/Object; @ 43 c2
Event: 35.824 Thread 0x000002abfae1eaf0 DEOPT PACKING pc=0x000002abe8bde9a0 sp=0x000000dbaddfe7a0
Event: 35.824 Thread 0x000002abfae1eaf0 DEOPT UNPACKING pc=0x000002abe85d46a2 sp=0x000000dbaddfe718 mode 2
Event: 35.825 Thread 0x000002abfae1eaf0 DEOPT PACKING pc=0x000002abe14bc242 sp=0x000000dbaddfd1e0
Event: 35.825 Thread 0x000002abfae1eaf0 DEOPT UNPACKING pc=0x000002abe85d4e42 sp=0x000000dbaddfc5d8 mode 0
Event: 35.826 Thread 0x000002abfae1eaf0 DEOPT PACKING pc=0x000002abe14bc242 sp=0x000000dbaddfd1e0
Event: 35.826 Thread 0x000002abfae1eaf0 DEOPT UNPACKING pc=0x000002abe85d4e42 sp=0x000000dbaddfc5d8 mode 0
Event: 36.600 Thread 0x000002abfae1eaf0 Uncommon trap: trap_request=0xffffff45 fr.pc=0x000002abe8c084b8 relative=0x0000000000000e18
Event: 36.600 Thread 0x000002abfae1eaf0 Uncommon trap: reason=unstable_if action=reinterpret pc=0x000002abe8c084b8 method=sun.java2d.pipe.Region.isInsideXYXY(IIII)Z @ 13 c2
Event: 36.600 Thread 0x000002abfae1eaf0 DEOPT PACKING pc=0x000002abe8c084b8 sp=0x000000dbaddfdd10
Event: 36.601 Thread 0x000002abfae1eaf0 DEOPT UNPACKING pc=0x000002abe85d46a2 sp=0x000000dbaddfdaa8 mode 2
Event: 36.857 Thread 0x000002abfae1eaf0 Uncommon trap: trap_request=0xffffff45 fr.pc=0x000002abe8c265d8 relative=0x0000000000000198
Event: 36.857 Thread 0x000002abfae1eaf0 Uncommon trap: reason=unstable_if action=reinterpret pc=0x000002abe8c265d8 method=sun.java2d.pipe.Region.isInsideXYXY(IIII)Z @ 13 c2
Event: 36.857 Thread 0x000002abfae1eaf0 DEOPT PACKING pc=0x000002abe8c265d8 sp=0x000000dbaddfdb10
Event: 36.857 Thread 0x000002abfae1eaf0 DEOPT UNPACKING pc=0x000002abe85d46a2 sp=0x000000dbaddfda18 mode 2
Event: 36.857 Thread 0x000002abfae1eaf0 Uncommon trap: trap_request=0xffffff45 fr.pc=0x000002abe8bb4e3c relative=0x00000000000001dc
Event: 36.857 Thread 0x000002abfae1eaf0 Uncommon trap: reason=unstable_if action=reinterpret pc=0x000002abe8bb4e3c method=java.awt.geom.AffineTransform.updateState()V @ 95 c2
Event: 36.857 Thread 0x000002abfae1eaf0 DEOPT PACKING pc=0x000002abe8bb4e3c sp=0x000000dbaddfdc80
Event: 36.857 Thread 0x000002abfae1eaf0 DEOPT UNPACKING pc=0x000002abe85d46a2 sp=0x000000dbaddfdc18 mode 2

Classes loaded (20 events):
Event: 7.630 Loading class javax/swing/event/CaretListener
Event: 7.630 Loading class javax/swing/event/CaretListener done
Event: 7.630 Loading class javax/swing/RepaintManager$3
Event: 7.630 Loading class javax/swing/RepaintManager$3 done
Event: 18.041 Loading class javax/swing/Autoscroller
Event: 18.042 Loading class javax/swing/Autoscroller done
Event: 22.699 Loading class javax/swing/text/GapContent$RemoveUndo
Event: 22.699 Loading class javax/swing/text/GapContent$RemoveUndo done
Event: 28.446 Loading class javax/swing/JToggleButton$1
Event: 28.446 Loading class javax/swing/JToggleButton$1 done
Event: 28.568 Loading class java/awt/event/ItemEvent
Event: 28.568 Loading class java/awt/event/ItemEvent done
Event: 32.010 Loading class java/awt/KeyboardFocusManager$2
Event: 32.010 Loading class java/awt/KeyboardFocusManager$2 done
Event: 32.010 Loading class sun/awt/SunToolkit$1
Event: 32.010 Loading class sun/awt/SunToolkit$1 done
Event: 32.028 Loading class java/awt/event/ComponentAdapter
Event: 32.028 Loading class java/awt/event/ComponentAdapter done
Event: 32.106 Loading class java/awt/LightweightDispatcher$2
Event: 32.107 Loading class java/awt/LightweightDispatcher$2 done

Classes unloaded (0 events):
No events

Classes redefined (0 events):
No events

Internal exceptions (20 events):
Event: 0.225 Thread 0x000002abd71fd510 Exception <a 'java/lang/ClassNotFoundException'{0x0000000089cbdb70}: com/sun/swing/internal/plaf/metal/resources/spi/metalProvider> (0x0000000089cbdb70) 
thrown [s\open\src\hotspot\share\classfile\systemDictionary.cpp, line 312]
Event: 0.225 Thread 0x000002abd71fd510 Exception <a 'java/lang/ClassNotFoundException'{0x0000000089cc1820}: com/sun/swing/internal/plaf/basic/resources/spi/basicProvider> (0x0000000089cc1820) 
thrown [s\open\src\hotspot\share\classfile\systemDictionary.cpp, line 312]
Event: 0.240 Thread 0x000002abfae1eaf0 Exception <a 'java/lang/ClassNotFoundException'{0x0000000089b8a508}: com/sun/swing/internal/plaf/synth/resources/spi/synthProvider> (0x0000000089b8a508) 
thrown [s\open\src\hotspot\share\classfile\systemDictionary.cpp, line 312]
Event: 0.252 Thread 0x000002abfae1eaf0 Exception <a 'java/lang/NoSuchMethodError'{0x0000000089bcd578}: 'int java.lang.invoke.Invokers$Holder.invokeExact_MT(java.lang.Object, java.lang.Object)'> (0x0000000089bcd578) 
thrown [s\open\src\hotspot\share\interpreter\linkResolver.cpp, line 773]
Event: 0.258 Thread 0x000002abfae1eaf0 Exception <a 'java/lang/NoSuchMethodError'{0x0000000089bd93d8}: 'java.lang.Object java.lang.invoke.DirectMethodHandle$Holder.newInvokeSpecial(java.lang.Object, java.lang.Object, int)'> (0x0000000089bd93d8) 
thrown [s\open\src\hotspot\share\interpreter\linkResolver.cpp, line 773]
Event: 0.259 Thread 0x000002abfae1eaf0 Exception <a 'java/lang/NoSuchMethodError'{0x0000000089bde288}: 'int java.lang.invoke.DirectMethodHandle$Holder.invokeSpecial(java.lang.Object, java.lang.Object, java.lang.Object, int)'> (0x0000000089bde288) 
thrown [s\open\src\hotspot\share\interpreter\linkResolver.cpp, line 773]
Event: 0.260 Thread 0x000002abfae1eaf0 Exception <a 'java/lang/NoSuchMethodError'{0x0000000089a04cf0}: 'java.lang.Object java.lang.invoke.DirectMethodHandle$Holder.invokeStatic(java.lang.Object, java.lang.Object, java.lang.Object, java.lang.Object, int)'> (0x0000000089a04cf0) 
thrown [s\open\src\hotspot\share\interpreter\linkResolver.cpp, line 773]
Event: 0.260 Thread 0x000002abfae1eaf0 Exception <a 'java/lang/NoSuchMethodError'{0x0000000089a0d0e8}: 'int java.lang.invoke.DirectMethodHandle$Holder.invokeSpecial(java.lang.Object, java.lang.Object, java.lang.Object)'> (0x0000000089a0d0e8) 
thrown [s\open\src\hotspot\share\interpreter\linkResolver.cpp, line 773]
Event: 0.347 Thread 0x000002abfb2140e0 Exception <a 'java/lang/NoSuchMethodError'{0x00000000898a2bc8}: 'java.lang.Object java.lang.invoke.DirectMethodHandle$Holder.newInvokeSpecial(java.lang.Object, java.lang.Object, java.lang.Object, int, int, int, int, int)'> (0x00000000898a2bc8) 
thrown [s\open\src\hotspot\share\interpreter\linkResolver.cpp, line 773]
Event: 0.358 Thread 0x000002abfb2140e0 Exception <a 'java/lang/InterruptedException'{0x00000000898d1818}: sleep interrupted> (0x00000000898d1818) 
thrown [s\open\src\hotspot\share\prims\jvm.cpp, line 3052]
Event: 0.410 Thread 0x000002abfae1eaf0 Exception <a 'java/lang/NoSuchMethodError'{0x0000000089317308}: 'void java.lang.invoke.DirectMethodHandle$Holder.invokeStaticInit(java.lang.Object)'> (0x0000000089317308) 
thrown [s\open\src\hotspot\share\interpreter\linkResolver.cpp, line 773]
Event: 0.446 Thread 0x000002abfa2fa110 Exception <a 'java/lang/NoSuchMethodError'{0x0000000089efa3d8}: 'void java.lang.invoke.DirectMethodHandle$Holder.invokeVirtual(java.lang.Object, java.lang.Object)'> (0x0000000089efa3d8) 
thrown [s\open\src\hotspot\share\interpreter\linkResolver.cpp, line 773]
Event: 27.685 Thread 0x000002abfae1eaf0 Implicit null exception at 0x000002abe8bdca82 to 0x000002abe8bdcfc9
Event: 27.685 Thread 0x000002abfae1eaf0 Implicit null exception at 0x000002abe8bdca82 to 0x000002abe8bdcfc9
Event: 27.685 Thread 0x000002abfae1eaf0 Implicit null exception at 0x000002abe8bd1ee8 to 0x000002abe8bd257f
Event: 27.685 Thread 0x000002abfae1eaf0 Implicit null exception at 0x000002abe8bdca82 to 0x000002abe8bdcfc9
Event: 27.685 Thread 0x000002abfae1eaf0 Implicit null exception at 0x000002abe8bd1ee8 to 0x000002abe8bd257f
Event: 32.010 Thread 0x000002abfae1eaf0 Implicit null exception at 0x000002abe8c0ffac to 0x000002abe8c10222
Event: 32.018 Thread 0x000002abfae1eaf0 Implicit null exception at 0x000002abe8c24a21 to 0x000002abe8c24d60
Event: 32.035 Thread 0x000002abfb2140e0 Exception <a 'java/lang/InterruptedException'{0x00000000890a5bd0}: sleep interrupted> (0x00000000890a5bd0) 
thrown [s\open\src\hotspot\share\prims\jvm.cpp, line 3052]

ZGC Phase Switch (0 events):
No events

VM Operations (20 events):
Event: 28.593 Executing VM operation: Cleanup
Event: 28.593 Executing VM operation: Cleanup done
Event: 29.595 Executing VM operation: Cleanup
Event: 29.595 Executing VM operation: Cleanup done
Event: 30.603 Executing VM operation: Cleanup
Event: 30.603 Executing VM operation: Cleanup done
Event: 31.618 Executing VM operation: Cleanup
Event: 31.618 Executing VM operation: Cleanup done
Event: 32.620 Executing VM operation: Cleanup
Event: 32.620 Executing VM operation: Cleanup done
Event: 34.633 Executing VM operation: Cleanup
Event: 34.633 Executing VM operation: Cleanup done
Event: 35.634 Executing VM operation: Cleanup
Event: 35.635 Executing VM operation: Cleanup done
Event: 36.646 Executing VM operation: Cleanup
Event: 36.646 Executing VM operation: Cleanup done
Event: 37.648 Executing VM operation: Cleanup
Event: 37.648 Executing VM operation: Cleanup done
Event: 38.654 Executing VM operation: Cleanup
Event: 38.654 Executing VM operation: Cleanup done

Events (20 events):
Event: 0.028 Thread 0x000002abf5ce0900 Thread added: 0x000002abf5ce0900
Event: 0.028 Thread 0x000002abf5ce9980 Thread added: 0x000002abf5ce9980
Event: 0.028 Thread 0x000002abf5cefea0 Thread added: 0x000002abf5cefea0
Event: 0.044 Thread 0x000002abfa0db700 Thread added: 0x000002abfa0db700
Event: 0.074 Thread 0x000002abfa182140 Thread added: 0x000002abfa182140
Event: 0.139 Thread 0x000002abfa2eaf80 Thread added: 0x000002abfa2eaf80
Event: 0.140 Thread 0x000002abfa2eec50 Thread added: 0x000002abfa2eec50
Event: 0.141 Thread 0x000002abfa2fa110 Thread added: 0x000002abfa2fa110
Event: 0.233 Thread 0x000002abfae1eaf0 Thread added: 0x000002abfae1eaf0
Event: 0.233 Thread 0x000002abd71fd510 Thread exited: 0x000002abd71fd510
Event: 0.233 Thread 0x000002abd71fd510 Thread added: 0x000002abd71fd510
Event: 0.297 Thread 0x000002abfb2bd580 Thread added: 0x000002abfb2bd580
Event: 0.304 Thread 0x000002abfb2140e0 Thread added: 0x000002abfb2140e0
Event: 0.327 Thread 0x000002abf5cf2780 Thread added: 0x000002abf5cf2780
Event: 0.783 Thread 0x000002abf5cf2780 Thread exited: 0x000002abf5cf2780
Event: 32.022 Thread 0x000002abfb794a50 Thread added: 0x000002abfb794a50
Event: 32.036 Thread 0x000002abf5cf2780 Thread added: 0x000002abf5cf2780
Event: 32.601 Thread 0x000002abf5cf2780 Thread exited: 0x000002abf5cf2780
Event: 37.062 Thread 0x000002abfb2140e0 Thread exited: 0x000002abfb2140e0
Event: 37.062 Thread 0x000002abfb794a50 Thread exited: 0x000002abfb794a50


Dynamic libraries:
0x00007ff7d85f0000 - 0x00007ff7d8600000 	C:\Program Files\Java\jdk-21\bin\java.exe
0x00007ffcb24b0000 - 0x00007ffcb26a8000 	C:\Windows\SYSTEM32\ntdll.dll
0x00007ffcb2270000 - 0x00007ffcb232d000 	C:\Windows\System32\KERNEL32.DLL
0x00007ffcafcd0000 - 0x00007ffcaffc6000 	C:\Windows\System32\KERNELBASE.dll
0x00007ffcaffd0000 - 0x00007ffcb00d0000 	C:\Windows\System32\ucrtbase.dll
0x00007ffc7dc10000 - 0x00007ffc7dc2b000 	C:\Program Files\Java\jdk-21\bin\VCRUNTIME140.dll
0x00007ffcaaea0000 - 0x00007ffcaaeb9000 	C:\Program Files\Java\jdk-21\bin\jli.dll
0x00007ffcb1a20000 - 0x00007ffcb1ad3000 	C:\Windows\System32\ADVAPI32.dll
0x00007ffcb14a0000 - 0x00007ffcb153e000 	C:\Windows\System32\msvcrt.dll
0x00007ffcb0940000 - 0x00007ffcb09df000 	C:\Windows\System32\sechost.dll
0x00007ffcb1ae0000 - 0x00007ffcb1c06000 	C:\Windows\System32\RPCRT4.dll
0x00007ffcb00d0000 - 0x00007ffcb00f7000 	C:\Windows\System32\bcrypt.dll
0x00007ffcb0560000 - 0x00007ffcb06fe000 	C:\Windows\System32\USER32.dll
0x00007ffcafca0000 - 0x00007ffcafcc2000 	C:\Windows\System32\win32u.dll
0x00007ffc98090000 - 0x00007ffc9832a000 	C:\Windows\WinSxS\amd64_microsoft.windows.common-controls_6595b64144ccf1df_6.0.19041.3636_none_60b6a03d71f818d5\COMCTL32.dll
0x00007ffcb2120000 - 0x00007ffcb214c000 	C:\Windows\System32\GDI32.dll
0x00007ffcafb80000 - 0x00007ffcafc9a000 	C:\Windows\System32\gdi32full.dll
0x00007ffcb0460000 - 0x00007ffcb04fd000 	C:\Windows\System32\msvcp_win.dll
0x00007ffcaf6e0000 - 0x00007ffcaf6ea000 	C:\Windows\SYSTEM32\VERSION.dll
0x00007ffcb1360000 - 0x00007ffcb1390000 	C:\Windows\System32\IMM32.DLL
0x0000000052dc0000 - 0x0000000052dcc000 	C:\Program Files (x86)\360\Total Security\safemon\SafeWrapper.dll
0x00007ffca8da0000 - 0x00007ffca8dac000 	C:\Program Files\Java\jdk-21\bin\vcruntime140_1.dll
0x00007ffc77350000 - 0x00007ffc773de000 	C:\Program Files\Java\jdk-21\bin\msvcp140.dll
0x00007ffc43e10000 - 0x00007ffc44b25000 	C:\Program Files\Java\jdk-21\bin\server\jvm.dll
0x00007ffcb2400000 - 0x00007ffcb246b000 	C:\Windows\System32\WS2_32.dll
0x00007ffcaf050000 - 0x00007ffcaf09b000 	C:\Windows\SYSTEM32\POWRPROF.dll
0x00007ffc995e0000 - 0x00007ffc99607000 	C:\Windows\SYSTEM32\WINMM.dll
0x00007ffcaef20000 - 0x00007ffcaef32000 	C:\Windows\SYSTEM32\UMPDC.dll
0x00007ffcae350000 - 0x00007ffcae362000 	C:\Windows\SYSTEM32\kernel.appcore.dll
0x00007ffc9a8b0000 - 0x00007ffc9a8ba000 	C:\Program Files\Java\jdk-21\bin\jimage.dll
0x00007ffcae070000 - 0x00007ffcae254000 	C:\Windows\SYSTEM32\DBGHELP.DLL
0x00007ffc93d80000 - 0x00007ffc93db4000 	C:\Windows\SYSTEM32\dbgcore.DLL
0x00007ffcb03d0000 - 0x00007ffcb0452000 	C:\Windows\System32\bcryptPrimitives.dll
0x00007ffc7acc0000 - 0x00007ffc7acdf000 	C:\Program Files\Java\jdk-21\bin\java.dll
0x00007ffcb0b50000 - 0x00007ffcb1295000 	C:\Windows\System32\SHELL32.dll
0x00007ffcad800000 - 0x00007ffcadf9b000 	C:\Windows\SYSTEM32\windows.storage.dll
0x00007ffcb1dc0000 - 0x00007ffcb2114000 	C:\Windows\System32\combase.dll
0x00007ffcaf540000 - 0x00007ffcaf56d000 	C:\Windows\SYSTEM32\Wldp.dll
0x00007ffcb13f0000 - 0x00007ffcb149d000 	C:\Windows\System32\SHCORE.dll
0x00007ffcb0830000 - 0x00007ffcb0885000 	C:\Windows\System32\shlwapi.dll
0x00007ffcafab0000 - 0x00007ffcafad5000 	C:\Windows\SYSTEM32\profapi.dll
0x00007ffc45fb0000 - 0x00007ffc46087000 	C:\Program Files\Java\jdk-21\bin\jsvml.dll
0x00007ffc8e1c0000 - 0x00007ffc8e1d0000 	C:\Program Files\Java\jdk-21\bin\net.dll
0x00007ffca5d50000 - 0x00007ffca5e5a000 	C:\Windows\SYSTEM32\WINHTTP.dll
0x00007ffcaf2a0000 - 0x00007ffcaf30a000 	C:\Windows\system32\mswsock.dll
0x00007ffc7ac30000 - 0x00007ffc7ac46000 	C:\Program Files\Java\jdk-21\bin\nio.dll
0x00007ffc7ac10000 - 0x00007ffc7ac28000 	C:\Program Files\Java\jdk-21\bin\zip.dll
0x00007ffc45180000 - 0x00007ffc4530f000 	C:\Program Files\Java\jdk-21\bin\awt.dll
0x00007ffcb2330000 - 0x00007ffcb23fd000 	C:\Windows\System32\OLEAUT32.dll
0x00007ffcad050000 - 0x00007ffcad0e0000 	C:\Windows\SYSTEM32\apphelp.dll
0x00007ffcad150000 - 0x00007ffcad1ee000 	C:\Windows\system32\uxtheme.dll
0x00007ffcb2150000 - 0x00007ffcb2264000 	C:\Windows\System32\MSCTF.dll
0x00007ffcb0700000 - 0x00007ffcb082b000 	C:\Windows\System32\ole32.dll
0x00007ffcad330000 - 0x00007ffcad35f000 	C:\Windows\system32\DWMAPI.DLL
0x00007ffc769e0000 - 0x00007ffc76a67000 	C:\Program Files\Java\jdk-21\bin\freetype.dll
0x00007ffc45ed0000 - 0x00007ffc45fa3000 	C:\Program Files\Java\jdk-21\bin\fontmanager.dll
0x00007ffc87b50000 - 0x00007ffc87c75000 	C:\Windows\system32\opengl32.dll
0x00007ffc8a9a0000 - 0x00007ffc8a9cc000 	C:\Windows\SYSTEM32\GLU32.dll
0x00007ffcb0890000 - 0x00007ffcb0939000 	C:\Windows\System32\clbcatq.dll
0x00007ffca9930000 - 0x00007ffca9ae4000 	C:\Windows\SYSTEM32\WindowsCodecs.dll
0x00007ffc866e0000 - 0x00007ffc8671e000 	C:\Windows\system32\dataexchange.dll
0x00007ffcabb60000 - 0x00007ffcabdc3000 	C:\Windows\system32\d3d11.dll
0x00007ffcac3c0000 - 0x00007ffcac5a3000 	C:\Windows\system32\dcomp.dll
0x00007ffcae3c0000 - 0x00007ffcae4b3000 	C:\Windows\system32\dxgi.dll
0x00007ffca9af0000 - 0x00007ffca9cf3000 	C:\Windows\system32\twinapi.appcore.dll
0x00007ffca4fc0000 - 0x00007ffca50b9000 	C:\Windows\SYSTEM32\textinputframework.dll
0x00007ffcac5b0000 - 0x00007ffcac90b000 	C:\Windows\System32\CoreUIComponents.dll
0x00007ffcacd70000 - 0x00007ffcace62000 	C:\Windows\System32\CoreMessaging.dll
0x00007ffcaeca0000 - 0x00007ffcaecd3000 	C:\Windows\SYSTEM32\ntmarta.dll
0x00007ffcab5a0000 - 0x00007ffcab6f5000 	C:\Windows\SYSTEM32\wintypes.dll

dbghelp: loaded successfully - version: 4.0.5 - missing functions: none
symbol engine: initialized successfully - sym options: 0x614 - pdb path: .;C:\Program Files\Java\jdk-21\bin;C:\Windows\SYSTEM32;C:\Windows\WinSxS\amd64_microsoft.windows.common-controls_6595b64144ccf1df_6.0.19041.3636_none_60b6a03d71f818d5;C:\Program Files (x86)\360\Total Security\safemon;C:\Program Files\Java\jdk-21\bin\server

VM Arguments:
jvm_args: -Dfile.encoding=UTF-8 --module-path=C:\Users\asus\Documents\NetBeansProjects\Billing Management System\build\classes 
java_command: login
java_class_path (initial): C:\Program Files\NetBeans-19\netbeans\java\modules\ext\AbsoluteLayout.jar;C:\Users\asus\Documents\NetBeansProjects\Billing Management System\build\classes
Launcher Type: SUN_STANDARD

[Global flags]
     intx CICompilerCount                          = 4                                         {product} {ergonomic}
     uint ConcGCThreads                            = 2                                         {product} {ergonomic}
     uint G1ConcRefinementThreads                  = 8                                         {product} {ergonomic}
   size_t G1HeapRegionSize                         = 1048576                                   {product} {ergonomic}
    uintx GCDrainStackTargetSize                   = 64                                        {product} {ergonomic}
   size_t InitialHeapSize                          = 132120576                                 {product} {ergonomic}
   size_t MarkStackSize                            = 4194304                                   {product} {ergonomic}
   size_t MaxHeapSize                              = 2109734912                                {product} {ergonomic}
   size_t MaxNewSize                               = 1265631232                                {product} {ergonomic}
   size_t MinHeapDeltaBytes                        = 1048576                                   {product} {ergonomic}
   size_t MinHeapSize                              = 8388608                                   {product} {ergonomic}
    uintx NonNMethodCodeHeapSize                   = 5839372                                {pd product} {ergonomic}
    uintx NonProfiledCodeHeapSize                  = 122909434                              {pd product} {ergonomic}
    uintx ProfiledCodeHeapSize                     = 122909434                              {pd product} {ergonomic}
    uintx ReservedCodeCacheSize                    = 251658240                              {pd product} {ergonomic}
     bool SegmentedCodeCache                       = true                                      {product} {ergonomic}
   size_t SoftMaxHeapSize                          = 2109734912                             {manageable} {ergonomic}
     bool UseCompressedOops                        = true                           {product lp64_product} {ergonomic}
     bool UseG1GC                                  = true                                      {product} {ergonomic}
     bool UseLargePagesIndividualAllocation        = false                                  {pd product} {ergonomic}

Logging:
Log output configuration:
 #0: stdout all=warning uptime,level,tags foldmultilines=false
 #1: stderr all=off uptime,level,tags foldmultilines=false

Environment Variables:
PATH=C:\Program Files\Common Files\Oracle\Java\javapath;C:\Windows\system32;C:\Windows;C:\Windows\System32\Wbem;C:\Windows\System32\WindowsPowerShell\v1.0\;C:\Windows\System32\OpenSSH\;C:\Users\asus\AppData\Local\Programs\Python\Python311\Scripts\;C:\Users\asus\AppData\Local\Programs\Python\Python311\;C:\Users\asus\AppData\Local\Microsoft\WindowsApps;;C:\Program Files\JetBrains\IntelliJ IDEA Community Edition 2023.1.1\bin;
USERNAME=asus
OS=Windows_NT
PROCESSOR_IDENTIFIER=Intel64 Family 6 Model 142 Stepping 12, GenuineIntel
TMP=C:\Users\asus\AppData\Local\Temp
TEMP=C:\Users\asus\AppData\Local\Temp




Periodic native trim disabled

---------------  S Y S T E M  ---------------

OS:
 Windows 10 , 64 bit Build 19041 (10.0.19041.3636)
OS uptime: 1 days 7:10 hours

CPU: total 8 (initial active 8) (4 cores per cpu, 2 threads per core) family 6 model 142 stepping 12 microcode 0xca, cx8, cmov, fxsr, ht, mmx, 3dnowpref, sse, sse2, sse3, ssse3, sse4.1, sse4.2, popcnt, lzcnt, tsc, tscinvbit, avx, avx2, aes, erms, clmul, bmi1, bmi2, adx, fma, vzeroupper, clflush, clflushopt, rdtscp, f16c
Processor Information for all 8 processors :
  Max Mhz: 1800, Current Mhz: 1600, Mhz Limit: 1584

Memory: 4k page, system-wide physical 8043M (1628M free)
TotalPageFile size 8043M (AvailPageFile size 5M)
current process WorkingSet (physical memory assigned to process): 153M, peak: 153M
current process commit charge ("private bytes"): 256M, peak: 257M

vm_info: Java HotSpot(TM) 64-Bit Server VM (21.0.1+12-LTS-29) for windows-amd64 JRE (21.0.1+12-LTS-29), built on 2023-10-05T13:27:09Z by "mach5one" with MS VC++ 17.1 (VS2022)

END.
