#
# There is insufficient memory for the Java Runtime Environment to continue.
# Native memory allocation (malloc) failed to allocate 32744 bytes for Chunk::new
# Possible reasons:
#   The system is out of physical RAM or swap space
#   The process is running with CompressedOops enabled, and the Java Heap may be blocking the growth of the native heap
# Possible solutions:
#   Reduce memory load on the system
#   Increase physical memory or swap space
#   Check if swap backing store is full
#   Decrease Java heap size (-Xmx/-Xms)
#   Decrease number of Java threads
#   Decrease Java thread stack sizes (-Xss)
#   Set larger code cache with -XX:ReservedCodeCacheSize=
#   JVM is running with Unscaled Compressed Oops mode in which the Java heap is
#     placed in the first 4GB address space. The Java Heap base address is the
#     maximum limit for the native heap growth. Please use -XX:HeapBaseMinAddress
#     to set the Java Heap base and to place the Java Heap above 4GB virtual address.
# This output file may be truncated or incomplete.
#
#  Out of Memory Error (arena.cpp:168), pid=10572, tid=17096
#
# JRE version: Java(TM) SE Runtime Environment (21.0.1+12) (build 21.0.1+12-LTS-29)
# Java VM: Java HotSpot(TM) 64-Bit Server VM (21.0.1+12-LTS-29, mixed mode, sharing, tiered, compressed oops, compressed class ptrs, g1 gc, windows-amd64)
# No core dump will be written. Minidumps are not enabled by default on client versions of Windows
#

---------------  S U M M A R Y ------------

Command Line: -Dfile.encoding=UTF-8 --module-path=C:\Users\asus\Documents\NetBeansProjects\Billing Management System\build\classes home

Host: Intel(R) Core(TM) i5-8265U CPU @ 1.60GHz, 8 cores, 7G,  Windows 10 , 64 bit Build 19041 (10.0.19041.3636)
Time: Wed Feb 21 07:57:04 2024 Bangladesh Standard Time elapsed time: 35.775107 seconds (0d 0h 0m 35s)

---------------  T H R E A D  ---------------

Current thread (0x0000023c5b125310):  JavaThread "C2 CompilerThread0" daemon [_thread_in_native, id=17096, stack(0x000000d039300000,0x000000d039400000) (1024K)]


Current CompileTask:
C2:  35775 2537   !   4       sun.java2d.SunGraphics2D::drawImage (150 bytes)

Stack: [0x000000d039300000,0x000000d039400000]
Native frames: (J=compiled Java code, j=interpreted, Vv=VM code, C=native code)
V  [jvm.dll+0x6c9029]
V  [jvm.dll+0x854b81]
V  [jvm.dll+0x856e5e]
V  [jvm.dll+0x857543]
V  [jvm.dll+0x280c06]
V  [jvm.dll+0xc3ead]
V  [jvm.dll+0xc43c3]
V  [jvm.dll+0x3bb11d]
V  [jvm.dll+0x3ba7c1]
V  [jvm.dll+0x3ba804]
V  [jvm.dll+0x3b3bcc]
V  [jvm.dll+0x1e1f01]
V  [jvm.dll+0x249c22]
V  [jvm.dll+0x2490b1]
V  [jvm.dll+0x1c9ca1]
V  [jvm.dll+0x2586b9]
V  [jvm.dll+0x256c9a]
V  [jvm.dll+0x3ef1b6]
V  [jvm.dll+0x7fd728]
V  [jvm.dll+0x6c777d]
C  [ucrtbase.dll+0x21bb2]
C  [KERNEL32.DLL+0x17344]
C  [ntdll.dll+0x526b1]


---------------  P R O C E S S  ---------------

Threads class SMR info:
_java_thread_list=0x0000023ca32d04e0, length=17, elements={
0x0000023c5b1091d0, 0x0000023c5b10afa0, 0x0000023c5b10d220, 0x0000023c5b113780,
0x0000023c5b1145f0, 0x0000023c5b11f070, 0x0000023c5b125310, 0x0000023c5b12a1e0,
0x0000023c5b0d31d0, 0x0000023c5b3eb990, 0x0000023c5b43ad20, 0x0000023c5b541800,
0x0000023c5b542280, 0x0000023c5b5627b0, 0x0000023c3c53ca40, 0x0000023c5b61dbe0,
0x0000023ca1eadba0
}

Java Threads: ( => current thread )
  0x0000023c5b1091d0 JavaThread "Reference Handler"          daemon [_thread_blocked, id=6448, stack(0x000000d038d00000,0x000000d038e00000) (1024K)]
  0x0000023c5b10afa0 JavaThread "Finalizer"                  daemon [_thread_blocked, id=5160, stack(0x000000d038e00000,0x000000d038f00000) (1024K)]
  0x0000023c5b10d220 JavaThread "Signal Dispatcher"          daemon [_thread_blocked, id=7176, stack(0x000000d038f00000,0x000000d039000000) (1024K)]
  0x0000023c5b113780 JavaThread "Attach Listener"            daemon [_thread_blocked, id=15284, stack(0x000000d039000000,0x000000d039100000) (1024K)]
  0x0000023c5b1145f0 JavaThread "Service Thread"             daemon [_thread_blocked, id=7552, stack(0x000000d039100000,0x000000d039200000) (1024K)]
  0x0000023c5b11f070 JavaThread "Monitor Deflation Thread"   daemon [_thread_blocked, id=2748, stack(0x000000d039200000,0x000000d039300000) (1024K)]
=>0x0000023c5b125310 JavaThread "C2 CompilerThread0"         daemon [_thread_in_native, id=17096, stack(0x000000d039300000,0x000000d039400000) (1024K)]
  0x0000023c5b12a1e0 JavaThread "C1 CompilerThread0"         daemon [_thread_blocked, id=13464, stack(0x000000d039400000,0x000000d039500000) (1024K)]
  0x0000023c5b0d31d0 JavaThread "Common-Cleaner"             daemon [_thread_blocked, id=7180, stack(0x000000d039500000,0x000000d039600000) (1024K)]
  0x0000023c5b3eb990 JavaThread "Notification Thread"        daemon [_thread_blocked, id=16604, stack(0x000000d039600000,0x000000d039700000) (1024K)]
  0x0000023c5b43ad20 JavaThread "Java2D Disposer"            daemon [_thread_blocked, id=11556, stack(0x000000d039700000,0x000000d039800000) (1024K)]
  0x0000023c5b541800 JavaThread "AWT-Shutdown"                      [_thread_blocked, id=1012, stack(0x000000d039800000,0x000000d039900000) (1024K)]
  0x0000023c5b542280 JavaThread "AWT-Windows"                daemon [_thread_in_native, id=12804, stack(0x000000d039900000,0x000000d039a00000) (1024K)]
  0x0000023c5b5627b0 JavaThread "AWT-EventQueue-0"                  [_thread_in_Java, id=6412, stack(0x000000d039a00000,0x000000d039b00000) (1024K)]
  0x0000023c3c53ca40 JavaThread "DestroyJavaVM"                     [_thread_blocked, id=11240, stack(0x000000d038500000,0x000000d038600000) (1024K)]
  0x0000023c5b61dbe0 JavaThread "Image Animator 3"           daemon [_thread_blocked, id=15652, stack(0x000000d039b00000,0x000000d039c00000) (1024K)]
  0x0000023ca1eadba0 JavaThread "TimerQueue"                 daemon [_thread_blocked, id=5876, stack(0x000000d039c00000,0x000000d039d00000) (1024K)]
Total: 17

Other Threads:
  0x0000023c5b0e8d80 VMThread "VM Thread"                           [id=15240, stack(0x000000d038c00000,0x000000d038d00000) (1024K)]
  0x0000023c5b0d1ac0 WatcherThread "VM Periodic Task Thread"        [id=13096, stack(0x000000d038b00000,0x000000d038c00000) (1024K)]
  0x0000023c3e86bdd0 WorkerThread "GC Thread#0"                     [id=2852, stack(0x000000d038600000,0x000000d038700000) (1024K)]
  0x0000023ca1f11c90 WorkerThread "GC Thread#1"                     [id=12436, stack(0x000000d03a000000,0x000000d03a100000) (1024K)]
  0x0000023ca1f12030 WorkerThread "GC Thread#2"                     [id=11764, stack(0x000000d03a100000,0x000000d03a200000) (1024K)]
  0x0000023ca30e1360 WorkerThread "GC Thread#3"                     [id=17140, stack(0x000000d03a200000,0x000000d03a300000) (1024K)]
  0x0000023ca30e1700 WorkerThread "GC Thread#4"                     [id=2928, stack(0x000000d03a300000,0x000000d03a400000) (1024K)]
  0x0000023ca30e1aa0 WorkerThread "GC Thread#5"                     [id=6068, stack(0x000000d03a400000,0x000000d03a500000) (1024K)]
  0x0000023ca328d650 WorkerThread "GC Thread#6"                     [id=7892, stack(0x000000d03a500000,0x000000d03a600000) (1024K)]
  0x0000023ca33c9ae0 WorkerThread "GC Thread#7"                     [id=10556, stack(0x000000d03a600000,0x000000d03a700000) (1024K)]
  0x0000023c3e87da00 ConcurrentGCThread "G1 Main Marker"            [id=13332, stack(0x000000d038700000,0x000000d038800000) (1024K)]
  0x0000023c3e87ebb0 WorkerThread "G1 Conc#0"                       [id=4320, stack(0x000000d038800000,0x000000d038900000) (1024K)]
  0x0000023c3e8ee1f0 ConcurrentGCThread "G1 Refine#0"               [id=14900, stack(0x000000d038900000,0x000000d038a00000) (1024K)]
  0x0000023c5afa74e0 ConcurrentGCThread "G1 Service"                [id=7036, stack(0x000000d038a00000,0x000000d038b00000) (1024K)]
Total: 14

Threads with active compile tasks:
C2 CompilerThread0    35788 2537   !   4       sun.java2d.SunGraphics2D::drawImage (150 bytes)
Total: 1

VM state: not at safepoint (normal execution)

VM Mutex/Monitor currently owned by a thread: None

Heap address: 0x0000000082400000, size: 2012 MB, Compressed Oops mode: 32-bit

CDS archive(s) mapped at: [0x0000023c5c000000-0x0000023c5cc90000-0x0000023c5cc90000), size 13172736, SharedBaseAddress: 0x0000023c5c000000, ArchiveRelocationMode: 1.
Compressed class space mapped at: 0x0000023c5d000000-0x0000023c9d000000, reserved size: 1073741824
Narrow klass base: 0x0000023c5c000000, Narrow klass shift: 0, Narrow klass range: 0x100000000

GC Precious Log:
 CardTable entry size: 512
 Card Set container configuration: InlinePtr #cards 5 size 8 Array Of Cards #cards 12 size 40 Howl #buckets 4 coarsen threshold 1843 Howl Bitmap #cards 512 size 80 coarsen threshold 460 Card regions per heap region 1 cards per card region 2048
 CPUs: 8 total, 8 available
 Memory: 8043M
 Large Page Support: Disabled
 NUMA Support: Disabled
 Compressed Oops: Enabled (32-bit)
 Heap Region Size: 1M
 Heap Min Capacity: 8M
 Heap Initial Capacity: 126M
 Heap Max Capacity: 2012M
 Pre-touch: Disabled
 Parallel Workers: 8
 Concurrent Workers: 2
 Concurrent Refinement Workers: 8
 Periodic GC: Disabled

Heap:
 garbage-first heap   total 129024K, used 22284K [0x0000000082400000, 0x0000000100000000)
  region size 1024K, 5 young (5120K), 1 survivors (1024K)
 Metaspace       used 12477K, committed 12672K, reserved 1114112K
  class space    used 1346K, committed 1408K, reserved 1048576K

Heap Regions: E=young(eden), S=young(survivor), O=old, HS=humongous(starts), HC=humongous(continues), CS=collection set, F=free, TAMS=top-at-mark-start, PB=parsable bottom
|   0|0x0000000082400000, 0x0000000082500000, 0x0000000082500000|100%|HS|  |TAMS 0x0000000082400000| PB 0x0000000082400000| Complete 
|   1|0x0000000082500000, 0x0000000082600000, 0x0000000082600000|100%|HC|  |TAMS 0x0000000082500000| PB 0x0000000082500000| Complete 
|   2|0x0000000082600000, 0x0000000082700000, 0x0000000082700000|100%|HC|  |TAMS 0x0000000082600000| PB 0x0000000082600000| Complete 
|   3|0x0000000082700000, 0x0000000082800000, 0x0000000082800000|100%|HC|  |TAMS 0x0000000082700000| PB 0x0000000082700000| Complete 
|   4|0x0000000082800000, 0x0000000082900000, 0x0000000082900000|100%|HC|  |TAMS 0x0000000082800000| PB 0x0000000082800000| Complete 
|   5|0x0000000082900000, 0x0000000082a00000, 0x0000000082a00000|100%|HS|  |TAMS 0x0000000082900000| PB 0x0000000082900000| Complete 
|   6|0x0000000082a00000, 0x0000000082b00000, 0x0000000082b00000|100%|HC|  |TAMS 0x0000000082a00000| PB 0x0000000082a00000| Complete 
|   7|0x0000000082b00000, 0x0000000082c00000, 0x0000000082c00000|100%|HC|  |TAMS 0x0000000082b00000| PB 0x0000000082b00000| Complete 
|   8|0x0000000082c00000, 0x0000000082d00000, 0x0000000082d00000|100%|HC|  |TAMS 0x0000000082c00000| PB 0x0000000082c00000| Complete 
|   9|0x0000000082d00000, 0x0000000082e00000, 0x0000000082e00000|100%|HC|  |TAMS 0x0000000082d00000| PB 0x0000000082d00000| Complete 
|  10|0x0000000082e00000, 0x0000000082f00000, 0x0000000082f00000|100%|HC|  |TAMS 0x0000000082e00000| PB 0x0000000082e00000| Complete 
|  11|0x0000000082f00000, 0x0000000083000000, 0x0000000083000000|100%|HC|  |TAMS 0x0000000082f00000| PB 0x0000000082f00000| Complete 
|  12|0x0000000083000000, 0x0000000083100000, 0x0000000083100000|100%|HS|  |TAMS 0x0000000083000000| PB 0x0000000083000000| Complete 
|  13|0x0000000083100000, 0x0000000083200000, 0x0000000083200000|100%|HC|  |TAMS 0x0000000083100000| PB 0x0000000083100000| Complete 
|  14|0x0000000083200000, 0x0000000083300000, 0x0000000083300000|100%| O|  |TAMS 0x0000000083200000| PB 0x0000000083200000| Untracked 
|  15|0x0000000083300000, 0x0000000083400000, 0x0000000083400000|100%| O|  |TAMS 0x0000000083300000| PB 0x0000000083300000| Untracked 
|  16|0x0000000083400000, 0x0000000083500000, 0x0000000083500000|100%| O|  |TAMS 0x0000000083400000| PB 0x0000000083400000| Untracked 
|  17|0x0000000083500000, 0x0000000083600000, 0x0000000083600000|100%| O|  |TAMS 0x0000000083500000| PB 0x0000000083500000| Untracked 
|  18|0x0000000083600000, 0x0000000083642600, 0x0000000083700000| 25%| O|  |TAMS 0x0000000083600000| PB 0x0000000083600000| Untracked 
|  19|0x0000000083700000, 0x0000000083700000, 0x0000000083800000|  0%| F|  |TAMS 0x0000000083700000| PB 0x0000000083700000| Untracked 
|  20|0x0000000083800000, 0x0000000083800000, 0x0000000083900000|  0%| F|  |TAMS 0x0000000083800000| PB 0x0000000083800000| Untracked 
|  21|0x0000000083900000, 0x0000000083900000, 0x0000000083a00000|  0%| F|  |TAMS 0x0000000083900000| PB 0x0000000083900000| Untracked 
|  22|0x0000000083a00000, 0x0000000083a00000, 0x0000000083b00000|  0%| F|  |TAMS 0x0000000083a00000| PB 0x0000000083a00000| Untracked 
|  23|0x0000000083b00000, 0x0000000083b00000, 0x0000000083c00000|  0%| F|  |TAMS 0x0000000083b00000| PB 0x0000000083b00000| Untracked 
|  24|0x0000000083c00000, 0x0000000083c00000, 0x0000000083d00000|  0%| F|  |TAMS 0x0000000083c00000| PB 0x0000000083c00000| Untracked 
|  25|0x0000000083d00000, 0x0000000083d00000, 0x0000000083e00000|  0%| F|  |TAMS 0x0000000083d00000| PB 0x0000000083d00000| Untracked 
|  26|0x0000000083e00000, 0x0000000083e00000, 0x0000000083f00000|  0%| F|  |TAMS 0x0000000083e00000| PB 0x0000000083e00000| Untracked 
|  27|0x0000000083f00000, 0x0000000083f00000, 0x0000000084000000|  0%| F|  |TAMS 0x0000000083f00000| PB 0x0000000083f00000| Untracked 
|  28|0x0000000084000000, 0x0000000084000000, 0x0000000084100000|  0%| F|  |TAMS 0x0000000084000000| PB 0x0000000084000000| Untracked 
|  29|0x0000000084100000, 0x0000000084100000, 0x0000000084200000|  0%| F|  |TAMS 0x0000000084100000| PB 0x0000000084100000| Untracked 
|  30|0x0000000084200000, 0x0000000084200000, 0x0000000084300000|  0%| F|  |TAMS 0x0000000084200000| PB 0x0000000084200000| Untracked 
|  31|0x0000000084300000, 0x0000000084300000, 0x0000000084400000|  0%| F|  |TAMS 0x0000000084300000| PB 0x0000000084300000| Untracked 
|  32|0x0000000084400000, 0x0000000084400000, 0x0000000084500000|  0%| F|  |TAMS 0x0000000084400000| PB 0x0000000084400000| Untracked 
|  33|0x0000000084500000, 0x0000000084500000, 0x0000000084600000|  0%| F|  |TAMS 0x0000000084500000| PB 0x0000000084500000| Untracked 
|  34|0x0000000084600000, 0x0000000084600000, 0x0000000084700000|  0%| F|  |TAMS 0x0000000084600000| PB 0x0000000084600000| Untracked 
|  35|0x0000000084700000, 0x0000000084700000, 0x0000000084800000|  0%| F|  |TAMS 0x0000000084700000| PB 0x0000000084700000| Untracked 
|  36|0x0000000084800000, 0x0000000084800000, 0x0000000084900000|  0%| F|  |TAMS 0x0000000084800000| PB 0x0000000084800000| Untracked 
|  37|0x0000000084900000, 0x0000000084900000, 0x0000000084a00000|  0%| F|  |TAMS 0x0000000084900000| PB 0x0000000084900000| Untracked 
|  38|0x0000000084a00000, 0x0000000084a00000, 0x0000000084b00000|  0%| F|  |TAMS 0x0000000084a00000| PB 0x0000000084a00000| Untracked 
|  39|0x0000000084b00000, 0x0000000084b00000, 0x0000000084c00000|  0%| F|  |TAMS 0x0000000084b00000| PB 0x0000000084b00000| Untracked 
|  40|0x0000000084c00000, 0x0000000084c00000, 0x0000000084d00000|  0%| F|  |TAMS 0x0000000084c00000| PB 0x0000000084c00000| Untracked 
|  41|0x0000000084d00000, 0x0000000084d00000, 0x0000000084e00000|  0%| F|  |TAMS 0x0000000084d00000| PB 0x0000000084d00000| Untracked 
|  42|0x0000000084e00000, 0x0000000084e00000, 0x0000000084f00000|  0%| F|  |TAMS 0x0000000084e00000| PB 0x0000000084e00000| Untracked 
|  43|0x0000000084f00000, 0x0000000084f00000, 0x0000000085000000|  0%| F|  |TAMS 0x0000000084f00000| PB 0x0000000084f00000| Untracked 
|  44|0x0000000085000000, 0x0000000085000000, 0x0000000085100000|  0%| F|  |TAMS 0x0000000085000000| PB 0x0000000085000000| Untracked 
|  45|0x0000000085100000, 0x0000000085100000, 0x0000000085200000|  0%| F|  |TAMS 0x0000000085100000| PB 0x0000000085100000| Untracked 
|  46|0x0000000085200000, 0x0000000085200000, 0x0000000085300000|  0%| F|  |TAMS 0x0000000085200000| PB 0x0000000085200000| Untracked 
|  47|0x0000000085300000, 0x0000000085300000, 0x0000000085400000|  0%| F|  |TAMS 0x0000000085300000| PB 0x0000000085300000| Untracked 
|  48|0x0000000085400000, 0x0000000085400000, 0x0000000085500000|  0%| F|  |TAMS 0x0000000085400000| PB 0x0000000085400000| Untracked 
|  49|0x0000000085500000, 0x0000000085500000, 0x0000000085600000|  0%| F|  |TAMS 0x0000000085500000| PB 0x0000000085500000| Untracked 
|  50|0x0000000085600000, 0x0000000085600000, 0x0000000085700000|  0%| F|  |TAMS 0x0000000085600000| PB 0x0000000085600000| Untracked 
|  51|0x0000000085700000, 0x0000000085700000, 0x0000000085800000|  0%| F|  |TAMS 0x0000000085700000| PB 0x0000000085700000| Untracked 
|  52|0x0000000085800000, 0x0000000085800000, 0x0000000085900000|  0%| F|  |TAMS 0x0000000085800000| PB 0x0000000085800000| Untracked 
|  53|0x0000000085900000, 0x0000000085900000, 0x0000000085a00000|  0%| F|  |TAMS 0x0000000085900000| PB 0x0000000085900000| Untracked 
|  54|0x0000000085a00000, 0x0000000085a00000, 0x0000000085b00000|  0%| F|  |TAMS 0x0000000085a00000| PB 0x0000000085a00000| Untracked 
|  55|0x0000000085b00000, 0x0000000085b00000, 0x0000000085c00000|  0%| F|  |TAMS 0x0000000085b00000| PB 0x0000000085b00000| Untracked 
|  56|0x0000000085c00000, 0x0000000085c00000, 0x0000000085d00000|  0%| F|  |TAMS 0x0000000085c00000| PB 0x0000000085c00000| Untracked 
|  57|0x0000000085d00000, 0x0000000085d00000, 0x0000000085e00000|  0%| F|  |TAMS 0x0000000085d00000| PB 0x0000000085d00000| Untracked 
|  58|0x0000000085e00000, 0x0000000085e00000, 0x0000000085f00000|  0%| F|  |TAMS 0x0000000085e00000| PB 0x0000000085e00000| Untracked 
|  59|0x0000000085f00000, 0x0000000085f00000, 0x0000000086000000|  0%| F|  |TAMS 0x0000000085f00000| PB 0x0000000085f00000| Untracked 
|  60|0x0000000086000000, 0x0000000086000000, 0x0000000086100000|  0%| F|  |TAMS 0x0000000086000000| PB 0x0000000086000000| Untracked 
|  61|0x0000000086100000, 0x0000000086100000, 0x0000000086200000|  0%| F|  |TAMS 0x0000000086100000| PB 0x0000000086100000| Untracked 
|  62|0x0000000086200000, 0x0000000086200000, 0x0000000086300000|  0%| F|  |TAMS 0x0000000086200000| PB 0x0000000086200000| Untracked 
|  63|0x0000000086300000, 0x0000000086300000, 0x0000000086400000|  0%| F|  |TAMS 0x0000000086300000| PB 0x0000000086300000| Untracked 
|  64|0x0000000086400000, 0x0000000086400000, 0x0000000086500000|  0%| F|  |TAMS 0x0000000086400000| PB 0x0000000086400000| Untracked 
|  65|0x0000000086500000, 0x0000000086500000, 0x0000000086600000|  0%| F|  |TAMS 0x0000000086500000| PB 0x0000000086500000| Untracked 
|  66|0x0000000086600000, 0x0000000086600000, 0x0000000086700000|  0%| F|  |TAMS 0x0000000086600000| PB 0x0000000086600000| Untracked 
|  67|0x0000000086700000, 0x0000000086700000, 0x0000000086800000|  0%| F|  |TAMS 0x0000000086700000| PB 0x0000000086700000| Untracked 
|  68|0x0000000086800000, 0x0000000086800000, 0x0000000086900000|  0%| F|  |TAMS 0x0000000086800000| PB 0x0000000086800000| Untracked 
|  69|0x0000000086900000, 0x0000000086900000, 0x0000000086a00000|  0%| F|  |TAMS 0x0000000086900000| PB 0x0000000086900000| Untracked 
|  70|0x0000000086a00000, 0x0000000086a00000, 0x0000000086b00000|  0%| F|  |TAMS 0x0000000086a00000| PB 0x0000000086a00000| Untracked 
|  71|0x0000000086b00000, 0x0000000086b00000, 0x0000000086c00000|  0%| F|  |TAMS 0x0000000086b00000| PB 0x0000000086b00000| Untracked 
|  72|0x0000000086c00000, 0x0000000086c00000, 0x0000000086d00000|  0%| F|  |TAMS 0x0000000086c00000| PB 0x0000000086c00000| Untracked 
|  73|0x0000000086d00000, 0x0000000086d00000, 0x0000000086e00000|  0%| F|  |TAMS 0x0000000086d00000| PB 0x0000000086d00000| Untracked 
|  74|0x0000000086e00000, 0x0000000086e00000, 0x0000000086f00000|  0%| F|  |TAMS 0x0000000086e00000| PB 0x0000000086e00000| Untracked 
|  75|0x0000000086f00000, 0x0000000086f00000, 0x0000000087000000|  0%| F|  |TAMS 0x0000000086f00000| PB 0x0000000086f00000| Untracked 
|  76|0x0000000087000000, 0x0000000087000000, 0x0000000087100000|  0%| F|  |TAMS 0x0000000087000000| PB 0x0000000087000000| Untracked 
|  77|0x0000000087100000, 0x0000000087100000, 0x0000000087200000|  0%| F|  |TAMS 0x0000000087100000| PB 0x0000000087100000| Untracked 
|  78|0x0000000087200000, 0x0000000087200000, 0x0000000087300000|  0%| F|  |TAMS 0x0000000087200000| PB 0x0000000087200000| Untracked 
|  79|0x0000000087300000, 0x0000000087300000, 0x0000000087400000|  0%| F|  |TAMS 0x0000000087300000| PB 0x0000000087300000| Untracked 
|  80|0x0000000087400000, 0x0000000087400000, 0x0000000087500000|  0%| F|  |TAMS 0x0000000087400000| PB 0x0000000087400000| Untracked 
|  81|0x0000000087500000, 0x0000000087500000, 0x0000000087600000|  0%| F|  |TAMS 0x0000000087500000| PB 0x0000000087500000| Untracked 
|  82|0x0000000087600000, 0x0000000087600000, 0x0000000087700000|  0%| F|  |TAMS 0x0000000087600000| PB 0x0000000087600000| Untracked 
|  83|0x0000000087700000, 0x0000000087700000, 0x0000000087800000|  0%| F|  |TAMS 0x0000000087700000| PB 0x0000000087700000| Untracked 
|  84|0x0000000087800000, 0x0000000087800000, 0x0000000087900000|  0%| F|  |TAMS 0x0000000087800000| PB 0x0000000087800000| Untracked 
|  85|0x0000000087900000, 0x0000000087900000, 0x0000000087a00000|  0%| F|  |TAMS 0x0000000087900000| PB 0x0000000087900000| Untracked 
|  86|0x0000000087a00000, 0x0000000087a00000, 0x0000000087b00000|  0%| F|  |TAMS 0x0000000087a00000| PB 0x0000000087a00000| Untracked 
|  87|0x0000000087b00000, 0x0000000087b00000, 0x0000000087c00000|  0%| F|  |TAMS 0x0000000087b00000| PB 0x0000000087b00000| Untracked 
|  88|0x0000000087c00000, 0x0000000087c00000, 0x0000000087d00000|  0%| F|  |TAMS 0x0000000087c00000| PB 0x0000000087c00000| Untracked 
|  89|0x0000000087d00000, 0x0000000087d00000, 0x0000000087e00000|  0%| F|  |TAMS 0x0000000087d00000| PB 0x0000000087d00000| Untracked 
|  90|0x0000000087e00000, 0x0000000087e00000, 0x0000000087f00000|  0%| F|  |TAMS 0x0000000087e00000| PB 0x0000000087e00000| Untracked 
|  91|0x0000000087f00000, 0x0000000087f00000, 0x0000000088000000|  0%| F|  |TAMS 0x0000000087f00000| PB 0x0000000087f00000| Untracked 
|  92|0x0000000088000000, 0x0000000088000000, 0x0000000088100000|  0%| F|  |TAMS 0x0000000088000000| PB 0x0000000088000000| Untracked 
|  93|0x0000000088100000, 0x0000000088180dc0, 0x0000000088200000| 50%| S|CS|TAMS 0x0000000088100000| PB 0x0000000088100000| Complete 
|  94|0x0000000088200000, 0x0000000088200000, 0x0000000088300000|  0%| F|  |TAMS 0x0000000088200000| PB 0x0000000088200000| Untracked 
|  95|0x0000000088300000, 0x0000000088300000, 0x0000000088400000|  0%| F|  |TAMS 0x0000000088300000| PB 0x0000000088300000| Untracked 
|  96|0x0000000088400000, 0x0000000088400000, 0x0000000088500000|  0%| F|  |TAMS 0x0000000088400000| PB 0x0000000088400000| Untracked 
|  97|0x0000000088500000, 0x0000000088500000, 0x0000000088600000|  0%| F|  |TAMS 0x0000000088500000| PB 0x0000000088500000| Untracked 
|  98|0x0000000088600000, 0x0000000088600000, 0x0000000088700000|  0%| F|  |TAMS 0x0000000088600000| PB 0x0000000088600000| Untracked 
|  99|0x0000000088700000, 0x0000000088700000, 0x0000000088800000|  0%| F|  |TAMS 0x0000000088700000| PB 0x0000000088700000| Untracked 
| 100|0x0000000088800000, 0x0000000088800000, 0x0000000088900000|  0%| F|  |TAMS 0x0000000088800000| PB 0x0000000088800000| Untracked 
| 101|0x0000000088900000, 0x0000000088900000, 0x0000000088a00000|  0%| F|  |TAMS 0x0000000088900000| PB 0x0000000088900000| Untracked 
| 102|0x0000000088a00000, 0x0000000088a00000, 0x0000000088b00000|  0%| F|  |TAMS 0x0000000088a00000| PB 0x0000000088a00000| Untracked 
| 103|0x0000000088b00000, 0x0000000088b00000, 0x0000000088c00000|  0%| F|  |TAMS 0x0000000088b00000| PB 0x0000000088b00000| Untracked 
| 104|0x0000000088c00000, 0x0000000088c00000, 0x0000000088d00000|  0%| F|  |TAMS 0x0000000088c00000| PB 0x0000000088c00000| Untracked 
| 105|0x0000000088d00000, 0x0000000088d00000, 0x0000000088e00000|  0%| F|  |TAMS 0x0000000088d00000| PB 0x0000000088d00000| Untracked 
| 106|0x0000000088e00000, 0x0000000088e00000, 0x0000000088f00000|  0%| F|  |TAMS 0x0000000088e00000| PB 0x0000000088e00000| Untracked 
| 107|0x0000000088f00000, 0x0000000088f00000, 0x0000000089000000|  0%| F|  |TAMS 0x0000000088f00000| PB 0x0000000088f00000| Untracked 
| 108|0x0000000089000000, 0x0000000089000000, 0x0000000089100000|  0%| F|  |TAMS 0x0000000089000000| PB 0x0000000089000000| Untracked 
| 109|0x0000000089100000, 0x0000000089100000, 0x0000000089200000|  0%| F|  |TAMS 0x0000000089100000| PB 0x0000000089100000| Untracked 
| 110|0x0000000089200000, 0x0000000089200000, 0x0000000089300000|  0%| F|  |TAMS 0x0000000089200000| PB 0x0000000089200000| Untracked 
| 111|0x0000000089300000, 0x0000000089300000, 0x0000000089400000|  0%| F|  |TAMS 0x0000000089300000| PB 0x0000000089300000| Untracked 
| 112|0x0000000089400000, 0x0000000089400000, 0x0000000089500000|  0%| F|  |TAMS 0x0000000089400000| PB 0x0000000089400000| Untracked 
| 113|0x0000000089500000, 0x0000000089500000, 0x0000000089600000|  0%| F|  |TAMS 0x0000000089500000| PB 0x0000000089500000| Untracked 
| 114|0x0000000089600000, 0x0000000089600000, 0x0000000089700000|  0%| F|  |TAMS 0x0000000089600000| PB 0x0000000089600000| Untracked 
| 115|0x0000000089700000, 0x0000000089700000, 0x0000000089800000|  0%| F|  |TAMS 0x0000000089700000| PB 0x0000000089700000| Untracked 
| 116|0x0000000089800000, 0x0000000089800000, 0x0000000089900000|  0%| F|  |TAMS 0x0000000089800000| PB 0x0000000089800000| Untracked 
| 117|0x0000000089900000, 0x0000000089900000, 0x0000000089a00000|  0%| F|  |TAMS 0x0000000089900000| PB 0x0000000089900000| Untracked 
| 118|0x0000000089a00000, 0x0000000089a00000, 0x0000000089b00000|  0%| F|  |TAMS 0x0000000089a00000| PB 0x0000000089a00000| Untracked 
| 119|0x0000000089b00000, 0x0000000089b00000, 0x0000000089c00000|  0%| F|  |TAMS 0x0000000089b00000| PB 0x0000000089b00000| Untracked 
| 120|0x0000000089c00000, 0x0000000089c00000, 0x0000000089d00000|  0%| F|  |TAMS 0x0000000089c00000| PB 0x0000000089c00000| Untracked 
| 121|0x0000000089d00000, 0x0000000089d00000, 0x0000000089e00000|  0%| F|  |TAMS 0x0000000089d00000| PB 0x0000000089d00000| Untracked 
| 122|0x0000000089e00000, 0x0000000089ec0a70, 0x0000000089f00000| 75%| E|  |TAMS 0x0000000089e00000| PB 0x0000000089e00000| Complete 
| 123|0x0000000089f00000, 0x000000008a000000, 0x000000008a000000|100%| E|CS|TAMS 0x0000000089f00000| PB 0x0000000089f00000| Complete 
| 124|0x000000008a000000, 0x000000008a100000, 0x000000008a100000|100%| E|CS|TAMS 0x000000008a000000| PB 0x000000008a000000| Complete 
| 125|0x000000008a100000, 0x000000008a200000, 0x000000008a200000|100%| E|CS|TAMS 0x000000008a100000| PB 0x000000008a100000| Complete 

Card table byte_map: [0x0000023c563a0000,0x0000023c56790000] _byte_map_base: 0x0000023c55f8e000

Marking Bits: (CMBitMap*) 0x0000023c3e86c3e0
 Bits: [0x0000023c56790000, 0x0000023c58700000)

Polling page: 0x0000023c3c790000

Metaspace:

Usage:
  Non-class:     10.87 MB used.
      Class:      1.31 MB used.
       Both:     12.18 MB used.

Virtual space:
  Non-class space:       64.00 MB reserved,      11.00 MB ( 17%) committed,  1 nodes.
      Class space:        1.00 GB reserved,       1.38 MB ( <1%) committed,  1 nodes.
             Both:        1.06 GB reserved,      12.38 MB (  1%) committed. 

Chunk freelists:
   Non-Class:  4.98 MB
       Class:  14.57 MB
        Both:  19.55 MB

MaxMetaspaceSize: unlimited
CompressedClassSpaceSize: 1.00 GB
Initial GC threshold: 21.00 MB
Current GC threshold: 21.00 MB
CDS: on
 - commit_granule_bytes: 65536.
 - commit_granule_words: 8192.
 - virtual_space_node_default_size: 8388608.
 - enlarge_chunks_in_place: 1.
 - use_allocation_guard: 0.


Internal statistics:

num_allocs_failed_limit: 0.
num_arena_births: 166.
num_arena_deaths: 0.
num_vsnodes_births: 2.
num_vsnodes_deaths: 0.
num_space_committed: 198.
num_space_uncommitted: 0.
num_chunks_returned_to_freelist: 0.
num_chunks_taken_from_freelist: 226.
num_chunk_merges: 0.
num_chunk_splits: 132.
num_chunks_enlarged: 60.
num_inconsistent_stats: 0.

CodeHeap 'non-profiled nmethods': size=120000Kb used=1464Kb max_used=1464Kb free=118535Kb
 bounds [0x0000023c4e750000, 0x0000023c4e9c0000, 0x0000023c55c80000]
CodeHeap 'profiled nmethods': size=120000Kb used=4997Kb max_used=4997Kb free=115002Kb
 bounds [0x0000023c46c80000, 0x0000023c47170000, 0x0000023c4e1b0000]
CodeHeap 'non-nmethods': size=5760Kb used=1650Kb max_used=1713Kb free=4110Kb
 bounds [0x0000023c4e1b0000, 0x0000023c4e420000, 0x0000023c4e750000]
 total_blobs=3236 nmethods=2540 adapters=600
 compilation: enabled
              stopped_count=0, restarted_count=0
 full_count=0

Compilation events (20 events):
Event: 35.302 Thread 0x0000023c5b12a1e0 nmethod 2532 0x0000023c47154d90 code [0x0000023c47154f40, 0x0000023c47155158]
Event: 35.303 Thread 0x0000023c5b12a1e0 2533       3       java.awt.image.Raster::createPackedRaster (181 bytes)
Event: 35.304 Thread 0x0000023c5b12a1e0 nmethod 2533 0x0000023c47155210 code [0x0000023c47155500, 0x0000023c471568b8]
Event: 35.306 Thread 0x0000023c5b12a1e0 2534       3       java.awt.image.BufferedImage::<init> (1021 bytes)
Event: 35.306 Thread 0x0000023c5b125310 2535       4       java.util.concurrent.locks.AbstractQueuedSynchronizer::release (19 bytes)
Event: 35.311 Thread 0x0000023c5b12a1e0 nmethod 2534 0x0000023c47156e10 code [0x0000023c47157560, 0x0000023c4715cf50]
Event: 35.311 Thread 0x0000023c5b125310 nmethod 2535 0x0000023c4e8bd710 code [0x0000023c4e8bd8e0, 0x0000023c4e8bdc40]
Event: 35.432 Thread 0x0000023c5b125310 2536       4       java.lang.Math::min (45 bytes)
Event: 35.433 Thread 0x0000023c5b125310 nmethod 2536 0x0000023c4e8bde90 code [0x0000023c4e8be040, 0x0000023c4e8be140]
Event: 35.526 Thread 0x0000023c5b125310 2537   !   4       sun.java2d.SunGraphics2D::drawImage (150 bytes)
Event: 35.709 Thread 0x0000023c5b12a1e0 2538       3       javax.swing.text.AbstractDocument$BranchElement::getElementIndex (238 bytes)
Event: 35.710 Thread 0x0000023c5b12a1e0 nmethod 2538 0x0000023c4715e490 code [0x0000023c4715e720, 0x0000023c4715f500]
Event: 35.710 Thread 0x0000023c5b12a1e0 2539       3       javax.swing.text.AbstractDocument$BranchElement::getStartOffset (10 bytes)
Event: 35.710 Thread 0x0000023c5b12a1e0 nmethod 2539 0x0000023c4715f990 code [0x0000023c4715fb40, 0x0000023c4715fd40]
Event: 35.710 Thread 0x0000023c5b12a1e0 2540       3       sun.awt.SunDisplayChanger::add (64 bytes)
Event: 35.711 Thread 0x0000023c5b12a1e0 nmethod 2540 0x0000023c4715fe90 code [0x0000023c47160120, 0x0000023c47160b40]
Event: 35.713 Thread 0x0000023c5b12a1e0 2541       3       java.awt.GraphicsEnvironment::getLocalGraphicsEnvironment (4 bytes)
Event: 35.713 Thread 0x0000023c5b12a1e0 nmethod 2541 0x0000023c47160e90 code [0x0000023c47161020, 0x0000023c47161118]
Event: 35.713 Thread 0x0000023c5b12a1e0 2542       3       sun.java2d.SunGraphicsEnvironment::addDisplayChangedListener (9 bytes)
Event: 35.713 Thread 0x0000023c5b12a1e0 nmethod 2542 0x0000023c47161190 code [0x0000023c47161340, 0x0000023c47161498]

GC Heap History (4 events):
Event: 13.574 GC heap before
{Heap before GC invocations=0 (full 0):
 garbage-first heap   total 129024K, used 37888K [0x0000000082400000, 0x0000000100000000)
  region size 1024K, 23 young (23552K), 0 survivors (0K)
 Metaspace       used 12117K, committed 12352K, reserved 1114112K
  class space    used 1346K, committed 1408K, reserved 1048576K
}
Event: 13.579 GC heap after
{Heap after GC invocations=1 (full 0):
 garbage-first heap   total 129024K, used 18631K [0x0000000082400000, 0x0000000100000000)
  region size 1024K, 3 young (3072K), 3 survivors (3072K)
 Metaspace       used 12117K, committed 12352K, reserved 1114112K
  class space    used 1346K, committed 1408K, reserved 1048576K
}
Event: 33.635 GC heap before
{Heap before GC invocations=1 (full 0):
 garbage-first heap   total 129024K, used 48327K [0x0000000082400000, 0x0000000100000000)
  region size 1024K, 32 young (32768K), 3 survivors (3072K)
 Metaspace       used 12466K, committed 12672K, reserved 1114112K
  class space    used 1346K, committed 1408K, reserved 1048576K
}
Event: 33.643 GC heap after
{Heap after GC invocations=2 (full 0):
 garbage-first heap   total 129024K, used 19212K [0x0000000082400000, 0x0000000100000000)
  region size 1024K, 1 young (1024K), 1 survivors (1024K)
 Metaspace       used 12466K, committed 12672K, reserved 1114112K
  class space    used 1346K, committed 1408K, reserved 1048576K
}

Dll operation events (9 events):
Event: 0.054 Loaded shared library C:\Program Files\Java\jdk-21\bin\java.dll
Event: 0.242 Loaded shared library C:\Program Files\Java\jdk-21\bin\jsvml.dll
Event: 0.309 Loaded shared library C:\Program Files\Java\jdk-21\bin\net.dll
Event: 0.312 Loaded shared library C:\Program Files\Java\jdk-21\bin\nio.dll
Event: 0.374 Loaded shared library C:\Program Files\Java\jdk-21\bin\zip.dll
Event: 0.395 Loaded shared library C:\Program Files\Java\jdk-21\bin\jimage.dll
Event: 0.420 Loaded shared library C:\Program Files\Java\jdk-21\bin\awt.dll
Event: 0.624 Loaded shared library C:\Program Files\Java\jdk-21\bin\freetype.dll
Event: 0.625 Loaded shared library C:\Program Files\Java\jdk-21\bin\fontmanager.dll

Deoptimization events (20 events):
Event: 13.112 Thread 0x0000023c5b5627b0 Uncommon trap: trap_request=0xffffffde fr.pc=0x0000023c4e7600e0 relative=0x00000000000001c0
Event: 13.112 Thread 0x0000023c5b5627b0 Uncommon trap: reason=class_check action=maybe_recompile pc=0x0000023c4e7600e0 method=java.lang.String.equals(Ljava/lang/Object;)Z @ 8 c2
Event: 13.112 Thread 0x0000023c5b5627b0 DEOPT PACKING pc=0x0000023c4e7600e0 sp=0x000000d039afdef0
Event: 13.112 Thread 0x0000023c5b5627b0 DEOPT UNPACKING pc=0x0000023c4e2046a2 sp=0x000000d039afde78 mode 2
Event: 13.112 Thread 0x0000023c5b5627b0 Uncommon trap: trap_request=0xffffffde fr.pc=0x0000023c4e7600e0 relative=0x00000000000001c0
Event: 13.112 Thread 0x0000023c5b5627b0 Uncommon trap: reason=class_check action=maybe_recompile pc=0x0000023c4e7600e0 method=java.lang.String.equals(Ljava/lang/Object;)Z @ 8 c2
Event: 13.112 Thread 0x0000023c5b5627b0 DEOPT PACKING pc=0x0000023c4e7600e0 sp=0x000000d039afdef0
Event: 13.112 Thread 0x0000023c5b5627b0 DEOPT UNPACKING pc=0x0000023c4e2046a2 sp=0x000000d039afde78 mode 2
Event: 16.794 Thread 0x0000023c5b5627b0 DEOPT PACKING pc=0x0000023c46fdceca sp=0x000000d039afcf70
Event: 16.794 Thread 0x0000023c5b5627b0 DEOPT UNPACKING pc=0x0000023c4e204e42 sp=0x000000d039afc350 mode 0
Event: 17.548 Thread 0x0000023c5b5627b0 DEOPT PACKING pc=0x0000023c46f455e6 sp=0x000000d039afcd90
Event: 17.548 Thread 0x0000023c5b5627b0 DEOPT UNPACKING pc=0x0000023c4e204e42 sp=0x000000d039afc270 mode 0
Event: 20.355 Thread 0x0000023c5b61dbe0 DEOPT PACKING pc=0x0000023c4706a055 sp=0x000000d039bff0c0
Event: 20.355 Thread 0x0000023c5b61dbe0 DEOPT UNPACKING pc=0x0000023c4e204e42 sp=0x000000d039bfe578 mode 0
Event: 21.225 Thread 0x0000023c5b61dbe0 DEOPT PACKING pc=0x0000023c4706b583 sp=0x000000d039bff080
Event: 21.225 Thread 0x0000023c5b61dbe0 DEOPT UNPACKING pc=0x0000023c4e204e42 sp=0x000000d039bfe540 mode 0
Event: 24.655 Thread 0x0000023c5b5627b0 DEOPT PACKING pc=0x0000023c4703af9e sp=0x000000d039afea50
Event: 24.655 Thread 0x0000023c5b5627b0 DEOPT UNPACKING pc=0x0000023c4e204e42 sp=0x000000d039afdee0 mode 0
Event: 24.847 Thread 0x0000023c5b5627b0 DEOPT PACKING pc=0x0000023c46fa4a1d sp=0x000000d039afcfa0
Event: 24.847 Thread 0x0000023c5b5627b0 DEOPT UNPACKING pc=0x0000023c4e204e42 sp=0x000000d039afc410 mode 0

Classes loaded (20 events):
Event: 12.500 Loading class javax/swing/Timer$1
Event: 12.501 Loading class javax/swing/Timer$1 done
Event: 13.110 Loading class sun/awt/DebugSettings
Event: 13.110 Loading class sun/awt/DebugSettings done
Event: 13.110 Loading class javax/swing/JComponent$KeyboardState
Event: 13.111 Loading class javax/swing/JComponent$KeyboardState done
Event: 13.111 Loading class javax/swing/JComponent$IntVector
Event: 13.111 Loading class javax/swing/JComponent$IntVector done
Event: 13.111 Loading class javax/swing/KeyboardManager
Event: 13.111 Loading class javax/swing/KeyboardManager done
Event: 13.111 Loading class javax/swing/Popup$HeavyWeightWindow
Event: 13.111 Loading class sun/awt/ModalExclude
Event: 13.111 Loading class sun/awt/ModalExclude done
Event: 13.111 Loading class javax/swing/JWindow
Event: 13.111 Loading class javax/swing/JWindow done
Event: 13.111 Loading class javax/swing/Popup$HeavyWeightWindow done
Event: 13.111 Loading class javax/swing/JComponent$ActionStandin
Event: 13.111 Loading class javax/swing/JComponent$ActionStandin done
Event: 14.390 Loading class javax/swing/Autoscroller
Event: 14.390 Loading class javax/swing/Autoscroller done

Classes unloaded (0 events):
No events

Classes redefined (0 events):
No events

Internal exceptions (20 events):
Event: 0.697 Thread 0x0000023c3c53ca40 Exception <a 'java/lang/ClassNotFoundException'{0x0000000089cc61f8}: Tree> (0x0000000089cc61f8) 
thrown [s\open\src\hotspot\share\classfile\systemDictionary.cpp, line 312]
Event: 0.697 Thread 0x0000023c3c53ca40 Exception <a 'java/lang/ClassNotFoundException'{0x0000000089cc6568}: javax/swing/JTreeCell> (0x0000000089cc6568) 
thrown [s\open\src\hotspot\share\classfile\systemDictionary.cpp, line 312]
Event: 0.697 Thread 0x0000023c3c53ca40 Exception <a 'java/lang/ClassNotFoundException'{0x0000000089cc6870}: TreeCell> (0x0000000089cc6870) 
thrown [s\open\src\hotspot\share\classfile\systemDictionary.cpp, line 312]
Event: 0.698 Thread 0x0000023c3c53ca40 Exception <a 'java/lang/ClassNotFoundException'{0x0000000089cc7018}: RootPane> (0x0000000089cc7018) 
thrown [s\open\src\hotspot\share\classfile\systemDictionary.cpp, line 312]
Event: 0.701 Thread 0x0000023c3c53ca40 Exception <a 'java/lang/ClassNotFoundException'{0x0000000089cc9da8}: com/sun/swing/internal/plaf/metal/resources/spi/metalProvider> (0x0000000089cc9da8) 
thrown [s\open\src\hotspot\share\classfile\systemDictionary.cpp, line 312]
Event: 0.702 Thread 0x0000023c3c53ca40 Exception <a 'java/lang/ClassNotFoundException'{0x0000000089ccda58}: com/sun/swing/internal/plaf/basic/resources/spi/basicProvider> (0x0000000089ccda58) 
thrown [s\open\src\hotspot\share\classfile\systemDictionary.cpp, line 312]
Event: 0.737 Thread 0x0000023c5b5627b0 Exception <a 'java/lang/ClassNotFoundException'{0x0000000089b8ca70}: com/sun/swing/internal/plaf/synth/resources/spi/synthProvider> (0x0000000089b8ca70) 
thrown [s\open\src\hotspot\share\classfile\systemDictionary.cpp, line 312]
Event: 0.762 Thread 0x0000023c5b5627b0 Exception <a 'java/lang/NoSuchMethodError'{0x0000000089bcfae0}: 'int java.lang.invoke.Invokers$Holder.invokeExact_MT(java.lang.Object, java.lang.Object)'> (0x0000000089bcfae0) 
thrown [s\open\src\hotspot\share\interpreter\linkResolver.cpp, line 773]
Event: 0.767 Thread 0x0000023c5b5627b0 Exception <a 'java/lang/NoSuchMethodError'{0x0000000089bd58a8}: 'java.lang.Object java.lang.invoke.DirectMethodHandle$Holder.newInvokeSpecial(java.lang.Object, java.lang.Object, int)'> (0x0000000089bd58a8) 
thrown [s\open\src\hotspot\share\interpreter\linkResolver.cpp, line 773]
Event: 0.768 Thread 0x0000023c5b5627b0 Exception <a 'java/lang/NoSuchMethodError'{0x0000000089bda758}: 'int java.lang.invoke.DirectMethodHandle$Holder.invokeSpecial(java.lang.Object, java.lang.Object, java.lang.Object, int)'> (0x0000000089bda758) 
thrown [s\open\src\hotspot\share\interpreter\linkResolver.cpp, line 773]
Event: 0.770 Thread 0x0000023c5b5627b0 Exception <a 'java/lang/NoSuchMethodError'{0x0000000089becdb0}: 'java.lang.Object java.lang.invoke.DirectMethodHandle$Holder.invokeStatic(java.lang.Object, java.lang.Object, java.lang.Object, java.lang.Object, int)'> (0x0000000089becdb0) 
thrown [s\open\src\hotspot\share\interpreter\linkResolver.cpp, line 773]
Event: 0.772 Thread 0x0000023c5b5627b0 Exception <a 'java/lang/NoSuchMethodError'{0x0000000089a0b468}: 'int java.lang.invoke.DirectMethodHandle$Holder.invokeSpecial(java.lang.Object, java.lang.Object, java.lang.Object)'> (0x0000000089a0b468) 
thrown [s\open\src\hotspot\share\interpreter\linkResolver.cpp, line 773]
Event: 0.889 Thread 0x0000023ca1c03720 Exception <a 'java/lang/NoSuchMethodError'{0x0000000089819e20}: 'java.lang.Object java.lang.invoke.DirectMethodHandle$Holder.newInvokeSpecial(java.lang.Object, java.lang.Object, java.lang.Object, int, int, int, int, int)'> (0x0000000089819e20) 
thrown [s\open\src\hotspot\share\interpreter\linkResolver.cpp, line 773]
Event: 1.059 Thread 0x0000023c5b542280 Exception <a 'java/lang/NoSuchMethodError'{0x0000000089efa358}: 'void java.lang.invoke.DirectMethodHandle$Holder.invokeVirtual(java.lang.Object, java.lang.Object)'> (0x0000000089efa358) 
thrown [s\open\src\hotspot\share\interpreter\linkResolver.cpp, line 773]
Event: 1.085 Thread 0x0000023c5b5627b0 Exception <a 'java/lang/NoSuchMethodError'{0x00000000893ed9e0}: 'void java.lang.invoke.DirectMethodHandle$Holder.invokeStaticInit(java.lang.Object)'> (0x00000000893ed9e0) 
thrown [s\open\src\hotspot\share\interpreter\linkResolver.cpp, line 773]
Event: 11.265 Thread 0x0000023c5b61dbe0 Exception <a 'java/lang/InterruptedException'{0x0000000089088f38}: sleep interrupted> (0x0000000089088f38) 
thrown [s\open\src\hotspot\share\prims\jvm.cpp, line 3052]
Event: 11.698 Thread 0x0000023c5b5627b0 Implicit null exception at 0x0000023c4e7e70ac to 0x0000023c4e7e75f9
Event: 11.698 Thread 0x0000023c5b5627b0 Implicit null exception at 0x0000023c4e7e70ac to 0x0000023c4e7e75f9
Event: 11.699 Thread 0x0000023c5b5627b0 Implicit null exception at 0x0000023c4e7e70ac to 0x0000023c4e7e75f9
Event: 11.699 Thread 0x0000023c5b5627b0 Implicit null exception at 0x0000023c4e7e70ac to 0x0000023c4e7e75f9

ZGC Phase Switch (0 events):
No events

VM Operations (20 events):
Event: 25.670 Executing VM operation: Cleanup
Event: 25.670 Executing VM operation: Cleanup done
Event: 26.683 Executing VM operation: Cleanup
Event: 26.683 Executing VM operation: Cleanup done
Event: 27.697 Executing VM operation: Cleanup
Event: 27.697 Executing VM operation: Cleanup done
Event: 28.698 Executing VM operation: Cleanup
Event: 28.698 Executing VM operation: Cleanup done
Event: 29.699 Executing VM operation: Cleanup
Event: 29.699 Executing VM operation: Cleanup done
Event: 30.713 Executing VM operation: Cleanup
Event: 30.713 Executing VM operation: Cleanup done
Event: 32.728 Executing VM operation: Cleanup
Event: 32.729 Executing VM operation: Cleanup done
Event: 33.635 Executing VM operation: G1CollectForAllocation (G1 Evacuation Pause)
Event: 33.643 Executing VM operation: G1CollectForAllocation (G1 Evacuation Pause) done
Event: 34.653 Executing VM operation: Cleanup
Event: 34.653 Executing VM operation: Cleanup done
Event: 35.663 Executing VM operation: Cleanup
Event: 35.663 Executing VM operation: Cleanup done

Events (20 events):
Event: 0.239 Thread 0x0000023c5b125310 Thread added: 0x0000023c5b125310
Event: 0.240 Thread 0x0000023c5b12a1e0 Thread added: 0x0000023c5b12a1e0
Event: 0.280 Thread 0x0000023c5b0d31d0 Thread added: 0x0000023c5b0d31d0
Event: 0.367 Thread 0x0000023c5b3eb990 Thread added: 0x0000023c5b3eb990
Event: 0.519 Thread 0x0000023c5b43ad20 Thread added: 0x0000023c5b43ad20
Event: 0.521 Thread 0x0000023c5b541800 Thread added: 0x0000023c5b541800
Event: 0.523 Thread 0x0000023c5b542280 Thread added: 0x0000023c5b542280
Event: 0.723 Thread 0x0000023c5b5627b0 Thread added: 0x0000023c5b5627b0
Event: 0.723 Thread 0x0000023c3c53ca40 Thread exited: 0x0000023c3c53ca40
Event: 0.723 Thread 0x0000023c3c53ca40 Thread added: 0x0000023c3c53ca40
Event: 0.796 Thread 0x0000023ca1c03720 Thread added: 0x0000023ca1c03720
Event: 0.868 Thread 0x0000023ca1c30040 Thread added: 0x0000023ca1c30040
Event: 1.461 Thread 0x0000023ca1c30040 Thread exited: 0x0000023ca1c30040
Event: 6.052 Thread 0x0000023ca1c03720 Thread exited: 0x0000023ca1c03720
Event: 11.260 Thread 0x0000023c5b61dbe0 Thread added: 0x0000023c5b61dbe0
Event: 11.272 Thread 0x0000023ca1eadba0 Thread added: 0x0000023ca1eadba0
Event: 11.376 Thread 0x0000023ca1e9bab0 Thread added: 0x0000023ca1e9bab0
Event: 11.408 Thread 0x0000023ca2ec6eb0 Thread added: 0x0000023ca2ec6eb0
Event: 11.996 Thread 0x0000023ca2ec6eb0 Thread exited: 0x0000023ca2ec6eb0
Event: 11.996 Thread 0x0000023ca1e9bab0 Thread exited: 0x0000023ca1e9bab0


Dynamic libraries:
0x00007ff669520000 - 0x00007ff669530000 	C:\Program Files\Java\jdk-21\bin\java.exe
0x00007ffbadf70000 - 0x00007ffbae168000 	C:\Windows\SYSTEM32\ntdll.dll
0x00007ffbac480000 - 0x00007ffbac53d000 	C:\Windows\System32\KERNEL32.DLL
0x00007ffbab8a0000 - 0x00007ffbabb96000 	C:\Windows\System32\KERNELBASE.dll
0x00007ffbabba0000 - 0x00007ffbabca0000 	C:\Windows\System32\ucrtbase.dll
0x00007ffb7b330000 - 0x00007ffb7b34b000 	C:\Program Files\Java\jdk-21\bin\VCRUNTIME140.dll
0x00007ffba4940000 - 0x00007ffba4959000 	C:\Program Files\Java\jdk-21\bin\jli.dll
0x00007ffbad020000 - 0x00007ffbad0d3000 	C:\Windows\System32\ADVAPI32.dll
0x00007ffbac960000 - 0x00007ffbac9fe000 	C:\Windows\System32\msvcrt.dll
0x00007ffbacd00000 - 0x00007ffbacd9f000 	C:\Windows\System32\sechost.dll
0x00007ffbac740000 - 0x00007ffbac866000 	C:\Windows\System32\RPCRT4.dll
0x00007ffbab790000 - 0x00007ffbab7b7000 	C:\Windows\System32\bcrypt.dll
0x00007ffbace80000 - 0x00007ffbad01e000 	C:\Windows\System32\USER32.dll
0x00007ffbabca0000 - 0x00007ffbabcc2000 	C:\Windows\System32\win32u.dll
0x00007ffbabfe0000 - 0x00007ffbac00b000 	C:\Windows\System32\GDI32.dll
0x00007ffbabcd0000 - 0x00007ffbabde7000 	C:\Windows\System32\gdi32full.dll
0x00007ffbabe60000 - 0x00007ffbabefd000 	C:\Windows\System32\msvcp_win.dll
0x00007ffb9d280000 - 0x00007ffb9d51a000 	C:\Windows\WinSxS\amd64_microsoft.windows.common-controls_6595b64144ccf1df_6.0.19041.3636_none_60b6a03d71f818d5\COMCTL32.dll
0x00007ffba5250000 - 0x00007ffba525a000 	C:\Windows\SYSTEM32\VERSION.dll
0x00007ffbaccc0000 - 0x00007ffbaccf2000 	C:\Windows\System32\IMM32.DLL
0x00007ffba5d10000 - 0x00007ffba5d1c000 	C:\Program Files\Java\jdk-21\bin\vcruntime140_1.dll
0x00007ffb76d60000 - 0x00007ffb76dee000 	C:\Program Files\Java\jdk-21\bin\msvcp140.dll
0x00007ffb36190000 - 0x00007ffb36ea5000 	C:\Program Files\Java\jdk-21\bin\server\jvm.dll
0x00007ffbac6d0000 - 0x00007ffbac73b000 	C:\Windows\System32\WS2_32.dll
0x00007ffba5d20000 - 0x00007ffba5d47000 	C:\Windows\SYSTEM32\WINMM.dll
0x00007ffbaab70000 - 0x00007ffbaabbb000 	C:\Windows\SYSTEM32\POWRPROF.dll
0x00007ffbaaa40000 - 0x00007ffbaaa52000 	C:\Windows\SYSTEM32\UMPDC.dll
0x00007ffba9e70000 - 0x00007ffba9e82000 	C:\Windows\SYSTEM32\kernel.appcore.dll
0x00007ffb7a900000 - 0x00007ffb7a90a000 	C:\Program Files\Java\jdk-21\bin\jimage.dll
0x00007ffba93e0000 - 0x00007ffba95c4000 	C:\Windows\SYSTEM32\DBGHELP.DLL
0x00007ffba2ae0000 - 0x00007ffba2b14000 	C:\Windows\SYSTEM32\dbgcore.DLL
0x00007ffbab7c0000 - 0x00007ffbab842000 	C:\Windows\System32\bcryptPrimitives.dll
0x00007ffb7b310000 - 0x00007ffb7b32f000 	C:\Program Files\Java\jdk-21\bin\java.dll
0x00007ffbad360000 - 0x00007ffbadaa5000 	C:\Windows\System32\SHELL32.dll
0x00007ffba96c0000 - 0x00007ffba9e5c000 	C:\Windows\SYSTEM32\windows.storage.dll
0x00007ffbadbd0000 - 0x00007ffbadf24000 	C:\Windows\System32\combase.dll
0x00007ffbab060000 - 0x00007ffbab08e000 	C:\Windows\SYSTEM32\Wldp.dll
0x00007ffbad0e0000 - 0x00007ffbad1ad000 	C:\Windows\System32\OLEAUT32.dll
0x00007ffbadb20000 - 0x00007ffbadbcd000 	C:\Windows\System32\SHCORE.dll
0x00007ffbacc60000 - 0x00007ffbaccb5000 	C:\Windows\System32\shlwapi.dll
0x00007ffbab560000 - 0x00007ffbab585000 	C:\Windows\SYSTEM32\profapi.dll
0x00007ffb76df0000 - 0x00007ffb76ec7000 	C:\Program Files\Java\jdk-21\bin\jsvml.dll
0x00007ffb7a8f0000 - 0x00007ffb7a900000 	C:\Program Files\Java\jdk-21\bin\net.dll
0x00007ffba31d0000 - 0x00007ffba32da000 	C:\Windows\SYSTEM32\WINHTTP.dll
0x00007ffbaadc0000 - 0x00007ffbaae2a000 	C:\Windows\system32\mswsock.dll
0x00007ffb7a270000 - 0x00007ffb7a286000 	C:\Program Files\Java\jdk-21\bin\nio.dll
0x00007ffb7a250000 - 0x00007ffb7a268000 	C:\Program Files\Java\jdk-21\bin\zip.dll
0x00007ffb5bfc0000 - 0x00007ffb5c14f000 	C:\Program Files\Java\jdk-21\bin\awt.dll
0x00007ffba8ad0000 - 0x00007ffba8b60000 	C:\Windows\SYSTEM32\apphelp.dll
0x00007ffba8c70000 - 0x00007ffba8d0e000 	C:\Windows\system32\uxtheme.dll
0x00007ffbacb40000 - 0x00007ffbacc54000 	C:\Windows\System32\MSCTF.dll
0x00007ffbaca00000 - 0x00007ffbacb2b000 	C:\Windows\System32\ole32.dll
0x00007ffba8e50000 - 0x00007ffba8e7f000 	C:\Windows\system32\DWMAPI.DLL
0x00007ffb76cd0000 - 0x00007ffb76d57000 	C:\Program Files\Java\jdk-21\bin\freetype.dll
0x00007ffb5bee0000 - 0x00007ffb5bfb3000 	C:\Program Files\Java\jdk-21\bin\fontmanager.dll
0x00007ffb92e50000 - 0x00007ffb92f75000 	C:\Windows\system32\opengl32.dll
0x00007ffba4450000 - 0x00007ffba447c000 	C:\Windows\SYSTEM32\GLU32.dll
0x00007ffb93c20000 - 0x00007ffb93d19000 	C:\Windows\SYSTEM32\textinputframework.dll
0x00007ffba8850000 - 0x00007ffba8942000 	C:\Windows\System32\CoreMessaging.dll
0x00007ffba84f0000 - 0x00007ffba884b000 	C:\Windows\System32\CoreUIComponents.dll
0x00007ffbaa7a0000 - 0x00007ffbaa7d3000 	C:\Windows\SYSTEM32\ntmarta.dll
0x00007ffba7e20000 - 0x00007ffba7f75000 	C:\Windows\SYSTEM32\wintypes.dll
0x00007ffbac540000 - 0x00007ffbac5e9000 	C:\Windows\System32\clbcatq.dll
0x00007ffb91650000 - 0x00007ffb91804000 	C:\Windows\SYSTEM32\WindowsCodecs.dll
0x00007ffb9b950000 - 0x00007ffb9b98e000 	C:\Windows\system32\dataexchange.dll
0x00007ffba75f0000 - 0x00007ffba7853000 	C:\Windows\system32\d3d11.dll
0x00007ffba7f80000 - 0x00007ffba8163000 	C:\Windows\system32\dcomp.dll
0x00007ffba9ee0000 - 0x00007ffba9fd3000 	C:\Windows\system32\dxgi.dll
0x00007ffba3eb0000 - 0x00007ffba40b3000 	C:\Windows\system32\twinapi.appcore.dll

dbghelp: loaded successfully - version: 4.0.5 - missing functions: none
symbol engine: initialized successfully - sym options: 0x614 - pdb path: .;C:\Program Files\Java\jdk-21\bin;C:\Windows\SYSTEM32;C:\Windows\WinSxS\amd64_microsoft.windows.common-controls_6595b64144ccf1df_6.0.19041.3636_none_60b6a03d71f818d5;C:\Program Files\Java\jdk-21\bin\server

VM Arguments:
jvm_args: -Dfile.encoding=UTF-8 --module-path=C:\Users\asus\Documents\NetBeansProjects\Billing Management System\build\classes 
java_command: home
java_class_path (initial): C:\Program Files\NetBeans-19\netbeans\java\modules\ext\AbsoluteLayout.jar;C:\Users\asus\Downloads\mysql-connector-j-8.3.0;C:\Users\asus\Documents\NetBeansProjects\Billing Management System\build\classes
Launcher Type: SUN_STANDARD

[Global flags]
     intx CICompilerCount                          = 4                                         {product} {ergonomic}
     uint ConcGCThreads                            = 2                                         {product} {ergonomic}
     uint G1ConcRefinementThreads                  = 8                                         {product} {ergonomic}
   size_t G1HeapRegionSize                         = 1048576                                   {product} {ergonomic}
    uintx GCDrainStackTargetSize                   = 64                                        {product} {ergonomic}
   size_t InitialHeapSize                          = 132120576                                 {product} {ergonomic}
   size_t MarkStackSize                            = 4194304                                   {product} {ergonomic}
   size_t MaxHeapSize                              = 2109734912                                {product} {ergonomic}
   size_t MaxNewSize                               = 1265631232                                {product} {ergonomic}
   size_t MinHeapDeltaBytes                        = 1048576                                   {product} {ergonomic}
   size_t MinHeapSize                              = 8388608                                   {product} {ergonomic}
    uintx NonNMethodCodeHeapSize                   = 5839372                                {pd product} {ergonomic}
    uintx NonProfiledCodeHeapSize                  = 122909434                              {pd product} {ergonomic}
    uintx ProfiledCodeHeapSize                     = 122909434                              {pd product} {ergonomic}
    uintx ReservedCodeCacheSize                    = 251658240                              {pd product} {ergonomic}
     bool SegmentedCodeCache                       = true                                      {product} {ergonomic}
   size_t SoftMaxHeapSize                          = 2109734912                             {manageable} {ergonomic}
     bool UseCompressedOops                        = true                           {product lp64_product} {ergonomic}
     bool UseG1GC                                  = true                                      {product} {ergonomic}
     bool UseLargePagesIndividualAllocation        = false                                  {pd product} {ergonomic}

Logging:
Log output configuration:
 #0: stdout all=warning uptime,level,tags foldmultilines=false
 #1: stderr all=off uptime,level,tags foldmultilines=false

Environment Variables:
PATH=C:\Program Files\Common Files\Oracle\Java\javapath;C:\Windows\system32;C:\Windows;C:\Windows\System32\Wbem;C:\Windows\System32\WindowsPowerShell\v1.0\;C:\Windows\System32\OpenSSH\;C:\Users\asus\AppData\Local\Programs\Python\Python311\Scripts\;C:\Users\asus\AppData\Local\Programs\Python\Python311\;C:\Users\asus\AppData\Local\Microsoft\WindowsApps;;C:\Program Files\JetBrains\IntelliJ IDEA Community Edition 2023.1.1\bin;
USERNAME=asus
OS=Windows_NT
PROCESSOR_IDENTIFIER=Intel64 Family 6 Model 142 Stepping 12, GenuineIntel
TMP=C:\Users\asus\AppData\Local\Temp
TEMP=C:\Users\asus\AppData\Local\Temp




Periodic native trim disabled

---------------  S Y S T E M  ---------------

OS:
 Windows 10 , 64 bit Build 19041 (10.0.19041.3636)
OS uptime: 2 days 4:34 hours

CPU: total 8 (initial active 8) (4 cores per cpu, 2 threads per core) family 6 model 142 stepping 12 microcode 0xca, cx8, cmov, fxsr, ht, mmx, 3dnowpref, sse, sse2, sse3, ssse3, sse4.1, sse4.2, popcnt, lzcnt, tsc, tscinvbit, avx, avx2, aes, erms, clmul, bmi1, bmi2, adx, fma, vzeroupper, clflush, clflushopt, rdtscp, f16c
Processor Information for all 8 processors :
  Max Mhz: 1800, Current Mhz: 1600, Mhz Limit: 1584

Memory: 4k page, system-wide physical 8043M (1823M free)
TotalPageFile size 8043M (AvailPageFile size 4M)
current process WorkingSet (physical memory assigned to process): 159M, peak: 159M
current process commit charge ("private bytes"): 274M, peak: 274M

vm_info: Java HotSpot(TM) 64-Bit Server VM (21.0.1+12-LTS-29) for windows-amd64 JRE (21.0.1+12-LTS-29), built on 2023-10-05T13:27:09Z by "mach5one" with MS VC++ 17.1 (VS2022)

END.
