#
# There is insufficient memory for the Java Runtime Environment to continue.
# Native memory allocation (mmap) failed to map 132120576 bytes for G1 virtual space
# Possible reasons:
#   The system is out of physical RAM or swap space
#   The process is running with CompressedOops enabled, and the Java Heap may be blocking the growth of the native heap
# Possible solutions:
#   Reduce memory load on the system
#   Increase physical memory or swap space
#   Check if swap backing store is full
#   Decrease Java heap size (-Xmx/-Xms)
#   Decrease number of Java threads
#   Decrease Java thread stack sizes (-Xss)
#   Set larger code cache with -XX:ReservedCodeCacheSize=
#   JVM is running with Unscaled Compressed Oops mode in which the Java heap is
#     placed in the first 4GB address space. The Java Heap base address is the
#     maximum limit for the native heap growth. Please use -XX:HeapBaseMinAddress
#     to set the Java Heap base and to place the Java Heap above 4GB virtual address.
# This output file may be truncated or incomplete.
#
#  Out of Memory Error (os_windows.cpp:3600), pid=6044, tid=1904
#
# JRE version:  (21.0.1+12) (build )
# Java VM: Java HotSpot(TM) 64-Bit Server VM (21.0.1+12-LTS-29, mixed mode, sharing, tiered, compressed oops, compressed class ptrs, g1 gc, windows-amd64)
# No core dump will be written. Minidumps are not enabled by default on client versions of Windows
#

---------------  S U M M A R Y ------------

Command Line: -Dfile.encoding=UTF-8 --module-path=C:\Users\asus\Documents\NetBeansProjects\Billing Management System\build\classes home

Host: Intel(R) Core(TM) i5-8265U CPU @ 1.60GHz, 8 cores, 7G,  Windows 10 , 64 bit Build 19041 (10.0.19041.3636)
Time: Wed Feb 21 07:55:35 2024 Bangladesh Standard Time elapsed time: 0.013719 seconds (0d 0h 0m 0s)

---------------  T H R E A D  ---------------

Current thread (0x00000224e729ad50):  JavaThread "Unknown thread" [_thread_in_vm, id=1904, stack(0x00000062e6600000,0x00000062e6700000) (1024K)]

Stack: [0x00000062e6600000,0x00000062e6700000]
Native frames: (J=compiled Java code, j=interpreted, Vv=VM code, C=native code)
V  [jvm.dll+0x6c9029]
V  [jvm.dll+0x854b81]
V  [jvm.dll+0x856e5e]
V  [jvm.dll+0x857543]
V  [jvm.dll+0x280c06]
V  [jvm.dll+0x6c5715]
V  [jvm.dll+0x6ba10a]
V  [jvm.dll+0x3557ea]
V  [jvm.dll+0x35d436]
V  [jvm.dll+0x3ae1be]
V  [jvm.dll+0x3ae468]
V  [jvm.dll+0x3291fc]
V  [jvm.dll+0x329d8b]
V  [jvm.dll+0x81d179]
V  [jvm.dll+0x3bb4f1]
V  [jvm.dll+0x805ae8]
V  [jvm.dll+0x44effe]
V  [jvm.dll+0x450901]
C  [jli.dll+0x52a3]
C  [ucrtbase.dll+0x21bb2]
C  [KERNEL32.DLL+0x17344]
C  [ntdll.dll+0x526b1]


---------------  P R O C E S S  ---------------

Threads class SMR info:
_java_thread_list=0x00007ffb36d59b88, length=0, elements={
}

Java Threads: ( => current thread )
Total: 0

Other Threads:
  0x00000224e949da60 WorkerThread "GC Thread#0"                     [id=9792, stack(0x00000062e6700000,0x00000062e6800000) (1024K)]
  0x00000224e94af690 ConcurrentGCThread "G1 Main Marker"            [id=10596, stack(0x00000062e6800000,0x00000062e6900000) (1024K)]
  0x00000224e94b0840 WorkerThread "G1 Conc#0"                       [id=16016, stack(0x00000062e6900000,0x00000062e6a00000) (1024K)]

[error occurred during error reporting (printing all threads), id 0xc0000005, EXCEPTION_ACCESS_VIOLATION (0xc0000005) at pc=0x00007ffb364cc2c7]
VM state: not at safepoint (not fully initialized)

VM Mutex/Monitor currently owned by a thread:  ([mutex/lock_event])
[0x00007ffb36dca6f8] Heap_lock - owner thread: 0x00000224e729ad50

Heap address: 0x0000000082400000, size: 2012 MB, Compressed Oops mode: 32-bit

CDS archive(s) mapped at: [0x0000000000000000-0x0000000000000000-0x0000000000000000), size 0, SharedBaseAddress: 0x0000000800000000, ArchiveRelocationMode: 1.
Narrow klass base: 0x0000000000000000, Narrow klass shift: 0, Narrow klass range: 0x0

GC Precious Log:
 CardTable entry size: 512
 Card Set container configuration: InlinePtr #cards 5 size 8 Array Of Cards #cards 12 size 40 Howl #buckets 4 coarsen threshold 1843 Howl Bitmap #cards 512 size 80 coarsen threshold 460 Card regions per heap region 1 cards per card region 2048

Heap:
 garbage-first heap   total 0K, used 0K [0x0000000082400000, 0x0000000100000000)
  region size 1024K, 0 young (0K), 0 survivors (0K)

[error occurred during error reporting (printing heap information), id 0xc0000005, EXCEPTION_ACCESS_VIOLATION (0xc0000005) at pc=0x00007ffb368b1be9]
GC Heap History (0 events):
No events

Dll operation events (1 events):
Event: 0.008 Loaded shared library C:\Program Files\Java\jdk-21\bin\java.dll

Deoptimization events (0 events):
No events

Classes loaded (0 events):
No events

Classes unloaded (0 events):
No events

Classes redefined (0 events):
No events

Internal exceptions (0 events):
No events

ZGC Phase Switch (0 events):
No events

VM Operations (0 events):
No events

Events (0 events):
No events


Dynamic libraries:
0x00007ff669520000 - 0x00007ff669530000 	C:\Program Files\Java\jdk-21\bin\java.exe
0x00007ffbadf70000 - 0x00007ffbae168000 	C:\Windows\SYSTEM32\ntdll.dll
0x00007ffbac480000 - 0x00007ffbac53d000 	C:\Windows\System32\KERNEL32.DLL
0x00007ffbab8a0000 - 0x00007ffbabb96000 	C:\Windows\System32\KERNELBASE.dll
0x00007ffbabba0000 - 0x00007ffbabca0000 	C:\Windows\System32\ucrtbase.dll
0x00007ffb7b330000 - 0x00007ffb7b34b000 	C:\Program Files\Java\jdk-21\bin\VCRUNTIME140.dll
0x00007ffba4940000 - 0x00007ffba4959000 	C:\Program Files\Java\jdk-21\bin\jli.dll
0x00007ffbad020000 - 0x00007ffbad0d3000 	C:\Windows\System32\ADVAPI32.dll
0x00007ffbac960000 - 0x00007ffbac9fe000 	C:\Windows\System32\msvcrt.dll
0x00007ffbacd00000 - 0x00007ffbacd9f000 	C:\Windows\System32\sechost.dll
0x00007ffbac740000 - 0x00007ffbac866000 	C:\Windows\System32\RPCRT4.dll
0x00007ffbab790000 - 0x00007ffbab7b7000 	C:\Windows\System32\bcrypt.dll
0x00007ffbace80000 - 0x00007ffbad01e000 	C:\Windows\System32\USER32.dll
0x00007ffbabca0000 - 0x00007ffbabcc2000 	C:\Windows\System32\win32u.dll
0x00007ffb9d280000 - 0x00007ffb9d51a000 	C:\Windows\WinSxS\amd64_microsoft.windows.common-controls_6595b64144ccf1df_6.0.19041.3636_none_60b6a03d71f818d5\COMCTL32.dll
0x00007ffbabfe0000 - 0x00007ffbac00b000 	C:\Windows\System32\GDI32.dll
0x00007ffbabcd0000 - 0x00007ffbabde7000 	C:\Windows\System32\gdi32full.dll
0x00007ffbabe60000 - 0x00007ffbabefd000 	C:\Windows\System32\msvcp_win.dll
0x00007ffba5250000 - 0x00007ffba525a000 	C:\Windows\SYSTEM32\VERSION.dll
0x00007ffbaccc0000 - 0x00007ffbaccf2000 	C:\Windows\System32\IMM32.DLL
0x00007ffba5d10000 - 0x00007ffba5d1c000 	C:\Program Files\Java\jdk-21\bin\vcruntime140_1.dll
0x00007ffb76d60000 - 0x00007ffb76dee000 	C:\Program Files\Java\jdk-21\bin\msvcp140.dll
0x00007ffb36190000 - 0x00007ffb36ea5000 	C:\Program Files\Java\jdk-21\bin\server\jvm.dll
0x00007ffbac6d0000 - 0x00007ffbac73b000 	C:\Windows\System32\WS2_32.dll
0x00007ffbaab70000 - 0x00007ffbaabbb000 	C:\Windows\SYSTEM32\POWRPROF.dll
0x00007ffba5d20000 - 0x00007ffba5d47000 	C:\Windows\SYSTEM32\WINMM.dll
0x00007ffbaaa40000 - 0x00007ffbaaa52000 	C:\Windows\SYSTEM32\UMPDC.dll
0x00007ffba9e70000 - 0x00007ffba9e82000 	C:\Windows\SYSTEM32\kernel.appcore.dll
0x00007ffb7a900000 - 0x00007ffb7a90a000 	C:\Program Files\Java\jdk-21\bin\jimage.dll
0x00007ffba93e0000 - 0x00007ffba95c4000 	C:\Windows\SYSTEM32\DBGHELP.DLL
0x00007ffba2ae0000 - 0x00007ffba2b14000 	C:\Windows\SYSTEM32\dbgcore.DLL
0x00007ffbab7c0000 - 0x00007ffbab842000 	C:\Windows\System32\bcryptPrimitives.dll
0x00007ffb7b310000 - 0x00007ffb7b32f000 	C:\Program Files\Java\jdk-21\bin\java.dll

dbghelp: loaded successfully - version: 4.0.5 - missing functions: none
symbol engine: initialized successfully - sym options: 0x614 - pdb path: .;C:\Program Files\Java\jdk-21\bin;C:\Windows\SYSTEM32;C:\Windows\WinSxS\amd64_microsoft.windows.common-controls_6595b64144ccf1df_6.0.19041.3636_none_60b6a03d71f818d5;C:\Program Files\Java\jdk-21\bin\server

VM Arguments:
jvm_args: -Dfile.encoding=UTF-8 --module-path=C:\Users\asus\Documents\NetBeansProjects\Billing Management System\build\classes 
java_command: home
java_class_path (initial): C:\Program Files\NetBeans-19\netbeans\java\modules\ext\AbsoluteLayout.jar;C:\Users\asus\Downloads\mysql-connector-j-8.3.0;C:\Users\asus\Documents\NetBeansProjects\Billing Management System\build\classes
Launcher Type: SUN_STANDARD

[Global flags]
     intx CICompilerCount                          = 4                                         {product} {ergonomic}
     uint ConcGCThreads                            = 2                                         {product} {ergonomic}
     uint G1ConcRefinementThreads                  = 8                                         {product} {ergonomic}
   size_t G1HeapRegionSize                         = 1048576                                   {product} {ergonomic}
    uintx GCDrainStackTargetSize                   = 64                                        {product} {ergonomic}
   size_t InitialHeapSize                          = 132120576                                 {product} {ergonomic}
   size_t MarkStackSize                            = 4194304                                   {product} {ergonomic}
   size_t MaxHeapSize                              = 2109734912                                {product} {ergonomic}
   size_t MinHeapDeltaBytes                        = 1048576                                   {product} {ergonomic}
   size_t MinHeapSize                              = 8388608                                   {product} {ergonomic}
    uintx NonNMethodCodeHeapSize                   = 5839372                                {pd product} {ergonomic}
    uintx NonProfiledCodeHeapSize                  = 122909434                              {pd product} {ergonomic}
    uintx ProfiledCodeHeapSize                     = 122909434                              {pd product} {ergonomic}
    uintx ReservedCodeCacheSize                    = 251658240                              {pd product} {ergonomic}
     bool SegmentedCodeCache                       = true                                      {product} {ergonomic}
   size_t SoftMaxHeapSize                          = 2109734912                             {manageable} {ergonomic}
     bool UseCompressedOops                        = true                           {product lp64_product} {ergonomic}
     bool UseG1GC                                  = true                                      {product} {ergonomic}
     bool UseLargePagesIndividualAllocation        = false                                  {pd product} {ergonomic}

Logging:
Log output configuration:
 #0: stdout all=warning uptime,level,tags foldmultilines=false
 #1: stderr all=off uptime,level,tags foldmultilines=false

Environment Variables:
PATH=C:\Program Files\Common Files\Oracle\Java\javapath;C:\Windows\system32;C:\Windows;C:\Windows\System32\Wbem;C:\Windows\System32\WindowsPowerShell\v1.0\;C:\Windows\System32\OpenSSH\;C:\Users\asus\AppData\Local\Programs\Python\Python311\Scripts\;C:\Users\asus\AppData\Local\Programs\Python\Python311\;C:\Users\asus\AppData\Local\Microsoft\WindowsApps;;C:\Program Files\JetBrains\IntelliJ IDEA Community Edition 2023.1.1\bin;
USERNAME=asus
OS=Windows_NT
PROCESSOR_IDENTIFIER=Intel64 Family 6 Model 142 Stepping 12, GenuineIntel
TMP=C:\Users\asus\AppData\Local\Temp
TEMP=C:\Users\asus\AppData\Local\Temp




Periodic native trim disabled

---------------  S Y S T E M  ---------------

OS:
 Windows 10 , 64 bit Build 19041 (10.0.19041.3636)
OS uptime: 2 days 4:33 hours

CPU: total 8 (initial active 8) (4 cores per cpu, 2 threads per core) family 6 model 142 stepping 12 microcode 0xca, cx8, cmov, fxsr, ht, mmx, 3dnowpref, sse, sse2, sse3, ssse3, sse4.1, sse4.2, popcnt, lzcnt, tsc, tscinvbit, avx, avx2, aes, erms, clmul, bmi1, bmi2, adx, fma, vzeroupper, clflush, clflushopt, rdtscp, f16c
Processor Information for all 8 processors :
  Max Mhz: 1800, Current Mhz: 1600, Mhz Limit: 1584

Memory: 4k page, system-wide physical 8043M (1837M free)
TotalPageFile size 8043M (AvailPageFile size 99M)
current process WorkingSet (physical memory assigned to process): 10M, peak: 10M
current process commit charge ("private bytes"): 60M, peak: 186M

vm_info: Java HotSpot(TM) 64-Bit Server VM (21.0.1+12-LTS-29) for windows-amd64 JRE (21.0.1+12-LTS-29), built on 2023-10-05T13:27:09Z by "mach5one" with MS VC++ 17.1 (VS2022)

END.
