#
# There is insufficient memory for the Java Runtime Environment to continue.
# Native memory allocation (mmap) failed to map 65536 bytes for Failed to commit metaspace.
# Possible reasons:
#   The system is out of physical RAM or swap space
#   The process is running with CompressedOops enabled, and the Java Heap may be blocking the growth of the native heap
# Possible solutions:
#   Reduce memory load on the system
#   Increase physical memory or swap space
#   Check if swap backing store is full
#   Decrease Java heap size (-Xmx/-Xms)
#   Decrease number of Java threads
#   Decrease Java thread stack sizes (-Xss)
#   Set larger code cache with -XX:ReservedCodeCacheSize=
#   JVM is running with Unscaled Compressed Oops mode in which the Java heap is
#     placed in the first 4GB address space. The Java Heap base address is the
#     maximum limit for the native heap growth. Please use -XX:HeapBaseMinAddress
#     to set the Java Heap base and to place the Java Heap above 4GB virtual address.
# This output file may be truncated or incomplete.
#
#  Out of Memory Error (virtualSpaceNode.cpp:112), pid=14904, tid=2428
#
# JRE version: Java(TM) SE Runtime Environment (21.0.1+12) (build 21.0.1+12-LTS-29)
# Java VM: Java HotSpot(TM) 64-Bit Server VM (21.0.1+12-LTS-29, mixed mode, sharing, tiered, compressed oops, compressed class ptrs, g1 gc, windows-amd64)
# No core dump will be written. Minidumps are not enabled by default on client versions of Windows
#

---------------  S U M M A R Y ------------

Command Line: -Dfile.encoding=UTF-8 --module-path=C:\Users\asus\Documents\NetBeansProjects\Billing Management System\build\classes newBuyer

Host: Intel(R) Core(TM) i5-8265U CPU @ 1.60GHz, 8 cores, 7G,  Windows 10 , 64 bit Build 19041 (10.0.19041.3636)
Time: Wed Feb 21 08:18:54 2024 Bangladesh Standard Time elapsed time: 0.188387 seconds (0d 0h 0m 0s)

---------------  T H R E A D  ---------------

Current thread (0x00000203dbf7c660):  JavaThread "main"             [_thread_in_vm, id=2428, stack(0x000000ecdd300000,0x000000ecdd400000) (1024K)]

Stack: [0x000000ecdd300000,0x000000ecdd400000]
Native frames: (J=compiled Java code, j=interpreted, Vv=VM code, C=native code)
V  [jvm.dll+0x6c9029]
V  [jvm.dll+0x854b81]
V  [jvm.dll+0x856e5e]
V  [jvm.dll+0x857543]
V  [jvm.dll+0x280c06]
V  [jvm.dll+0x8508ae]
V  [jvm.dll+0x66ca45]
V  [jvm.dll+0x66caaa]
V  [jvm.dll+0x66f2a6]
V  [jvm.dll+0x66f172]
V  [jvm.dll+0x66d41e]
V  [jvm.dll+0x677657]
V  [jvm.dll+0x217a53]
V  [jvm.dll+0x217f95]
V  [jvm.dll+0x2189b1]
V  [jvm.dll+0x20dc4e]
V  [jvm.dll+0x5ac6dc]
V  [jvm.dll+0x21f67a]
V  [jvm.dll+0x7ccde1]
V  [jvm.dll+0x7cde45]
V  [jvm.dll+0x7ce3ef]
V  [jvm.dll+0x7ce098]
V  [jvm.dll+0x26ebdb]
V  [jvm.dll+0x3d36fe]
C  0x00000203ed9ca7ff

The last pc belongs to new (printed below).
Java frames: (J=compiled Java code, j=interpreted, Vv=VM code)
j  java.awt.Font.<clinit>()V+16 java.desktop@21.0.1
v  ~StubRoutines::call_stub 0x00000203ed9b100d
j  sun.awt.windows.WComponentPeer.<clinit>()V+27 java.desktop@21.0.1
v  ~StubRoutines::call_stub 0x00000203ed9b100d
j  java.awt.Component.initIDs()V+0 java.desktop@21.0.1
j  java.awt.Component.<clinit>()V+102 java.desktop@21.0.1
v  ~StubRoutines::call_stub 0x00000203ed9b100d
new  187 new  [0x00000203ed9ca680, 0x00000203ed9ca888]  520 bytes
[MachCode]
  0x00000203ed9ca680: 4883 ec08 | c5fa 1104 | 24eb 1f48 | 83ec 10c5 | fb11 0424 | eb14 4883 | ec10 4889 | 0424 48c7 
  0x00000203ed9ca6a0: 4424 0800 | 0000 00eb | 0150 410f | b755 010f | cac1 ea10 | 488b 4de8 | 488b 4908 | 488b 4908 
  0x00000203ed9ca6c0: 488b 4108 | 807c 1004 | 070f 85d3 | 0000 0066 | 8b54 d148 | 488b 4928 | 488b 4cd1 | 0851 80b9 
  0x00000203ed9ca6e0: 2001 0000 | 050f 85b6 | 0000 008b | 5108 f6c2 | 010f 85aa | 0000 0049 | 8b87 b801 | 0000 488d 
  0x00000203ed9ca700: 1c10 493b | 9fc8 0100 | 000f 8792 | 0000 0049 | 899f b801 | 0000 4883 | ea10 0f84 | 0f00 0000 
  0x00000203ed9ca720: 33c9 c1ea | 0348 894c | d008 48ff | ca75 f648 | c700 0100 | 0000 5933 | f689 700c | 49ba 0000 
  0x00000203ed9ca740: 0080 0302 | 0000 492b | ca89 4808 | 49ba ca25 | db36 fb7f | 0000 4180 | 3a00 0f84 | 3c00 0000 
  0x00000203ed9ca760: 5048 8bc8 | 4883 ec20 | 40f6 c40f | 0f84 1900 | 0000 4883 | ec08 48b8 | 70eb 8b36 | fb7f 0000 
  0x00000203ed9ca780: ffd0 4883 | c408 e90c | 0000 0048 | b870 eb8b | 36fb 7f00 | 00ff d048 | 83c4 2058 | e9cb 0000 
  0x00000203ed9ca7a0: 0059 488b | 55e8 488b | 5208 488b | 5208 450f | b745 0141 | 0fc8 41c1 | e810 e805 | 0000 00e9 
  0x00000203ed9ca7c0: a800 0000 | 488d 4424 | 084c 896d | c049 8bcf | c5f8 7749 | 89af a803 | 0000 4989 | 8798 0300 
  0x00000203ed9ca7e0: 0048 83ec | 2040 f6c4 | 0f0f 8419 | 0000 0048 | 83ec 0848 | b8b0 3656 | 36fb 7f00 | 00ff d048 
  0x00000203ed9ca800: 83c4 08e9 | 0c00 0000 | 48b8 b036 | 5636 fb7f | 0000 ffd0 | 4883 c420 | 49c7 8798 | 0300 0000 
  0x00000203ed9ca820: 0000 0049 | c787 a803 | 0000 0000 | 0000 49c7 | 87a0 0300 | 0000 0000 | 00c5 f877 | 4983 7f08 
  0x00000203ed9ca840: 000f 8405 | 0000 00e9 | b466 feff | 498b 87f0 | 0300 0049 | c787 f003 | 0000 0000 | 0000 4c8b 
  0x00000203ed9ca860: 6dc0 4c8b | 75c8 4e8d | 74f5 00c3 | 410f b65d | 0349 83c5 | 0349 ba80 | dfdd 36fb | 7f00 0041 
  0x00000203ed9ca880: ff24 da0f | 1f44 0000 
[/MachCode]

---------------  P R O C E S S  ---------------

Threads class SMR info:
_java_thread_list=0x00000203fab95b90, length=11, elements={
0x00000203dbf7c660, 0x00000203fa908560, 0x00000203fa909940, 0x00000203fa90e3a0,
0x00000203fa911e20, 0x00000203fa915030, 0x00000203fa915a90, 0x00000203fa925a20,
0x00000203fa92a8e0, 0x00000203fab53110, 0x00000203fabf1fe0
}

Java Threads: ( => current thread )
=>0x00000203dbf7c660 JavaThread "main"                              [_thread_in_vm, id=2428, stack(0x000000ecdd300000,0x000000ecdd400000) (1024K)]
  0x00000203fa908560 JavaThread "Reference Handler"          daemon [_thread_blocked, id=5724, stack(0x000000ecddb00000,0x000000ecddc00000) (1024K)]
  0x00000203fa909940 JavaThread "Finalizer"                  daemon [_thread_blocked, id=13220, stack(0x000000ecddc00000,0x000000ecddd00000) (1024K)]
  0x00000203fa90e3a0 JavaThread "Signal Dispatcher"          daemon [_thread_blocked, id=11212, stack(0x000000ecddd00000,0x000000ecdde00000) (1024K)]
  0x00000203fa911e20 JavaThread "Attach Listener"            daemon [_thread_blocked, id=10876, stack(0x000000ecdde00000,0x000000ecddf00000) (1024K)]
  0x00000203fa915030 JavaThread "Service Thread"             daemon [_thread_blocked, id=10948, stack(0x000000ecddf00000,0x000000ecde000000) (1024K)]
  0x00000203fa915a90 JavaThread "Monitor Deflation Thread"   daemon [_thread_blocked, id=14264, stack(0x000000ecde000000,0x000000ecde100000) (1024K)]
  0x00000203fa925a20 JavaThread "C2 CompilerThread0"         daemon [_thread_blocked, id=13844, stack(0x000000ecde100000,0x000000ecde200000) (1024K)]
  0x00000203fa92a8e0 JavaThread "C1 CompilerThread0"         daemon [_thread_blocked, id=8128, stack(0x000000ecde200000,0x000000ecde300000) (1024K)]
  0x00000203fab53110 JavaThread "Common-Cleaner"             daemon [_thread_blocked, id=10456, stack(0x000000ecde300000,0x000000ecde400000) (1024K)]
  0x00000203fabf1fe0 JavaThread "Notification Thread"        daemon [_thread_blocked, id=13640, stack(0x000000ecde400000,0x000000ecde500000) (1024K)]
Total: 11

Other Threads:
  0x00000203fa8e99f0 VMThread "VM Thread"                           [id=8692, stack(0x000000ecdda00000,0x000000ecddb00000) (1024K)]
  0x00000203fa8d0e50 WatcherThread "VM Periodic Task Thread"        [id=12748, stack(0x000000ecdd900000,0x000000ecdda00000) (1024K)]
  0x00000203de06d6e0 WorkerThread "GC Thread#0"                     [id=10960, stack(0x000000ecdd400000,0x000000ecdd500000) (1024K)]
  0x00000203de07f400 ConcurrentGCThread "G1 Main Marker"            [id=7516, stack(0x000000ecdd500000,0x000000ecdd600000) (1024K)]
  0x00000203de07ff00 WorkerThread "G1 Conc#0"                       [id=4480, stack(0x000000ecdd600000,0x000000ecdd700000) (1024K)]
  0x00000203de0ee940 ConcurrentGCThread "G1 Refine#0"               [id=16940, stack(0x000000ecdd700000,0x000000ecdd800000) (1024K)]
  0x00000203fa7a6630 ConcurrentGCThread "G1 Service"                [id=1392, stack(0x000000ecdd800000,0x000000ecdd900000) (1024K)]
Total: 7

Threads with active compile tasks:
Total: 0

VM state: not at safepoint (normal execution)

VM Mutex/Monitor currently owned by a thread:  ([mutex/lock_event])
[0x00007ffb36dc8578] Metaspace_lock - owner thread: 0x00000203dbf7c660

Heap address: 0x0000000082400000, size: 2012 MB, Compressed Oops mode: 32-bit

CDS archive(s) mapped at: [0x0000020380000000-0x0000020380c90000-0x0000020380c90000), size 13172736, SharedBaseAddress: 0x0000020380000000, ArchiveRelocationMode: 1.
Compressed class space mapped at: 0x0000020381000000-0x00000203c1000000, reserved size: 1073741824
Narrow klass base: 0x0000020380000000, Narrow klass shift: 0, Narrow klass range: 0x100000000

GC Precious Log:
 CardTable entry size: 512
 Card Set container configuration: InlinePtr #cards 5 size 8 Array Of Cards #cards 12 size 40 Howl #buckets 4 coarsen threshold 1843 Howl Bitmap #cards 512 size 80 coarsen threshold 460 Card regions per heap region 1 cards per card region 2048
 CPUs: 8 total, 8 available
 Memory: 8043M
 Large Page Support: Disabled
 NUMA Support: Disabled
 Compressed Oops: Enabled (32-bit)
 Heap Region Size: 1M
 Heap Min Capacity: 8M
 Heap Initial Capacity: 126M
 Heap Max Capacity: 2012M
 Pre-touch: Disabled
 Parallel Workers: 8
 Concurrent Workers: 2
 Concurrent Refinement Workers: 8
 Periodic GC: Disabled

Heap:
 garbage-first heap   total 129024K, used 3072K [0x0000000082400000, 0x0000000100000000)
  region size 1024K, 4 young (4096K), 0 survivors (0K)
 Metaspace       used 1542K, committed 1664K, reserved 1114112K
  class space    used 144K, committed 192K, reserved 1048576K

Heap Regions: E=young(eden), S=young(survivor), O=old, HS=humongous(starts), HC=humongous(continues), CS=collection set, F=free, TAMS=top-at-mark-start, PB=parsable bottom
|   0|0x0000000082400000, 0x0000000082400000, 0x0000000082500000|  0%| F|  |TAMS 0x0000000082400000| PB 0x0000000082400000| Untracked 
|   1|0x0000000082500000, 0x0000000082500000, 0x0000000082600000|  0%| F|  |TAMS 0x0000000082500000| PB 0x0000000082500000| Untracked 
|   2|0x0000000082600000, 0x0000000082600000, 0x0000000082700000|  0%| F|  |TAMS 0x0000000082600000| PB 0x0000000082600000| Untracked 
|   3|0x0000000082700000, 0x0000000082700000, 0x0000000082800000|  0%| F|  |TAMS 0x0000000082700000| PB 0x0000000082700000| Untracked 
|   4|0x0000000082800000, 0x0000000082800000, 0x0000000082900000|  0%| F|  |TAMS 0x0000000082800000| PB 0x0000000082800000| Untracked 
|   5|0x0000000082900000, 0x0000000082900000, 0x0000000082a00000|  0%| F|  |TAMS 0x0000000082900000| PB 0x0000000082900000| Untracked 
|   6|0x0000000082a00000, 0x0000000082a00000, 0x0000000082b00000|  0%| F|  |TAMS 0x0000000082a00000| PB 0x0000000082a00000| Untracked 
|   7|0x0000000082b00000, 0x0000000082b00000, 0x0000000082c00000|  0%| F|  |TAMS 0x0000000082b00000| PB 0x0000000082b00000| Untracked 
|   8|0x0000000082c00000, 0x0000000082c00000, 0x0000000082d00000|  0%| F|  |TAMS 0x0000000082c00000| PB 0x0000000082c00000| Untracked 
|   9|0x0000000082d00000, 0x0000000082d00000, 0x0000000082e00000|  0%| F|  |TAMS 0x0000000082d00000| PB 0x0000000082d00000| Untracked 
|  10|0x0000000082e00000, 0x0000000082e00000, 0x0000000082f00000|  0%| F|  |TAMS 0x0000000082e00000| PB 0x0000000082e00000| Untracked 
|  11|0x0000000082f00000, 0x0000000082f00000, 0x0000000083000000|  0%| F|  |TAMS 0x0000000082f00000| PB 0x0000000082f00000| Untracked 
|  12|0x0000000083000000, 0x0000000083000000, 0x0000000083100000|  0%| F|  |TAMS 0x0000000083000000| PB 0x0000000083000000| Untracked 
|  13|0x0000000083100000, 0x0000000083100000, 0x0000000083200000|  0%| F|  |TAMS 0x0000000083100000| PB 0x0000000083100000| Untracked 
|  14|0x0000000083200000, 0x0000000083200000, 0x0000000083300000|  0%| F|  |TAMS 0x0000000083200000| PB 0x0000000083200000| Untracked 
|  15|0x0000000083300000, 0x0000000083300000, 0x0000000083400000|  0%| F|  |TAMS 0x0000000083300000| PB 0x0000000083300000| Untracked 
|  16|0x0000000083400000, 0x0000000083400000, 0x0000000083500000|  0%| F|  |TAMS 0x0000000083400000| PB 0x0000000083400000| Untracked 
|  17|0x0000000083500000, 0x0000000083500000, 0x0000000083600000|  0%| F|  |TAMS 0x0000000083500000| PB 0x0000000083500000| Untracked 
|  18|0x0000000083600000, 0x0000000083600000, 0x0000000083700000|  0%| F|  |TAMS 0x0000000083600000| PB 0x0000000083600000| Untracked 
|  19|0x0000000083700000, 0x0000000083700000, 0x0000000083800000|  0%| F|  |TAMS 0x0000000083700000| PB 0x0000000083700000| Untracked 
|  20|0x0000000083800000, 0x0000000083800000, 0x0000000083900000|  0%| F|  |TAMS 0x0000000083800000| PB 0x0000000083800000| Untracked 
|  21|0x0000000083900000, 0x0000000083900000, 0x0000000083a00000|  0%| F|  |TAMS 0x0000000083900000| PB 0x0000000083900000| Untracked 
|  22|0x0000000083a00000, 0x0000000083a00000, 0x0000000083b00000|  0%| F|  |TAMS 0x0000000083a00000| PB 0x0000000083a00000| Untracked 
|  23|0x0000000083b00000, 0x0000000083b00000, 0x0000000083c00000|  0%| F|  |TAMS 0x0000000083b00000| PB 0x0000000083b00000| Untracked 
|  24|0x0000000083c00000, 0x0000000083c00000, 0x0000000083d00000|  0%| F|  |TAMS 0x0000000083c00000| PB 0x0000000083c00000| Untracked 
|  25|0x0000000083d00000, 0x0000000083d00000, 0x0000000083e00000|  0%| F|  |TAMS 0x0000000083d00000| PB 0x0000000083d00000| Untracked 
|  26|0x0000000083e00000, 0x0000000083e00000, 0x0000000083f00000|  0%| F|  |TAMS 0x0000000083e00000| PB 0x0000000083e00000| Untracked 
|  27|0x0000000083f00000, 0x0000000083f00000, 0x0000000084000000|  0%| F|  |TAMS 0x0000000083f00000| PB 0x0000000083f00000| Untracked 
|  28|0x0000000084000000, 0x0000000084000000, 0x0000000084100000|  0%| F|  |TAMS 0x0000000084000000| PB 0x0000000084000000| Untracked 
|  29|0x0000000084100000, 0x0000000084100000, 0x0000000084200000|  0%| F|  |TAMS 0x0000000084100000| PB 0x0000000084100000| Untracked 
|  30|0x0000000084200000, 0x0000000084200000, 0x0000000084300000|  0%| F|  |TAMS 0x0000000084200000| PB 0x0000000084200000| Untracked 
|  31|0x0000000084300000, 0x0000000084300000, 0x0000000084400000|  0%| F|  |TAMS 0x0000000084300000| PB 0x0000000084300000| Untracked 
|  32|0x0000000084400000, 0x0000000084400000, 0x0000000084500000|  0%| F|  |TAMS 0x0000000084400000| PB 0x0000000084400000| Untracked 
|  33|0x0000000084500000, 0x0000000084500000, 0x0000000084600000|  0%| F|  |TAMS 0x0000000084500000| PB 0x0000000084500000| Untracked 
|  34|0x0000000084600000, 0x0000000084600000, 0x0000000084700000|  0%| F|  |TAMS 0x0000000084600000| PB 0x0000000084600000| Untracked 
|  35|0x0000000084700000, 0x0000000084700000, 0x0000000084800000|  0%| F|  |TAMS 0x0000000084700000| PB 0x0000000084700000| Untracked 
|  36|0x0000000084800000, 0x0000000084800000, 0x0000000084900000|  0%| F|  |TAMS 0x0000000084800000| PB 0x0000000084800000| Untracked 
|  37|0x0000000084900000, 0x0000000084900000, 0x0000000084a00000|  0%| F|  |TAMS 0x0000000084900000| PB 0x0000000084900000| Untracked 
|  38|0x0000000084a00000, 0x0000000084a00000, 0x0000000084b00000|  0%| F|  |TAMS 0x0000000084a00000| PB 0x0000000084a00000| Untracked 
|  39|0x0000000084b00000, 0x0000000084b00000, 0x0000000084c00000|  0%| F|  |TAMS 0x0000000084b00000| PB 0x0000000084b00000| Untracked 
|  40|0x0000000084c00000, 0x0000000084c00000, 0x0000000084d00000|  0%| F|  |TAMS 0x0000000084c00000| PB 0x0000000084c00000| Untracked 
|  41|0x0000000084d00000, 0x0000000084d00000, 0x0000000084e00000|  0%| F|  |TAMS 0x0000000084d00000| PB 0x0000000084d00000| Untracked 
|  42|0x0000000084e00000, 0x0000000084e00000, 0x0000000084f00000|  0%| F|  |TAMS 0x0000000084e00000| PB 0x0000000084e00000| Untracked 
|  43|0x0000000084f00000, 0x0000000084f00000, 0x0000000085000000|  0%| F|  |TAMS 0x0000000084f00000| PB 0x0000000084f00000| Untracked 
|  44|0x0000000085000000, 0x0000000085000000, 0x0000000085100000|  0%| F|  |TAMS 0x0000000085000000| PB 0x0000000085000000| Untracked 
|  45|0x0000000085100000, 0x0000000085100000, 0x0000000085200000|  0%| F|  |TAMS 0x0000000085100000| PB 0x0000000085100000| Untracked 
|  46|0x0000000085200000, 0x0000000085200000, 0x0000000085300000|  0%| F|  |TAMS 0x0000000085200000| PB 0x0000000085200000| Untracked 
|  47|0x0000000085300000, 0x0000000085300000, 0x0000000085400000|  0%| F|  |TAMS 0x0000000085300000| PB 0x0000000085300000| Untracked 
|  48|0x0000000085400000, 0x0000000085400000, 0x0000000085500000|  0%| F|  |TAMS 0x0000000085400000| PB 0x0000000085400000| Untracked 
|  49|0x0000000085500000, 0x0000000085500000, 0x0000000085600000|  0%| F|  |TAMS 0x0000000085500000| PB 0x0000000085500000| Untracked 
|  50|0x0000000085600000, 0x0000000085600000, 0x0000000085700000|  0%| F|  |TAMS 0x0000000085600000| PB 0x0000000085600000| Untracked 
|  51|0x0000000085700000, 0x0000000085700000, 0x0000000085800000|  0%| F|  |TAMS 0x0000000085700000| PB 0x0000000085700000| Untracked 
|  52|0x0000000085800000, 0x0000000085800000, 0x0000000085900000|  0%| F|  |TAMS 0x0000000085800000| PB 0x0000000085800000| Untracked 
|  53|0x0000000085900000, 0x0000000085900000, 0x0000000085a00000|  0%| F|  |TAMS 0x0000000085900000| PB 0x0000000085900000| Untracked 
|  54|0x0000000085a00000, 0x0000000085a00000, 0x0000000085b00000|  0%| F|  |TAMS 0x0000000085a00000| PB 0x0000000085a00000| Untracked 
|  55|0x0000000085b00000, 0x0000000085b00000, 0x0000000085c00000|  0%| F|  |TAMS 0x0000000085b00000| PB 0x0000000085b00000| Untracked 
|  56|0x0000000085c00000, 0x0000000085c00000, 0x0000000085d00000|  0%| F|  |TAMS 0x0000000085c00000| PB 0x0000000085c00000| Untracked 
|  57|0x0000000085d00000, 0x0000000085d00000, 0x0000000085e00000|  0%| F|  |TAMS 0x0000000085d00000| PB 0x0000000085d00000| Untracked 
|  58|0x0000000085e00000, 0x0000000085e00000, 0x0000000085f00000|  0%| F|  |TAMS 0x0000000085e00000| PB 0x0000000085e00000| Untracked 
|  59|0x0000000085f00000, 0x0000000085f00000, 0x0000000086000000|  0%| F|  |TAMS 0x0000000085f00000| PB 0x0000000085f00000| Untracked 
|  60|0x0000000086000000, 0x0000000086000000, 0x0000000086100000|  0%| F|  |TAMS 0x0000000086000000| PB 0x0000000086000000| Untracked 
|  61|0x0000000086100000, 0x0000000086100000, 0x0000000086200000|  0%| F|  |TAMS 0x0000000086100000| PB 0x0000000086100000| Untracked 
|  62|0x0000000086200000, 0x0000000086200000, 0x0000000086300000|  0%| F|  |TAMS 0x0000000086200000| PB 0x0000000086200000| Untracked 
|  63|0x0000000086300000, 0x0000000086300000, 0x0000000086400000|  0%| F|  |TAMS 0x0000000086300000| PB 0x0000000086300000| Untracked 
|  64|0x0000000086400000, 0x0000000086400000, 0x0000000086500000|  0%| F|  |TAMS 0x0000000086400000| PB 0x0000000086400000| Untracked 
|  65|0x0000000086500000, 0x0000000086500000, 0x0000000086600000|  0%| F|  |TAMS 0x0000000086500000| PB 0x0000000086500000| Untracked 
|  66|0x0000000086600000, 0x0000000086600000, 0x0000000086700000|  0%| F|  |TAMS 0x0000000086600000| PB 0x0000000086600000| Untracked 
|  67|0x0000000086700000, 0x0000000086700000, 0x0000000086800000|  0%| F|  |TAMS 0x0000000086700000| PB 0x0000000086700000| Untracked 
|  68|0x0000000086800000, 0x0000000086800000, 0x0000000086900000|  0%| F|  |TAMS 0x0000000086800000| PB 0x0000000086800000| Untracked 
|  69|0x0000000086900000, 0x0000000086900000, 0x0000000086a00000|  0%| F|  |TAMS 0x0000000086900000| PB 0x0000000086900000| Untracked 
|  70|0x0000000086a00000, 0x0000000086a00000, 0x0000000086b00000|  0%| F|  |TAMS 0x0000000086a00000| PB 0x0000000086a00000| Untracked 
|  71|0x0000000086b00000, 0x0000000086b00000, 0x0000000086c00000|  0%| F|  |TAMS 0x0000000086b00000| PB 0x0000000086b00000| Untracked 
|  72|0x0000000086c00000, 0x0000000086c00000, 0x0000000086d00000|  0%| F|  |TAMS 0x0000000086c00000| PB 0x0000000086c00000| Untracked 
|  73|0x0000000086d00000, 0x0000000086d00000, 0x0000000086e00000|  0%| F|  |TAMS 0x0000000086d00000| PB 0x0000000086d00000| Untracked 
|  74|0x0000000086e00000, 0x0000000086e00000, 0x0000000086f00000|  0%| F|  |TAMS 0x0000000086e00000| PB 0x0000000086e00000| Untracked 
|  75|0x0000000086f00000, 0x0000000086f00000, 0x0000000087000000|  0%| F|  |TAMS 0x0000000086f00000| PB 0x0000000086f00000| Untracked 
|  76|0x0000000087000000, 0x0000000087000000, 0x0000000087100000|  0%| F|  |TAMS 0x0000000087000000| PB 0x0000000087000000| Untracked 
|  77|0x0000000087100000, 0x0000000087100000, 0x0000000087200000|  0%| F|  |TAMS 0x0000000087100000| PB 0x0000000087100000| Untracked 
|  78|0x0000000087200000, 0x0000000087200000, 0x0000000087300000|  0%| F|  |TAMS 0x0000000087200000| PB 0x0000000087200000| Untracked 
|  79|0x0000000087300000, 0x0000000087300000, 0x0000000087400000|  0%| F|  |TAMS 0x0000000087300000| PB 0x0000000087300000| Untracked 
|  80|0x0000000087400000, 0x0000000087400000, 0x0000000087500000|  0%| F|  |TAMS 0x0000000087400000| PB 0x0000000087400000| Untracked 
|  81|0x0000000087500000, 0x0000000087500000, 0x0000000087600000|  0%| F|  |TAMS 0x0000000087500000| PB 0x0000000087500000| Untracked 
|  82|0x0000000087600000, 0x0000000087600000, 0x0000000087700000|  0%| F|  |TAMS 0x0000000087600000| PB 0x0000000087600000| Untracked 
|  83|0x0000000087700000, 0x0000000087700000, 0x0000000087800000|  0%| F|  |TAMS 0x0000000087700000| PB 0x0000000087700000| Untracked 
|  84|0x0000000087800000, 0x0000000087800000, 0x0000000087900000|  0%| F|  |TAMS 0x0000000087800000| PB 0x0000000087800000| Untracked 
|  85|0x0000000087900000, 0x0000000087900000, 0x0000000087a00000|  0%| F|  |TAMS 0x0000000087900000| PB 0x0000000087900000| Untracked 
|  86|0x0000000087a00000, 0x0000000087a00000, 0x0000000087b00000|  0%| F|  |TAMS 0x0000000087a00000| PB 0x0000000087a00000| Untracked 
|  87|0x0000000087b00000, 0x0000000087b00000, 0x0000000087c00000|  0%| F|  |TAMS 0x0000000087b00000| PB 0x0000000087b00000| Untracked 
|  88|0x0000000087c00000, 0x0000000087c00000, 0x0000000087d00000|  0%| F|  |TAMS 0x0000000087c00000| PB 0x0000000087c00000| Untracked 
|  89|0x0000000087d00000, 0x0000000087d00000, 0x0000000087e00000|  0%| F|  |TAMS 0x0000000087d00000| PB 0x0000000087d00000| Untracked 
|  90|0x0000000087e00000, 0x0000000087e00000, 0x0000000087f00000|  0%| F|  |TAMS 0x0000000087e00000| PB 0x0000000087e00000| Untracked 
|  91|0x0000000087f00000, 0x0000000087f00000, 0x0000000088000000|  0%| F|  |TAMS 0x0000000087f00000| PB 0x0000000087f00000| Untracked 
|  92|0x0000000088000000, 0x0000000088000000, 0x0000000088100000|  0%| F|  |TAMS 0x0000000088000000| PB 0x0000000088000000| Untracked 
|  93|0x0000000088100000, 0x0000000088100000, 0x0000000088200000|  0%| F|  |TAMS 0x0000000088100000| PB 0x0000000088100000| Untracked 
|  94|0x0000000088200000, 0x0000000088200000, 0x0000000088300000|  0%| F|  |TAMS 0x0000000088200000| PB 0x0000000088200000| Untracked 
|  95|0x0000000088300000, 0x0000000088300000, 0x0000000088400000|  0%| F|  |TAMS 0x0000000088300000| PB 0x0000000088300000| Untracked 
|  96|0x0000000088400000, 0x0000000088400000, 0x0000000088500000|  0%| F|  |TAMS 0x0000000088400000| PB 0x0000000088400000| Untracked 
|  97|0x0000000088500000, 0x0000000088500000, 0x0000000088600000|  0%| F|  |TAMS 0x0000000088500000| PB 0x0000000088500000| Untracked 
|  98|0x0000000088600000, 0x0000000088600000, 0x0000000088700000|  0%| F|  |TAMS 0x0000000088600000| PB 0x0000000088600000| Untracked 
|  99|0x0000000088700000, 0x0000000088700000, 0x0000000088800000|  0%| F|  |TAMS 0x0000000088700000| PB 0x0000000088700000| Untracked 
| 100|0x0000000088800000, 0x0000000088800000, 0x0000000088900000|  0%| F|  |TAMS 0x0000000088800000| PB 0x0000000088800000| Untracked 
| 101|0x0000000088900000, 0x0000000088900000, 0x0000000088a00000|  0%| F|  |TAMS 0x0000000088900000| PB 0x0000000088900000| Untracked 
| 102|0x0000000088a00000, 0x0000000088a00000, 0x0000000088b00000|  0%| F|  |TAMS 0x0000000088a00000| PB 0x0000000088a00000| Untracked 
| 103|0x0000000088b00000, 0x0000000088b00000, 0x0000000088c00000|  0%| F|  |TAMS 0x0000000088b00000| PB 0x0000000088b00000| Untracked 
| 104|0x0000000088c00000, 0x0000000088c00000, 0x0000000088d00000|  0%| F|  |TAMS 0x0000000088c00000| PB 0x0000000088c00000| Untracked 
| 105|0x0000000088d00000, 0x0000000088d00000, 0x0000000088e00000|  0%| F|  |TAMS 0x0000000088d00000| PB 0x0000000088d00000| Untracked 
| 106|0x0000000088e00000, 0x0000000088e00000, 0x0000000088f00000|  0%| F|  |TAMS 0x0000000088e00000| PB 0x0000000088e00000| Untracked 
| 107|0x0000000088f00000, 0x0000000088f00000, 0x0000000089000000|  0%| F|  |TAMS 0x0000000088f00000| PB 0x0000000088f00000| Untracked 
| 108|0x0000000089000000, 0x0000000089000000, 0x0000000089100000|  0%| F|  |TAMS 0x0000000089000000| PB 0x0000000089000000| Untracked 
| 109|0x0000000089100000, 0x0000000089100000, 0x0000000089200000|  0%| F|  |TAMS 0x0000000089100000| PB 0x0000000089100000| Untracked 
| 110|0x0000000089200000, 0x0000000089200000, 0x0000000089300000|  0%| F|  |TAMS 0x0000000089200000| PB 0x0000000089200000| Untracked 
| 111|0x0000000089300000, 0x0000000089300000, 0x0000000089400000|  0%| F|  |TAMS 0x0000000089300000| PB 0x0000000089300000| Untracked 
| 112|0x0000000089400000, 0x0000000089400000, 0x0000000089500000|  0%| F|  |TAMS 0x0000000089400000| PB 0x0000000089400000| Untracked 
| 113|0x0000000089500000, 0x0000000089500000, 0x0000000089600000|  0%| F|  |TAMS 0x0000000089500000| PB 0x0000000089500000| Untracked 
| 114|0x0000000089600000, 0x0000000089600000, 0x0000000089700000|  0%| F|  |TAMS 0x0000000089600000| PB 0x0000000089600000| Untracked 
| 115|0x0000000089700000, 0x0000000089700000, 0x0000000089800000|  0%| F|  |TAMS 0x0000000089700000| PB 0x0000000089700000| Untracked 
| 116|0x0000000089800000, 0x0000000089800000, 0x0000000089900000|  0%| F|  |TAMS 0x0000000089800000| PB 0x0000000089800000| Untracked 
| 117|0x0000000089900000, 0x0000000089900000, 0x0000000089a00000|  0%| F|  |TAMS 0x0000000089900000| PB 0x0000000089900000| Untracked 
| 118|0x0000000089a00000, 0x0000000089a00000, 0x0000000089b00000|  0%| F|  |TAMS 0x0000000089a00000| PB 0x0000000089a00000| Untracked 
| 119|0x0000000089b00000, 0x0000000089b00000, 0x0000000089c00000|  0%| F|  |TAMS 0x0000000089b00000| PB 0x0000000089b00000| Untracked 
| 120|0x0000000089c00000, 0x0000000089c00000, 0x0000000089d00000|  0%| F|  |TAMS 0x0000000089c00000| PB 0x0000000089c00000| Untracked 
| 121|0x0000000089d00000, 0x0000000089d00000, 0x0000000089e00000|  0%| F|  |TAMS 0x0000000089d00000| PB 0x0000000089d00000| Untracked 
| 122|0x0000000089e00000, 0x0000000089e76838, 0x0000000089f00000| 46%| E|  |TAMS 0x0000000089e00000| PB 0x0000000089e00000| Complete 
| 123|0x0000000089f00000, 0x000000008a000000, 0x000000008a000000|100%| E|CS|TAMS 0x0000000089f00000| PB 0x0000000089f00000| Complete 
| 124|0x000000008a000000, 0x000000008a100000, 0x000000008a100000|100%| E|CS|TAMS 0x000000008a000000| PB 0x000000008a000000| Complete 
| 125|0x000000008a100000, 0x000000008a200000, 0x000000008a200000|100%| E|CS|TAMS 0x000000008a100000| PB 0x000000008a100000| Complete 

Card table byte_map: [0x00000203f5ba0000,0x00000203f5f90000] _byte_map_base: 0x00000203f578e000

Marking Bits: (CMBitMap*) 0x00000203de06dde0
 Bits: [0x00000203f5f90000, 0x00000203f7f00000)

Polling page: 0x00000203dbf40000

Metaspace:

Usage:
  Non-class:      1.37 MB used.
      Class:    144.41 KB used.
       Both:      1.51 MB used.

Virtual space:
  Non-class space:       64.00 MB reserved,       1.44 MB (  2%) committed,  1 nodes.
      Class space:        1.00 GB reserved,     192.00 KB ( <1%) committed,  1 nodes.
             Both:        1.06 GB reserved,       1.62 MB ( <1%) committed. 

Chunk freelists:
   Non-Class:  11.93 MB
       Class:  15.71 MB
        Both:  27.64 MB

MaxMetaspaceSize: unlimited
CompressedClassSpaceSize: 1.00 GB
Initial GC threshold: 21.00 MB
Current GC threshold: 21.00 MB
CDS: on
 - commit_granule_bytes: 65536.
 - commit_granule_words: 8192.
 - virtual_space_node_default_size: 8388608.
 - enlarge_chunks_in_place: 1.
 - use_allocation_guard: 0.


Internal statistics:

num_allocs_failed_limit: 0.
num_arena_births: 60.
num_arena_deaths: 0.
num_vsnodes_births: 2.
num_vsnodes_deaths: 0.
num_space_committed: 26.
num_space_uncommitted: 0.
num_chunks_returned_to_freelist: 0.
num_chunks_taken_from_freelist: 73.
num_chunk_merges: 0.
num_chunk_splits: 45.
num_chunks_enlarged: 16.
num_inconsistent_stats: 0.

CodeHeap 'non-profiled nmethods': size=120000Kb used=117Kb max_used=117Kb free=119882Kb
 bounds [0x00000203edf50000, 0x00000203ee1c0000, 0x00000203f5480000]
CodeHeap 'profiled nmethods': size=120000Kb used=394Kb max_used=394Kb free=119605Kb
 bounds [0x00000203e6480000, 0x00000203e66f0000, 0x00000203ed9b0000]
CodeHeap 'non-nmethods': size=5760Kb used=1292Kb max_used=1297Kb free=4467Kb
 bounds [0x00000203ed9b0000, 0x00000203edc20000, 0x00000203edf50000]
 total_blobs=743 nmethods=335 adapters=313
 compilation: enabled
              stopped_count=0, restarted_count=0
 full_count=0

Compilation events (20 events):
Event: 0.179 Thread 0x00000203fa92a8e0  322       3       java.lang.StringLatin1::replace (198 bytes)
Event: 0.181 Thread 0x00000203fa92a8e0 nmethod 322 0x00000203e64db610 code [0x00000203e64db8c0, 0x00000203e64dc730]
Event: 0.181 Thread 0x00000203fa92a8e0  326       3       java.lang.invoke.LambdaForm::internArgument (85 bytes)
Event: 0.181 Thread 0x00000203fa92a8e0 nmethod 326 0x00000203e64dcc10 code [0x00000203e64dcde0, 0x00000203e64dd138]
Event: 0.181 Thread 0x00000203fa92a8e0  330       3       java.util.Arrays::equals (57 bytes)
Event: 0.182 Thread 0x00000203fa92a8e0 nmethod 330 0x00000203e64dd310 code [0x00000203e64dd500, 0x00000203e64ddad0]
Event: 0.182 Thread 0x00000203fa92a8e0  317       3       java.lang.invoke.LambdaForm::parameterType (9 bytes)
Event: 0.182 Thread 0x00000203fa92a8e0 nmethod 317 0x00000203e64ddc90 code [0x00000203e64dde40, 0x00000203e64ddfa0]
Event: 0.182 Thread 0x00000203fa92a8e0  324       3       java.lang.invoke.MethodType::methodType (69 bytes)
Event: 0.182 Thread 0x00000203fa92a8e0 nmethod 324 0x00000203e64de090 code [0x00000203e64de2a0, 0x00000203e64de798]
Event: 0.182 Thread 0x00000203fa92a8e0  321       1       java.lang.invoke.LambdaForm$Name::type (5 bytes)
Event: 0.182 Thread 0x00000203fa92a8e0 nmethod 321 0x00000203edf6d410 code [0x00000203edf6d5a0, 0x00000203edf6d668]
Event: 0.182 Thread 0x00000203fa92a8e0  327       3       java.lang.String::<init> (99 bytes)
Event: 0.183 Thread 0x00000203fa92a8e0 nmethod 327 0x00000203e64de910 code [0x00000203e64ded00, 0x00000203e64e07e8]
Event: 0.183 Thread 0x00000203fa92a8e0  334       3       java.lang.invoke.LambdaForm$Name::useCount (51 bytes)
Event: 0.183 Thread 0x00000203fa92a8e0 nmethod 334 0x00000203e64e1090 code [0x00000203e64e1240, 0x00000203e64e14b8]
Event: 0.183 Thread 0x00000203fa92a8e0  333       3       java.lang.invoke.MethodType::equals (56 bytes)
Event: 0.184 Thread 0x00000203fa92a8e0 nmethod 333 0x00000203e64e1590 code [0x00000203e64e17c0, 0x00000203e64e2320]
Event: 0.184 Thread 0x00000203fa92a8e0  335       3       java.lang.invoke.LambdaForm$NamedFunction::methodType (28 bytes)
Event: 0.184 Thread 0x00000203fa92a8e0 nmethod 335 0x00000203e64e2510 code [0x00000203e64e26e0, 0x00000203e64e2a08]

GC Heap History (0 events):
No events

Dll operation events (7 events):
Event: 0.008 Loaded shared library C:\Program Files\Java\jdk-21\bin\java.dll
Event: 0.051 Loaded shared library C:\Program Files\Java\jdk-21\bin\jsvml.dll
Event: 0.091 Loaded shared library C:\Program Files\Java\jdk-21\bin\net.dll
Event: 0.093 Loaded shared library C:\Program Files\Java\jdk-21\bin\nio.dll
Event: 0.129 Loaded shared library C:\Program Files\Java\jdk-21\bin\zip.dll
Event: 0.141 Loaded shared library C:\Program Files\Java\jdk-21\bin\jimage.dll
Event: 0.163 Loaded shared library C:\Program Files\Java\jdk-21\bin\awt.dll

Deoptimization events (0 events):
No events

Classes loaded (20 events):
Event: 0.184 Loading class java/awt/event/NativeLibLoader$1 done
Event: 0.185 Loading class java/awt/event/InputEvent$1
Event: 0.185 Loading class sun/awt/AWTAccessor$InputEventAccessor
Event: 0.185 Loading class sun/awt/AWTAccessor$InputEventAccessor done
Event: 0.185 Loading class java/awt/event/InputEvent$1 done
Event: 0.185 Loading class sun/awt/windows/WComponentPeer
Event: 0.185 Loading class java/awt/peer/ComponentPeer
Event: 0.185 Loading class java/awt/peer/ComponentPeer done
Event: 0.185 Loading class java/awt/dnd/peer/DropTargetPeer
Event: 0.185 Loading class java/awt/dnd/peer/DropTargetPeer done
Event: 0.185 Loading class sun/awt/windows/WObjectPeer
Event: 0.185 Loading class sun/awt/windows/WObjectPeer done
Event: 0.186 Loading class sun/awt/windows/WComponentPeer done
Event: 0.186 Loading class java/awt/Font
Event: 0.186 Loading class java/awt/Font done
Event: 0.186 Loading class java/awt/Font$FontAccessImpl
Event: 0.186 Loading class sun/font/FontAccess
Event: 0.186 Loading class sun/font/FontAccess done
Event: 0.186 Loading class java/awt/Font$FontAccessImpl done
Event: 0.186 Loading class java/awt/geom/AffineTransform

Classes unloaded (0 events):
No events

Classes redefined (0 events):
No events

Internal exceptions (6 events):
Event: 0.094 Thread 0x00000203dbf7c660 Exception <a 'sun/nio/fs/WindowsException'{0x000000008a044590}> (0x000000008a044590) 
thrown [s\open\src\hotspot\share\prims\jni.cpp, line 520]
Event: 0.098 Thread 0x00000203dbf7c660 Exception <a 'sun/nio/fs/WindowsException'{0x000000008a047480}> (0x000000008a047480) 
thrown [s\open\src\hotspot\share\prims\jni.cpp, line 520]
Event: 0.105 Thread 0x00000203dbf7c660 Exception <a 'sun/nio/fs/WindowsException'{0x000000008a05d650}> (0x000000008a05d650) 
thrown [s\open\src\hotspot\share\prims\jni.cpp, line 520]
Event: 0.153 Thread 0x00000203dbf7c660 Exception <a 'java/lang/ClassNotFoundException'{0x0000000089f834d0}: sun/awt/resources/spi/awtProvider> (0x0000000089f834d0) 
thrown [s\open\src\hotspot\share\classfile\systemDictionary.cpp, line 312]
Event: 0.175 Thread 0x00000203dbf7c660 Exception <a 'java/io/FileNotFoundException'{0x0000000089fd8550}> (0x0000000089fd8550) 
thrown [s\open\src\hotspot\share\prims\jni.cpp, line 520]
Event: 0.183 Thread 0x00000203dbf7c660 Exception <a 'java/io/FileNotFoundException'{0x0000000089e03118}> (0x0000000089e03118) 
thrown [s\open\src\hotspot\share\prims\jni.cpp, line 520]

ZGC Phase Switch (0 events):
No events

VM Operations (2 events):
Event: 0.108 Executing VM operation: HandshakeAllThreads (Deoptimize)
Event: 0.108 Executing VM operation: HandshakeAllThreads (Deoptimize) done

Events (11 events):
Event: 0.024 Thread 0x00000203dbf7c660 Thread added: 0x00000203dbf7c660
Event: 0.048 Thread 0x00000203fa908560 Thread added: 0x00000203fa908560
Event: 0.048 Thread 0x00000203fa909940 Thread added: 0x00000203fa909940
Event: 0.049 Thread 0x00000203fa90e3a0 Thread added: 0x00000203fa90e3a0
Event: 0.049 Thread 0x00000203fa911e20 Thread added: 0x00000203fa911e20
Event: 0.049 Thread 0x00000203fa915030 Thread added: 0x00000203fa915030
Event: 0.049 Thread 0x00000203fa915a90 Thread added: 0x00000203fa915a90
Event: 0.049 Thread 0x00000203fa925a20 Thread added: 0x00000203fa925a20
Event: 0.049 Thread 0x00000203fa92a8e0 Thread added: 0x00000203fa92a8e0
Event: 0.078 Thread 0x00000203fab53110 Thread added: 0x00000203fab53110
Event: 0.125 Thread 0x00000203fabf1fe0 Thread added: 0x00000203fabf1fe0


Dynamic libraries:
0x00007ff669520000 - 0x00007ff669530000 	C:\Program Files\Java\jdk-21\bin\java.exe
0x00007ffbadf70000 - 0x00007ffbae168000 	C:\Windows\SYSTEM32\ntdll.dll
0x00007ffbac480000 - 0x00007ffbac53d000 	C:\Windows\System32\KERNEL32.DLL
0x00007ffbab8a0000 - 0x00007ffbabb96000 	C:\Windows\System32\KERNELBASE.dll
0x00007ffbabba0000 - 0x00007ffbabca0000 	C:\Windows\System32\ucrtbase.dll
0x00007ffb7b330000 - 0x00007ffb7b34b000 	C:\Program Files\Java\jdk-21\bin\VCRUNTIME140.dll
0x00007ffba4940000 - 0x00007ffba4959000 	C:\Program Files\Java\jdk-21\bin\jli.dll
0x00007ffbad020000 - 0x00007ffbad0d3000 	C:\Windows\System32\ADVAPI32.dll
0x00007ffbac960000 - 0x00007ffbac9fe000 	C:\Windows\System32\msvcrt.dll
0x00007ffbacd00000 - 0x00007ffbacd9f000 	C:\Windows\System32\sechost.dll
0x00007ffbac740000 - 0x00007ffbac866000 	C:\Windows\System32\RPCRT4.dll
0x00007ffbab790000 - 0x00007ffbab7b7000 	C:\Windows\System32\bcrypt.dll
0x00007ffbace80000 - 0x00007ffbad01e000 	C:\Windows\System32\USER32.dll
0x00007ffbabca0000 - 0x00007ffbabcc2000 	C:\Windows\System32\win32u.dll
0x00007ffb9d280000 - 0x00007ffb9d51a000 	C:\Windows\WinSxS\amd64_microsoft.windows.common-controls_6595b64144ccf1df_6.0.19041.3636_none_60b6a03d71f818d5\COMCTL32.dll
0x00007ffbabfe0000 - 0x00007ffbac00b000 	C:\Windows\System32\GDI32.dll
0x00007ffbabcd0000 - 0x00007ffbabde7000 	C:\Windows\System32\gdi32full.dll
0x00007ffbabe60000 - 0x00007ffbabefd000 	C:\Windows\System32\msvcp_win.dll
0x00007ffba5250000 - 0x00007ffba525a000 	C:\Windows\SYSTEM32\VERSION.dll
0x00007ffbaccc0000 - 0x00007ffbaccf2000 	C:\Windows\System32\IMM32.DLL
0x00007ffba5d10000 - 0x00007ffba5d1c000 	C:\Program Files\Java\jdk-21\bin\vcruntime140_1.dll
0x00007ffb76d60000 - 0x00007ffb76dee000 	C:\Program Files\Java\jdk-21\bin\msvcp140.dll
0x00007ffb36190000 - 0x00007ffb36ea5000 	C:\Program Files\Java\jdk-21\bin\server\jvm.dll
0x00007ffbac6d0000 - 0x00007ffbac73b000 	C:\Windows\System32\WS2_32.dll
0x00007ffbaab70000 - 0x00007ffbaabbb000 	C:\Windows\SYSTEM32\POWRPROF.dll
0x00007ffba5d20000 - 0x00007ffba5d47000 	C:\Windows\SYSTEM32\WINMM.dll
0x00007ffbaaa40000 - 0x00007ffbaaa52000 	C:\Windows\SYSTEM32\UMPDC.dll
0x00007ffba9e70000 - 0x00007ffba9e82000 	C:\Windows\SYSTEM32\kernel.appcore.dll
0x00007ffb7a900000 - 0x00007ffb7a90a000 	C:\Program Files\Java\jdk-21\bin\jimage.dll
0x00007ffba93e0000 - 0x00007ffba95c4000 	C:\Windows\SYSTEM32\DBGHELP.DLL
0x00007ffba2ae0000 - 0x00007ffba2b14000 	C:\Windows\SYSTEM32\dbgcore.DLL
0x00007ffbab7c0000 - 0x00007ffbab842000 	C:\Windows\System32\bcryptPrimitives.dll
0x00007ffb7b310000 - 0x00007ffb7b32f000 	C:\Program Files\Java\jdk-21\bin\java.dll
0x00007ffbad360000 - 0x00007ffbadaa5000 	C:\Windows\System32\SHELL32.dll
0x00007ffba96c0000 - 0x00007ffba9e5c000 	C:\Windows\SYSTEM32\windows.storage.dll
0x00007ffbadbd0000 - 0x00007ffbadf24000 	C:\Windows\System32\combase.dll
0x00007ffbab060000 - 0x00007ffbab08e000 	C:\Windows\SYSTEM32\Wldp.dll
0x00007ffbad0e0000 - 0x00007ffbad1ad000 	C:\Windows\System32\OLEAUT32.dll
0x00007ffbadb20000 - 0x00007ffbadbcd000 	C:\Windows\System32\SHCORE.dll
0x00007ffbacc60000 - 0x00007ffbaccb5000 	C:\Windows\System32\shlwapi.dll
0x00007ffbab560000 - 0x00007ffbab585000 	C:\Windows\SYSTEM32\profapi.dll
0x00007ffb76df0000 - 0x00007ffb76ec7000 	C:\Program Files\Java\jdk-21\bin\jsvml.dll
0x00007ffb7a8f0000 - 0x00007ffb7a900000 	C:\Program Files\Java\jdk-21\bin\net.dll
0x00007ffba31d0000 - 0x00007ffba32da000 	C:\Windows\SYSTEM32\WINHTTP.dll
0x00007ffbaadc0000 - 0x00007ffbaae2a000 	C:\Windows\system32\mswsock.dll
0x00007ffb7a270000 - 0x00007ffb7a286000 	C:\Program Files\Java\jdk-21\bin\nio.dll
0x00007ffb7a250000 - 0x00007ffb7a268000 	C:\Program Files\Java\jdk-21\bin\zip.dll
0x00007ffb5bfc0000 - 0x00007ffb5c14f000 	C:\Program Files\Java\jdk-21\bin\awt.dll
0x00007ffba8ad0000 - 0x00007ffba8b60000 	C:\Windows\SYSTEM32\apphelp.dll

dbghelp: loaded successfully - version: 4.0.5 - missing functions: none
symbol engine: initialized successfully - sym options: 0x614 - pdb path: .;C:\Program Files\Java\jdk-21\bin;C:\Windows\SYSTEM32;C:\Windows\WinSxS\amd64_microsoft.windows.common-controls_6595b64144ccf1df_6.0.19041.3636_none_60b6a03d71f818d5;C:\Program Files\Java\jdk-21\bin\server

VM Arguments:
jvm_args: -Dfile.encoding=UTF-8 --module-path=C:\Users\asus\Documents\NetBeansProjects\Billing Management System\build\classes 
java_command: newBuyer
java_class_path (initial): C:\Program Files\NetBeans-19\netbeans\java\modules\ext\AbsoluteLayout.jar;C:\Users\asus\Downloads\mysql-connector-j-8.3.0;C:\Users\asus\Documents\NetBeansProjects\Billing Management System\build\classes
Launcher Type: SUN_STANDARD

[Global flags]
     intx CICompilerCount                          = 4                                         {product} {ergonomic}
     uint ConcGCThreads                            = 2                                         {product} {ergonomic}
     uint G1ConcRefinementThreads                  = 8                                         {product} {ergonomic}
   size_t G1HeapRegionSize                         = 1048576                                   {product} {ergonomic}
    uintx GCDrainStackTargetSize                   = 64                                        {product} {ergonomic}
   size_t InitialHeapSize                          = 132120576                                 {product} {ergonomic}
   size_t MarkStackSize                            = 4194304                                   {product} {ergonomic}
   size_t MaxHeapSize                              = 2109734912                                {product} {ergonomic}
   size_t MaxNewSize                               = 1265631232                                {product} {ergonomic}
   size_t MinHeapDeltaBytes                        = 1048576                                   {product} {ergonomic}
   size_t MinHeapSize                              = 8388608                                   {product} {ergonomic}
    uintx NonNMethodCodeHeapSize                   = 5839372                                {pd product} {ergonomic}
    uintx NonProfiledCodeHeapSize                  = 122909434                              {pd product} {ergonomic}
    uintx ProfiledCodeHeapSize                     = 122909434                              {pd product} {ergonomic}
    uintx ReservedCodeCacheSize                    = 251658240                              {pd product} {ergonomic}
     bool SegmentedCodeCache                       = true                                      {product} {ergonomic}
   size_t SoftMaxHeapSize                          = 2109734912                             {manageable} {ergonomic}
     bool UseCompressedOops                        = true                           {product lp64_product} {ergonomic}
     bool UseG1GC                                  = true                                      {product} {ergonomic}
     bool UseLargePagesIndividualAllocation        = false                                  {pd product} {ergonomic}

Logging:
Log output configuration:
 #0: stdout all=warning uptime,level,tags foldmultilines=false
 #1: stderr all=off uptime,level,tags foldmultilines=false

Environment Variables:
PATH=C:\Program Files\Common Files\Oracle\Java\javapath;C:\Windows\system32;C:\Windows;C:\Windows\System32\Wbem;C:\Windows\System32\WindowsPowerShell\v1.0\;C:\Windows\System32\OpenSSH\;C:\Users\asus\AppData\Local\Programs\Python\Python311\Scripts\;C:\Users\asus\AppData\Local\Programs\Python\Python311\;C:\Users\asus\AppData\Local\Microsoft\WindowsApps;;C:\Program Files\JetBrains\IntelliJ IDEA Community Edition 2023.1.1\bin;
USERNAME=asus
OS=Windows_NT
PROCESSOR_IDENTIFIER=Intel64 Family 6 Model 142 Stepping 12, GenuineIntel
TMP=C:\Users\asus\AppData\Local\Temp
TEMP=C:\Users\asus\AppData\Local\Temp




Periodic native trim disabled

---------------  S Y S T E M  ---------------

OS:
 Windows 10 , 64 bit Build 19041 (10.0.19041.3636)
OS uptime: 2 days 4:56 hours

CPU: total 8 (initial active 8) (4 cores per cpu, 2 threads per core) family 6 model 142 stepping 12 microcode 0xca, cx8, cmov, fxsr, ht, mmx, 3dnowpref, sse, sse2, sse3, ssse3, sse4.1, sse4.2, popcnt, lzcnt, tsc, tscinvbit, avx, avx2, aes, erms, clmul, bmi1, bmi2, adx, fma, vzeroupper, clflush, clflushopt, rdtscp, f16c
Processor Information for all 8 processors :
  Max Mhz: 1800, Current Mhz: 1600, Mhz Limit: 1584

Memory: 4k page, system-wide physical 8043M (1954M free)
TotalPageFile size 8043M (AvailPageFile size 5M)
current process WorkingSet (physical memory assigned to process): 41M, peak: 41M
current process commit charge ("private bytes"): 209M, peak: 209M

vm_info: Java HotSpot(TM) 64-Bit Server VM (21.0.1+12-LTS-29) for windows-amd64 JRE (21.0.1+12-LTS-29), built on 2023-10-05T13:27:09Z by "mach5one" with MS VC++ 17.1 (VS2022)

END.
