#
# There is insufficient memory for the Java Runtime Environment to continue.
# Native memory allocation (mmap) failed to map 132120576 bytes for G1 virtual space
# Possible reasons:
#   The system is out of physical RAM or swap space
#   The process is running with CompressedOops enabled, and the Java Heap may be blocking the growth of the native heap
# Possible solutions:
#   Reduce memory load on the system
#   Increase physical memory or swap space
#   Check if swap backing store is full
#   Decrease Java heap size (-Xmx/-Xms)
#   Decrease number of Java threads
#   Decrease Java thread stack sizes (-Xss)
#   Set larger code cache with -XX:ReservedCodeCacheSize=
#   JVM is running with Unscaled Compressed Oops mode in which the Java heap is
#     placed in the first 4GB address space. The Java Heap base address is the
#     maximum limit for the native heap growth. Please use -XX:HeapBaseMinAddress
#     to set the Java Heap base and to place the Java Heap above 4GB virtual address.
# This output file may be truncated or incomplete.
#
#  Out of Memory Error (os_windows.cpp:3600), pid=14156, tid=17020
#
# JRE version:  (21.0.1+12) (build )
# Java VM: Java HotSpot(TM) 64-Bit Server VM (21.0.1+12-LTS-29, mixed mode, sharing, tiered, compressed oops, compressed class ptrs, g1 gc, windows-amd64)
# No core dump will be written. Minidumps are not enabled by default on client versions of Windows
#

---------------  S U M M A R Y ------------

Command Line: -Dfile.encoding=UTF-8 --module-path=C:\Users\asus\Documents\NetBeansProjects\Billing Management System\build\classes login

Host: Intel(R) Core(TM) i5-8265U CPU @ 1.60GHz, 8 cores, 7G,  Windows 10 , 64 bit Build 19041 (10.0.19041.3636)
Time: Fri Feb  9 18:35:14 2024 Bangladesh Standard Time elapsed time: 0.009000 seconds (0d 0h 0m 0s)

---------------  T H R E A D  ---------------

Current thread (0x00000181da4ad580):  JavaThread "Unknown thread" [_thread_in_vm, id=17020, stack(0x00000014baf00000,0x00000014bb000000) (1024K)]

Stack: [0x00000014baf00000,0x00000014bb000000]
Native frames: (J=compiled Java code, j=interpreted, Vv=VM code, C=native code)
V  [jvm.dll+0x6c9029]
V  [jvm.dll+0x854b81]
V  [jvm.dll+0x856e5e]
V  [jvm.dll+0x857543]
V  [jvm.dll+0x280c06]
V  [jvm.dll+0x6c5715]
V  [jvm.dll+0x6ba10a]
V  [jvm.dll+0x3557ea]
V  [jvm.dll+0x35d436]
V  [jvm.dll+0x3ae1be]
V  [jvm.dll+0x3ae468]
V  [jvm.dll+0x3291fc]
V  [jvm.dll+0x329d8b]
V  [jvm.dll+0x81d179]
V  [jvm.dll+0x3bb4f1]
V  [jvm.dll+0x805ae8]
V  [jvm.dll+0x44effe]
V  [jvm.dll+0x450901]
C  [jli.dll+0x52a3]
C  [ucrtbase.dll+0x21bb2]
C  [KERNEL32.DLL+0x17344]
C  [ntdll.dll+0x526b1]


---------------  P R O C E S S  ---------------

Threads class SMR info:
_java_thread_list=0x00007ffc449d9b88, length=0, elements={
}

Java Threads: ( => current thread )
Total: 0

Other Threads:
  0x00000181da601db0 WorkerThread "GC Thread#0"                     [id=13576, stack(0x00000014bb000000,0x00000014bb100000) (1024K)]
  0x00000181da614840 ConcurrentGCThread "G1 Main Marker"            [id=15912, stack(0x00000014bb100000,0x00000014bb200000) (1024K)]
  0x00000181da615a60 WorkerThread "G1 Conc#0"                       [id=15428, stack(0x00000014bb200000,0x00000014bb300000) (1024K)]

[error occurred during error reporting (printing all threads), id 0xc0000005, EXCEPTION_ACCESS_VIOLATION (0xc0000005) at pc=0x00007ffc4414c2c7]
VM state: not at safepoint (not fully initialized)

VM Mutex/Monitor currently owned by a thread:  ([mutex/lock_event])
[0x00007ffc44a4a6f8] Heap_lock - owner thread: 0x00000181da4ad580

Heap address: 0x0000000082400000, size: 2012 MB, Compressed Oops mode: 32-bit

CDS archive(s) mapped at: [0x0000000000000000-0x0000000000000000-0x0000000000000000), size 0, SharedBaseAddress: 0x0000000800000000, ArchiveRelocationMode: 1.
Narrow klass base: 0x0000000000000000, Narrow klass shift: 0, Narrow klass range: 0x0

GC Precious Log:
 CardTable entry size: 512
 Card Set container configuration: InlinePtr #cards 5 size 8 Array Of Cards #cards 12 size 40 Howl #buckets 4 coarsen threshold 1843 Howl Bitmap #cards 512 size 80 coarsen threshold 460 Card regions per heap region 1 cards per card region 2048

Heap:
 garbage-first heap   total 0K, used 0K [0x0000000082400000, 0x0000000100000000)
  region size 1024K, 0 young (0K), 0 survivors (0K)

[error occurred during error reporting (printing heap information), id 0xc0000005, EXCEPTION_ACCESS_VIOLATION (0xc0000005) at pc=0x00007ffc44531be9]
GC Heap History (0 events):
No events

Dll operation events (1 events):
Event: 0.005 Loaded shared library C:\Program Files\Java\jdk-21\bin\java.dll

Deoptimization events (0 events):
No events

Classes loaded (0 events):
No events

Classes unloaded (0 events):
No events

Classes redefined (0 events):
No events

Internal exceptions (0 events):
No events

ZGC Phase Switch (0 events):
No events

VM Operations (0 events):
No events

Events (0 events):
No events


Dynamic libraries:
0x00007ff7d85f0000 - 0x00007ff7d8600000 	C:\Program Files\Java\jdk-21\bin\java.exe
0x00007ffcb24b0000 - 0x00007ffcb26a8000 	C:\Windows\SYSTEM32\ntdll.dll
0x00007ffcb2270000 - 0x00007ffcb232d000 	C:\Windows\System32\KERNEL32.DLL
0x00007ffcafcd0000 - 0x00007ffcaffc6000 	C:\Windows\System32\KERNELBASE.dll
0x00007ffcaffd0000 - 0x00007ffcb00d0000 	C:\Windows\System32\ucrtbase.dll
0x00007ffc7dc10000 - 0x00007ffc7dc2b000 	C:\Program Files\Java\jdk-21\bin\VCRUNTIME140.dll
0x00007ffcaaea0000 - 0x00007ffcaaeb9000 	C:\Program Files\Java\jdk-21\bin\jli.dll
0x00007ffcb1a20000 - 0x00007ffcb1ad3000 	C:\Windows\System32\ADVAPI32.dll
0x00007ffcb14a0000 - 0x00007ffcb153e000 	C:\Windows\System32\msvcrt.dll
0x00007ffcb0940000 - 0x00007ffcb09df000 	C:\Windows\System32\sechost.dll
0x00007ffcb1ae0000 - 0x00007ffcb1c06000 	C:\Windows\System32\RPCRT4.dll
0x00007ffcb00d0000 - 0x00007ffcb00f7000 	C:\Windows\System32\bcrypt.dll
0x00007ffcb0560000 - 0x00007ffcb06fe000 	C:\Windows\System32\USER32.dll
0x00007ffcafca0000 - 0x00007ffcafcc2000 	C:\Windows\System32\win32u.dll
0x00007ffc98090000 - 0x00007ffc9832a000 	C:\Windows\WinSxS\amd64_microsoft.windows.common-controls_6595b64144ccf1df_6.0.19041.3636_none_60b6a03d71f818d5\COMCTL32.dll
0x00007ffcb2120000 - 0x00007ffcb214c000 	C:\Windows\System32\GDI32.dll
0x00007ffcafb80000 - 0x00007ffcafc9a000 	C:\Windows\System32\gdi32full.dll
0x00007ffcb0460000 - 0x00007ffcb04fd000 	C:\Windows\System32\msvcp_win.dll
0x00007ffcaf6e0000 - 0x00007ffcaf6ea000 	C:\Windows\SYSTEM32\VERSION.dll
0x00007ffcb1360000 - 0x00007ffcb1390000 	C:\Windows\System32\IMM32.DLL
0x0000000052dc0000 - 0x0000000052dcc000 	C:\Program Files (x86)\360\Total Security\safemon\SafeWrapper.dll
0x00007ffca8da0000 - 0x00007ffca8dac000 	C:\Program Files\Java\jdk-21\bin\vcruntime140_1.dll
0x00007ffc77350000 - 0x00007ffc773de000 	C:\Program Files\Java\jdk-21\bin\msvcp140.dll
0x00007ffc43e10000 - 0x00007ffc44b25000 	C:\Program Files\Java\jdk-21\bin\server\jvm.dll
0x00007ffcb2400000 - 0x00007ffcb246b000 	C:\Windows\System32\WS2_32.dll
0x00007ffcaf050000 - 0x00007ffcaf09b000 	C:\Windows\SYSTEM32\POWRPROF.dll
0x00007ffc995e0000 - 0x00007ffc99607000 	C:\Windows\SYSTEM32\WINMM.dll
0x00007ffcaef20000 - 0x00007ffcaef32000 	C:\Windows\SYSTEM32\UMPDC.dll
0x00007ffcae350000 - 0x00007ffcae362000 	C:\Windows\SYSTEM32\kernel.appcore.dll
0x00007ffc9a8b0000 - 0x00007ffc9a8ba000 	C:\Program Files\Java\jdk-21\bin\jimage.dll
0x00007ffcae070000 - 0x00007ffcae254000 	C:\Windows\SYSTEM32\DBGHELP.DLL
0x00007ffc93d80000 - 0x00007ffc93db4000 	C:\Windows\SYSTEM32\dbgcore.DLL
0x00007ffcb03d0000 - 0x00007ffcb0452000 	C:\Windows\System32\bcryptPrimitives.dll
0x00007ffc7acc0000 - 0x00007ffc7acdf000 	C:\Program Files\Java\jdk-21\bin\java.dll

dbghelp: loaded successfully - version: 4.0.5 - missing functions: none
symbol engine: initialized successfully - sym options: 0x614 - pdb path: .;C:\Program Files\Java\jdk-21\bin;C:\Windows\SYSTEM32;C:\Windows\WinSxS\amd64_microsoft.windows.common-controls_6595b64144ccf1df_6.0.19041.3636_none_60b6a03d71f818d5;C:\Program Files (x86)\360\Total Security\safemon;C:\Program Files\Java\jdk-21\bin\server

VM Arguments:
jvm_args: -Dfile.encoding=UTF-8 --module-path=C:\Users\asus\Documents\NetBeansProjects\Billing Management System\build\classes 
java_command: login
java_class_path (initial): C:\Program Files\NetBeans-19\netbeans\java\modules\ext\AbsoluteLayout.jar;C:\Users\asus\Documents\NetBeansProjects\Billing Management System\build\classes
Launcher Type: SUN_STANDARD

[Global flags]
     intx CICompilerCount                          = 4                                         {product} {ergonomic}
     uint ConcGCThreads                            = 2                                         {product} {ergonomic}
     uint G1ConcRefinementThreads                  = 8                                         {product} {ergonomic}
   size_t G1HeapRegionSize                         = 1048576                                   {product} {ergonomic}
    uintx GCDrainStackTargetSize                   = 64                                        {product} {ergonomic}
   size_t InitialHeapSize                          = 132120576                                 {product} {ergonomic}
   size_t MarkStackSize                            = 4194304                                   {product} {ergonomic}
   size_t MaxHeapSize                              = 2109734912                                {product} {ergonomic}
   size_t MinHeapDeltaBytes                        = 1048576                                   {product} {ergonomic}
   size_t MinHeapSize                              = 8388608                                   {product} {ergonomic}
    uintx NonNMethodCodeHeapSize                   = 5839372                                {pd product} {ergonomic}
    uintx NonProfiledCodeHeapSize                  = 122909434                              {pd product} {ergonomic}
    uintx ProfiledCodeHeapSize                     = 122909434                              {pd product} {ergonomic}
    uintx ReservedCodeCacheSize                    = 251658240                              {pd product} {ergonomic}
     bool SegmentedCodeCache                       = true                                      {product} {ergonomic}
   size_t SoftMaxHeapSize                          = 2109734912                             {manageable} {ergonomic}
     bool UseCompressedOops                        = true                           {product lp64_product} {ergonomic}
     bool UseG1GC                                  = true                                      {product} {ergonomic}
     bool UseLargePagesIndividualAllocation        = false                                  {pd product} {ergonomic}

Logging:
Log output configuration:
 #0: stdout all=warning uptime,level,tags foldmultilines=false
 #1: stderr all=off uptime,level,tags foldmultilines=false

Environment Variables:
PATH=C:\Program Files\Common Files\Oracle\Java\javapath;C:\Windows\system32;C:\Windows;C:\Windows\System32\Wbem;C:\Windows\System32\WindowsPowerShell\v1.0\;C:\Windows\System32\OpenSSH\;C:\Users\asus\AppData\Local\Programs\Python\Python311\Scripts\;C:\Users\asus\AppData\Local\Programs\Python\Python311\;C:\Users\asus\AppData\Local\Microsoft\WindowsApps;;C:\Program Files\JetBrains\IntelliJ IDEA Community Edition 2023.1.1\bin;
USERNAME=asus
OS=Windows_NT
PROCESSOR_IDENTIFIER=Intel64 Family 6 Model 142 Stepping 12, GenuineIntel
TMP=C:\Users\asus\AppData\Local\Temp
TEMP=C:\Users\asus\AppData\Local\Temp




Periodic native trim disabled

---------------  S Y S T E M  ---------------

OS:
 Windows 10 , 64 bit Build 19041 (10.0.19041.3636)
OS uptime: 1 days 7:07 hours

CPU: total 8 (initial active 8) (4 cores per cpu, 2 threads per core) family 6 model 142 stepping 12 microcode 0xca, cx8, cmov, fxsr, ht, mmx, 3dnowpref, sse, sse2, sse3, ssse3, sse4.1, sse4.2, popcnt, lzcnt, tsc, tscinvbit, avx, avx2, aes, erms, clmul, bmi1, bmi2, adx, fma, vzeroupper, clflush, clflushopt, rdtscp, f16c
Processor Information for all 8 processors :
  Max Mhz: 1800, Current Mhz: 1600, Mhz Limit: 1584

Memory: 4k page, system-wide physical 8043M (1572M free)
TotalPageFile size 8043M (AvailPageFile size 59M)
current process WorkingSet (physical memory assigned to process): 10M, peak: 10M
current process commit charge ("private bytes"): 60M, peak: 186M

vm_info: Java HotSpot(TM) 64-Bit Server VM (21.0.1+12-LTS-29) for windows-amd64 JRE (21.0.1+12-LTS-29), built on 2023-10-05T13:27:09Z by "mach5one" with MS VC++ 17.1 (VS2022)

END.
